#
# There is insufficient memory for the Java Runtime Environment to continue.
# Native memory allocation (malloc) failed to allocate 1864336 bytes. Error detail: Chunk::new
# Possible reasons:
#   The system is out of physical RAM or swap space
#   This process is running with CompressedOops enabled, and the Java Heap may be blocking the growth of the native heap
# Possible solutions:
#   Reduce memory load on the system
#   Increase physical memory or swap space
#   Check if swap backing store is full
#   Decrease Java heap size (-Xmx/-Xms)
#   Decrease number of Java threads
#   Decrease Java thread stack sizes (-Xss)
#   Set larger code cache with -XX:ReservedCodeCacheSize=
#   JVM is running with Unscaled Compressed Oops mode in which the Java heap is
#     placed in the first 4GB address space. The Java Heap base address is the
#     maximum limit for the native heap growth. Please use -XX:HeapBaseMinAddress
#     to set the Java Heap base and to place the Java Heap above 4GB virtual address.
# This output file may be truncated or incomplete.
#
#  Out of Memory Error (arena.cpp:191), pid=16048, tid=18088
#
# JRE version: OpenJDK Runtime Environment Temurin-17.0.13+11 (17.0.13+11) (build 17.0.13+11)
# Java VM: OpenJDK 64-Bit Server VM Temurin-17.0.13+11 (17.0.13+11, mixed mode, tiered, compressed oops, compressed class ptrs, parallel gc, windows-amd64)
# No core dump will be written. Minidumps are not enabled by default on client versions of Windows
#

---------------  S U M M A R Y ------------

Command Line: --add-modules=ALL-SYSTEM --add-opens=java.base/java.util=ALL-UNNAMED --add-opens=java.base/java.lang=ALL-UNNAMED --add-opens=java.base/sun.nio.fs=ALL-UNNAMED -Declipse.application=org.eclipse.jdt.ls.core.id1 -Dosgi.bundles.defaultStartLevel=4 -Declipse.product=org.eclipse.jdt.ls.core.product -Djava.import.generatesMetadataFilesAtProjectRoot=false -DDetectVMInstallationsJob.disabled=true -Dfile.encoding=utf8 -XX:+UseParallelGC -XX:GCTimeRatio=4 -XX:AdaptiveSizePolicyWeight=90 -Dsun.zip.disableMemoryMapping=true -Xmx1G -Xms100m -Xlog:disable -javaagent:c:\Users\maitr\.windsurf\extensions\redhat.java-1.38.0-win32-x64\lombok\lombok-1.18.34.jar -XX:+HeapDumpOnOutOfMemoryError -XX:HeapDumpPath=c:\Users\maitr\AppData\Roaming\Windsurf\User\workspaceStorage\4e80a5746ef655b56c3bb9a55fa8cfa9\redhat.java -Daether.dependencyCollector.impl=bf c:\Users\maitr\.windsurf\extensions\redhat.java-1.38.0-win32-x64\server\plugins\org.eclipse.equinox.launcher_1.6.900.v20240613-2009.jar -configuration c:\Users\maitr\AppData\Roaming\Windsurf\User\globalStorage\redhat.java\1.38.0\config_win -data c:\Users\maitr\AppData\Roaming\Windsurf\User\workspaceStorage\4e80a5746ef655b56c3bb9a55fa8cfa9\redhat.java\jdt_ws --pipe=\\.\pipe\lsp-1cd8aec0c611ca76aafd1bdd704af7e6-sock

Host: AMD Ryzen 5 4600H with Radeon Graphics         , 12 cores, 7G,  Windows 11 , 64 bit Build 26100 (10.0.26100.2454)
Time: Thu Jan  2 16:51:48 2025 SE Asia Standard Time elapsed time: 12.965410 seconds (0d 0h 0m 12s)

---------------  T H R E A D  ---------------

Current thread (0x0000018a850ea240):  JavaThread "C2 CompilerThread0" daemon [_thread_in_native, id=18088, stack(0x0000001442100000,0x0000001442200000)]


Current CompileTask:
C2:  12965 6755 % !   4       org.eclipse.jdt.internal.compiler.classfmt.ClassFileReader::<init> @ 63 (2119 bytes)

Stack: [0x0000001442100000,0x0000001442200000]
Native frames: (J=compiled Java code, j=interpreted, Vv=VM code, C=native code)
V  [jvm.dll+0x682a19]
V  [jvm.dll+0x839538]
V  [jvm.dll+0x83afe3]
V  [jvm.dll+0x83b653]
V  [jvm.dll+0x24704f]
V  [jvm.dll+0xace34]
V  [jvm.dll+0xad4cc]
V  [jvm.dll+0x36592f]
V  [jvm.dll+0x32fbd8]
V  [jvm.dll+0x32f05a]
V  [jvm.dll+0x21804f]
V  [jvm.dll+0x21748f]
V  [jvm.dll+0x1a3070]
V  [jvm.dll+0x22788c]
V  [jvm.dll+0x2259eb]
V  [jvm.dll+0x7eec98]
V  [jvm.dll+0x7e8ffc]
V  [jvm.dll+0x6818f7]
C  [ucrtbase.dll+0x14ea0]
C  [KERNEL32.DLL+0x2e8d7]
C  [ntdll.dll+0xdfbcc]


---------------  P R O C E S S  ---------------

Threads class SMR info:
_java_thread_list=0x0000018a8a907840, length=46, elements={
0x0000018ae804c2b0, 0x0000018afbed4010, 0x0000018ae80fcf10, 0x0000018afbedae30,
0x0000018afbedb800, 0x0000018afbedd680, 0x0000018a850bd7c0, 0x0000018a850ea240,
0x0000018a850ecf20, 0x0000018a850f2770, 0x0000018ae80ae4c0, 0x0000018a868b9040,
0x0000018a871fb6c0, 0x0000018a87036680, 0x0000018a872558d0, 0x0000018a87026b80,
0x0000018a87bbe880, 0x0000018a87bb80a0, 0x0000018a87bb94e0, 0x0000018a87bb7680,
0x0000018a87bb85b0, 0x0000018a87bb8ac0, 0x0000018a87c45870, 0x0000018a87bb99f0,
0x0000018a87bb6240, 0x0000018a88ffa8e0, 0x0000018a8a64ebe0, 0x0000018a8a64f600,
0x0000018a8a64fb10, 0x0000018a8a650530, 0x0000018a8a64f0f0, 0x0000018a8a650020,
0x0000018a88e33eb0, 0x0000018a88e339a0, 0x0000018a88e35800, 0x0000018a88e36730,
0x0000018a88e35d10, 0x0000018a88e36220, 0x0000018a8a135760, 0x0000018a8a134320,
0x0000018a88ffadf0, 0x0000018a8a134d40, 0x0000018a8a135250, 0x0000018a8786b010,
0x0000018a86c5f760, 0x0000018a87bb6750
}

Java Threads: ( => current thread )
  0x0000018ae804c2b0 JavaThread "main" [_thread_blocked, id=34316, stack(0x0000001441800000,0x0000001441900000)]
  0x0000018afbed4010 JavaThread "Reference Handler" daemon [_thread_blocked, id=6420, stack(0x0000001441b00000,0x0000001441c00000)]
  0x0000018ae80fcf10 JavaThread "Finalizer" daemon [_thread_blocked, id=3828, stack(0x0000001441c00000,0x0000001441d00000)]
  0x0000018afbedae30 JavaThread "Signal Dispatcher" daemon [_thread_blocked, id=25456, stack(0x0000001441d00000,0x0000001441e00000)]
  0x0000018afbedb800 JavaThread "Attach Listener" daemon [_thread_blocked, id=36924, stack(0x0000001441e00000,0x0000001441f00000)]
  0x0000018afbedd680 JavaThread "Service Thread" daemon [_thread_blocked, id=7016, stack(0x0000001441f00000,0x0000001442000000)]
  0x0000018a850bd7c0 JavaThread "Monitor Deflation Thread" daemon [_thread_blocked, id=28568, stack(0x0000001442000000,0x0000001442100000)]
=>0x0000018a850ea240 JavaThread "C2 CompilerThread0" daemon [_thread_in_native, id=18088, stack(0x0000001442100000,0x0000001442200000)]
  0x0000018a850ecf20 JavaThread "C1 CompilerThread0" daemon [_thread_blocked, id=23452, stack(0x0000001442200000,0x0000001442300000)]
  0x0000018a850f2770 JavaThread "Sweeper thread" daemon [_thread_blocked, id=4332, stack(0x0000001442300000,0x0000001442400000)]
  0x0000018ae80ae4c0 JavaThread "Common-Cleaner" daemon [_thread_blocked, id=32132, stack(0x0000001442400000,0x0000001442500000)]
  0x0000018a868b9040 JavaThread "Notification Thread" daemon [_thread_blocked, id=19984, stack(0x0000001442600000,0x0000001442700000)]
  0x0000018a871fb6c0 JavaThread "Active Thread: Equinox Container: 248dba72-f7c4-4cae-943d-bc76443e4067" [_thread_blocked, id=38108, stack(0x0000001442e00000,0x0000001442f00000)]
  0x0000018a87036680 JavaThread "Refresh Thread: Equinox Container: 248dba72-f7c4-4cae-943d-bc76443e4067" daemon [_thread_blocked, id=3544, stack(0x0000001442f00000,0x0000001443000000)]
  0x0000018a872558d0 JavaThread "Framework Event Dispatcher: Equinox Container: 248dba72-f7c4-4cae-943d-bc76443e4067" daemon [_thread_blocked, id=12320, stack(0x0000001443000000,0x0000001443100000)]
  0x0000018a87026b80 JavaThread "Start Level: Equinox Container: 248dba72-f7c4-4cae-943d-bc76443e4067" daemon [_thread_blocked, id=11636, stack(0x0000001443100000,0x0000001443200000)]
  0x0000018a87bbe880 JavaThread "Bundle File Closer" daemon [_thread_blocked, id=31548, stack(0x0000001443300000,0x0000001443400000)]
  0x0000018a87bb80a0 JavaThread "SCR Component Actor" daemon [_thread_blocked, id=38896, stack(0x0000001443500000,0x0000001443600000)]
  0x0000018a87bb94e0 JavaThread "Worker-JM" [_thread_blocked, id=39360, stack(0x0000001443700000,0x0000001443800000)]
  0x0000018a87bb7680 JavaThread "JNA Cleaner" daemon [_thread_blocked, id=33332, stack(0x0000001443800000,0x0000001443900000)]
  0x0000018a87bb85b0 JavaThread "Worker-0: Initialize Workspace" [_thread_blocked, id=28476, stack(0x0000001443900000,0x0000001443a00000)]
  0x0000018a87bb8ac0 JavaThread "Worker-1" [_thread_blocked, id=32856, stack(0x0000001443a00000,0x0000001443b00000)]
  0x0000018a87c45870 JavaThread "C2 CompilerThread1" daemon [_thread_in_native, id=5660, stack(0x0000001443b00000,0x0000001443c00000)]
  0x0000018a87bb99f0 JavaThread "Worker-2: Java indexing... " [_thread_blocked, id=28164, stack(0x0000001443c00000,0x0000001443d00000)]
  0x0000018a87bb6240 JavaThread "Java indexing" daemon [_thread_in_vm, id=12192, stack(0x0000001443d00000,0x0000001443e00000)]
  0x0000018a88ffa8e0 JavaThread "Worker-3" [_thread_blocked, id=29912, stack(0x0000001443e00000,0x0000001443f00000)]
  0x0000018a8a64ebe0 JavaThread "Thread-2" daemon [_thread_in_native, id=34740, stack(0x0000001444100000,0x0000001444200000)]
  0x0000018a8a64f600 JavaThread "Thread-3" daemon [_thread_in_native, id=10496, stack(0x0000001444200000,0x0000001444300000)]
  0x0000018a8a64fb10 JavaThread "Thread-4" daemon [_thread_in_native, id=8876, stack(0x0000001444300000,0x0000001444400000)]
  0x0000018a8a650530 JavaThread "Thread-5" daemon [_thread_in_native, id=36004, stack(0x0000001444400000,0x0000001444500000)]
  0x0000018a8a64f0f0 JavaThread "Thread-6" daemon [_thread_in_native, id=40676, stack(0x0000001444500000,0x0000001444600000)]
  0x0000018a8a650020 JavaThread "Thread-7" daemon [_thread_in_native, id=28228, stack(0x0000001444600000,0x0000001444700000)]
  0x0000018a88e33eb0 JavaThread "Thread-8" daemon [_thread_in_native, id=41844, stack(0x0000001444700000,0x0000001444800000)]
  0x0000018a88e339a0 JavaThread "Thread-9" daemon [_thread_in_native, id=22616, stack(0x0000001444800000,0x0000001444900000)]
  0x0000018a88e35800 JavaThread "Thread-10" daemon [_thread_in_native, id=9468, stack(0x0000001444900000,0x0000001444a00000)]
  0x0000018a88e36730 JavaThread "Thread-11" daemon [_thread_in_native, id=12496, stack(0x0000001444a00000,0x0000001444b00000)]
  0x0000018a88e35d10 JavaThread "Thread-12" daemon [_thread_in_native, id=12136, stack(0x0000001444b00000,0x0000001444c00000)]
  0x0000018a88e36220 JavaThread "Thread-13" daemon [_thread_in_native, id=37812, stack(0x0000001444c00000,0x0000001444d00000)]
  0x0000018a8a135760 JavaThread "Thread-14" daemon [_thread_in_native, id=13496, stack(0x0000001444d00000,0x0000001444e00000)]
  0x0000018a8a134320 JavaThread "pool-2-thread-1" [_thread_blocked, id=14356, stack(0x0000001444e00000,0x0000001444f00000)]
  0x0000018a88ffadf0 JavaThread "Worker-4" [_thread_blocked, id=12452, stack(0x0000001444f00000,0x0000001445000000)]
  0x0000018a8a134d40 JavaThread "WorkspaceEventsHandler" [_thread_blocked, id=27100, stack(0x0000001445000000,0x0000001445100000)]
  0x0000018a8a135250 JavaThread "pool-1-thread-1" [_thread_blocked, id=36988, stack(0x0000001445100000,0x0000001445200000)]
  0x0000018a8786b010 JavaThread "Worker-5" [_thread_blocked, id=18868, stack(0x0000001445200000,0x0000001445300000)]
  0x0000018a86c5f760 JavaThread "Worker-6" [_thread_blocked, id=19836, stack(0x0000001445300000,0x0000001445400000)]
  0x0000018a87bb6750 JavaThread "pool-3-thread-1" [_thread_in_native, id=35920, stack(0x0000001445400000,0x0000001445500000)]

Other Threads:
  0x0000018afbec29c0 VMThread "VM Thread" [stack: 0x0000001441a00000,0x0000001441b00000] [id=34516]
  0x0000018a868b9520 WatcherThread [stack: 0x0000001442700000,0x0000001442800000] [id=18704]
  0x0000018ae8061d90 GCTaskThread "GC Thread#0" [stack: 0x0000001441900000,0x0000001441a00000] [id=29828]
  0x0000018a86f5dad0 GCTaskThread "GC Thread#1" [stack: 0x0000001442500000,0x0000001442600000] [id=34756]
  0x0000018a8524e5c0 GCTaskThread "GC Thread#2" [stack: 0x0000001442800000,0x0000001442900000] [id=22868]
  0x0000018a86f78490 GCTaskThread "GC Thread#3" [stack: 0x0000001442900000,0x0000001442a00000] [id=6784]
  0x0000018a86f78750 GCTaskThread "GC Thread#4" [stack: 0x0000001442a00000,0x0000001442b00000] [id=33744]
  0x0000018a86f78a10 GCTaskThread "GC Thread#5" [stack: 0x0000001442b00000,0x0000001442c00000] [id=26296]
  0x0000018a86f18040 GCTaskThread "GC Thread#6" [stack: 0x0000001442c00000,0x0000001442d00000] [id=13732]
  0x0000018a873d5d40 GCTaskThread "GC Thread#7" [stack: 0x0000001443200000,0x0000001443300000] [id=29904]
  0x0000018a87507320 GCTaskThread "GC Thread#8" [stack: 0x0000001443400000,0x0000001443500000] [id=39984]
  0x0000018a873126b0 GCTaskThread "GC Thread#9" [stack: 0x0000001443600000,0x0000001443700000] [id=27244]

Threads with active compile tasks:
C2 CompilerThread0    12994 6755 % !   4       org.eclipse.jdt.internal.compiler.classfmt.ClassFileReader::<init> @ 63 (2119 bytes)
C2 CompilerThread1    12994 6957       4       org.eclipse.jdt.internal.core.search.indexing.BinaryIndexer::extractReferenceFromConstantPool (358 bytes)

VM state: not at safepoint (normal execution)

VM Mutex/Monitor currently owned by a thread: None

Heap address: 0x00000000c0000000, size: 1024 MB, Compressed Oops mode: 32-bit

CDS archive(s) not mapped
Compressed class space mapped at: 0x0000000100000000-0x0000000140000000, reserved size: 1073741824
Narrow klass base: 0x0000000000000000, Narrow klass shift: 3, Narrow klass range: 0x140000000

GC Precious Log:
 CPUs: 12 total, 12 available
 Memory: 7549M
 Large Page Support: Disabled
 NUMA Support: Disabled
 Compressed Oops: Enabled (32-bit)
 Alignments: Space 512K, Generation 512K, Heap 2M
 Heap Min Capacity: 100M
 Heap Initial Capacity: 100M
 Heap Max Capacity: 1G
 Pre-touch: Disabled
 Parallel Workers: 10

Heap:
 PSYoungGen      total 18944K, used 10939K [0x00000000eab00000, 0x00000000ec200000, 0x0000000100000000)
  eden space 15360K, 48% used [0x00000000eab00000,0x00000000eb239ec8,0x00000000eba00000)
  from space 3584K, 98% used [0x00000000eba00000,0x00000000ebd74e30,0x00000000ebd80000)
  to   space 4096K, 0% used [0x00000000ebe00000,0x00000000ebe00000,0x00000000ec200000)
 ParOldGen       total 68608K, used 65008K [0x00000000c0000000, 0x00000000c4300000, 0x00000000eab00000)
  object space 68608K, 94% used [0x00000000c0000000,0x00000000c3f7c3a0,0x00000000c4300000)
 Metaspace       used 55774K, committed 56832K, reserved 1114112K
  class space    used 5962K, committed 6400K, reserved 1048576K

Card table byte_map: [0x0000018ae79e0000,0x0000018ae7bf0000] _byte_map_base: 0x0000018ae73e0000

Marking Bits: (ParMarkBitMap*) 0x00007ffaedda6940
 Begin Bits: [0x0000018af9ce0000, 0x0000018aface0000)
 End Bits:   [0x0000018aface0000, 0x0000018afbce0000)

Polling page: 0x0000018ae7740000

Metaspace:

Usage:
  Non-class:     48.64 MB used.
      Class:      5.82 MB used.
       Both:     54.47 MB used.

Virtual space:
  Non-class space:       64.00 MB reserved,      49.25 MB ( 77%) committed,  1 nodes.
      Class space:        1.00 GB reserved,       6.25 MB ( <1%) committed,  1 nodes.
             Both:        1.06 GB reserved,      55.50 MB (  5%) committed. 

Chunk freelists:
   Non-Class:  14.37 MB
       Class:  9.80 MB
        Both:  24.17 MB

MaxMetaspaceSize: unlimited
CompressedClassSpaceSize: 1.00 GB
Initial GC threshold: 21.00 MB
Current GC threshold: 58.38 MB
CDS: off
MetaspaceReclaimPolicy: balanced
 - commit_granule_bytes: 65536.
 - commit_granule_words: 8192.
 - virtual_space_node_default_size: 8388608.
 - enlarge_chunks_in_place: 1.
 - new_chunks_are_fully_committed: 0.
 - uncommit_free_chunks: 1.
 - use_allocation_guard: 0.
 - handle_deallocations: 1.


Internal statistics:

num_allocs_failed_limit: 6.
num_arena_births: 626.
num_arena_deaths: 38.
num_vsnodes_births: 2.
num_vsnodes_deaths: 0.
num_space_committed: 888.
num_space_uncommitted: 0.
num_chunks_returned_to_freelist: 51.
num_chunks_taken_from_freelist: 2875.
num_chunk_merges: 11.
num_chunk_splits: 1725.
num_chunks_enlarged: 963.
num_inconsistent_stats: 0.

CodeHeap 'non-profiled nmethods': size=120000Kb used=2550Kb max_used=2550Kb free=117449Kb
 bounds [0x0000018af27b0000, 0x0000018af2a50000, 0x0000018af9ce0000]
CodeHeap 'profiled nmethods': size=120000Kb used=12542Kb max_used=12542Kb free=107457Kb
 bounds [0x0000018aeace0000, 0x0000018aeb920000, 0x0000018af2210000]
CodeHeap 'non-nmethods': size=5760Kb used=1317Kb max_used=1380Kb free=4443Kb
 bounds [0x0000018af2210000, 0x0000018af2480000, 0x0000018af27b0000]
 total_blobs=6752 nmethods=6100 adapters=566
 compilation: enabled
              stopped_count=0, restarted_count=0
 full_count=0

Compilation events (20 events):
Event: 11.893 Thread 0x0000018a850ecf20 6989       2       com.google.gson.internal.Primitives::isPrimitive (23 bytes)
Event: 11.894 Thread 0x0000018a850ecf20 nmethod 6989 0x0000018aeb915e90 code [0x0000018aeb916020, 0x0000018aeb9161b8]
Event: 11.908 Thread 0x0000018a850ecf20 6992       3       org.eclipse.jdt.internal.core.search.indexing.BinaryIndexer::extractArgCount (316 bytes)
Event: 11.908 Thread 0x0000018a850ecf20 nmethod 6992 0x0000018aeb916290 code [0x0000018aeb9164e0, 0x0000018aeb916f98]
Event: 11.920 Thread 0x0000018a850ecf20 6993       2       org.eclipse.jdt.internal.core.search.indexing.BinaryIndexer::addPairValue (141 bytes)
Event: 11.921 Thread 0x0000018a850ecf20 nmethod 6993 0x0000018aeb917390 code [0x0000018aeb9175e0, 0x0000018aeb917c28]
Event: 11.926 Thread 0x0000018a850ecf20 6994       2       org.eclipse.jdt.internal.compiler.classfmt.AnnotationInfo::decodeDefaultValue (871 bytes)
Event: 11.928 Thread 0x0000018a850ecf20 nmethod 6994 0x0000018aeb918010 code [0x0000018aeb918440, 0x0000018aeb919b38]
Event: 11.928 Thread 0x0000018a850ecf20 6995       2       org.eclipse.jdt.internal.core.search.indexing.BinaryIndexer::addBinaryStandardAnnotations (238 bytes)
Event: 11.929 Thread 0x0000018a850ecf20 nmethod 6995 0x0000018aeb91aa10 code [0x0000018aeb91ae60, 0x0000018aeb91bc48]
Event: 11.958 Thread 0x0000018a850ecf20 6997       3       org.eclipse.jdt.internal.core.search.indexing.BinaryIndexer::convertToArrayType (63 bytes)
Event: 11.959 Thread 0x0000018a850ecf20 nmethod 6997 0x0000018aeb91ca10 code [0x0000018aeb91cbc0, 0x0000018aeb91cf48]
Event: 11.971 Thread 0x0000018a850ecf20 6998       3       org.eclipse.jdt.core.compiler.CharOperation::concat (123 bytes)
Event: 11.971 Thread 0x0000018a850ecf20 nmethod 6998 0x0000018aeb91d110 code [0x0000018aeb91d320, 0x0000018aeb91d8d8]
Event: 11.981 Thread 0x0000018a850ecf20 7000       3       org.eclipse.jdt.internal.compiler.classfmt.MethodInfo::decodeAnnotations (69 bytes)
Event: 11.982 Thread 0x0000018a850ecf20 nmethod 7000 0x0000018aeb91db10 code [0x0000018aeb91dce0, 0x0000018aeb91e188]
Event: 11.986 Thread 0x0000018a850ecf20 7001       3       org.eclipse.jdt.internal.compiler.classfmt.MethodInfo::decodeMethodAnnotations (177 bytes)
Event: 11.986 Thread 0x0000018a850ecf20 nmethod 7001 0x0000018aeb91e390 code [0x0000018aeb91e5a0, 0x0000018aeb91efa8]
Event: 11.986 Thread 0x0000018a850ecf20 7002       3       org.eclipse.jdt.internal.compiler.classfmt.MethodInfoWithAnnotations::<init> (90 bytes)
Event: 11.986 Thread 0x0000018a850ecf20 nmethod 7002 0x0000018aeb91f310 code [0x0000018aeb91f4c0, 0x0000018aeb91f7d8]

GC Heap History (20 events):
Event: 11.096 GC heap after
{Heap after GC invocations=23 (full 2):
 PSYoungGen      total 25600K, used 3557K [0x00000000eab00000, 0x00000000ecf80000, 0x0000000100000000)
  eden space 22016K, 0% used [0x00000000eab00000,0x00000000eab00000,0x00000000ec080000)
  from space 3584K, 99% used [0x00000000ec180000,0x00000000ec4f9538,0x00000000ec500000)
  to   space 7680K, 0% used [0x00000000ec800000,0x00000000ec800000,0x00000000ecf80000)
 ParOldGen       total 68608K, used 28691K [0x00000000c0000000, 0x00000000c4300000, 0x00000000eab00000)
  object space 68608K, 41% used [0x00000000c0000000,0x00000000c1c04fc0,0x00000000c4300000)
 Metaspace       used 51867K, committed 52864K, reserved 1114112K
  class space    used 5496K, committed 5952K, reserved 1048576K
}
Event: 11.245 GC heap before
{Heap before GC invocations=24 (full 2):
 PSYoungGen      total 25600K, used 25573K [0x00000000eab00000, 0x00000000ecf80000, 0x0000000100000000)
  eden space 22016K, 100% used [0x00000000eab00000,0x00000000ec080000,0x00000000ec080000)
  from space 3584K, 99% used [0x00000000ec180000,0x00000000ec4f9538,0x00000000ec500000)
  to   space 7680K, 0% used [0x00000000ec800000,0x00000000ec800000,0x00000000ecf80000)
 ParOldGen       total 68608K, used 28691K [0x00000000c0000000, 0x00000000c4300000, 0x00000000eab00000)
  object space 68608K, 41% used [0x00000000c0000000,0x00000000c1c04fc0,0x00000000c4300000)
 Metaspace       used 52873K, committed 53824K, reserved 1114112K
  class space    used 5622K, committed 6016K, reserved 1048576K
}
Event: 11.249 GC heap after
{Heap after GC invocations=24 (full 2):
 PSYoungGen      total 25600K, used 3549K [0x00000000eab00000, 0x00000000ecb80000, 0x0000000100000000)
  eden space 22016K, 0% used [0x00000000eab00000,0x00000000eab00000,0x00000000ec080000)
  from space 3584K, 99% used [0x00000000ec800000,0x00000000ecb77440,0x00000000ecb80000)
  to   space 5120K, 0% used [0x00000000ec180000,0x00000000ec180000,0x00000000ec680000)
 ParOldGen       total 68608K, used 31901K [0x00000000c0000000, 0x00000000c4300000, 0x00000000eab00000)
  object space 68608K, 46% used [0x00000000c0000000,0x00000000c1f276b0,0x00000000c4300000)
 Metaspace       used 52873K, committed 53824K, reserved 1114112K
  class space    used 5622K, committed 6016K, reserved 1048576K
}
Event: 11.359 GC heap before
{Heap before GC invocations=25 (full 2):
 PSYoungGen      total 25600K, used 25565K [0x00000000eab00000, 0x00000000ecb80000, 0x0000000100000000)
  eden space 22016K, 100% used [0x00000000eab00000,0x00000000ec080000,0x00000000ec080000)
  from space 3584K, 99% used [0x00000000ec800000,0x00000000ecb77440,0x00000000ecb80000)
  to   space 5120K, 0% used [0x00000000ec180000,0x00000000ec180000,0x00000000ec680000)
 ParOldGen       total 68608K, used 31901K [0x00000000c0000000, 0x00000000c4300000, 0x00000000eab00000)
  object space 68608K, 46% used [0x00000000c0000000,0x00000000c1f276b0,0x00000000c4300000)
 Metaspace       used 53503K, committed 54464K, reserved 1114112K
  class space    used 5681K, committed 6080K, reserved 1048576K
}
Event: 11.363 GC heap after
{Heap after GC invocations=25 (full 2):
 PSYoungGen      total 26624K, used 4400K [0x00000000eab00000, 0x00000000ec980000, 0x0000000100000000)
  eden space 22016K, 0% used [0x00000000eab00000,0x00000000eab00000,0x00000000ec080000)
  from space 4608K, 95% used [0x00000000ec180000,0x00000000ec5cc140,0x00000000ec600000)
  to   space 3584K, 0% used [0x00000000ec600000,0x00000000ec600000,0x00000000ec980000)
 ParOldGen       total 68608K, used 34999K [0x00000000c0000000, 0x00000000c4300000, 0x00000000eab00000)
  object space 68608K, 51% used [0x00000000c0000000,0x00000000c222ddc0,0x00000000c4300000)
 Metaspace       used 53503K, committed 54464K, reserved 1114112K
  class space    used 5681K, committed 6080K, reserved 1048576K
}
Event: 11.497 GC heap before
{Heap before GC invocations=26 (full 2):
 PSYoungGen      total 26624K, used 26416K [0x00000000eab00000, 0x00000000ec980000, 0x0000000100000000)
  eden space 22016K, 100% used [0x00000000eab00000,0x00000000ec080000,0x00000000ec080000)
  from space 4608K, 95% used [0x00000000ec180000,0x00000000ec5cc140,0x00000000ec600000)
  to   space 3584K, 0% used [0x00000000ec600000,0x00000000ec600000,0x00000000ec980000)
 ParOldGen       total 68608K, used 34999K [0x00000000c0000000, 0x00000000c4300000, 0x00000000eab00000)
  object space 68608K, 51% used [0x00000000c0000000,0x00000000c222ddc0,0x00000000c4300000)
 Metaspace       used 54174K, committed 55168K, reserved 1114112K
  class space    used 5772K, committed 6208K, reserved 1048576K
}
Event: 11.502 GC heap after
{Heap after GC invocations=26 (full 2):
 PSYoungGen      total 22016K, used 3575K [0x00000000eab00000, 0x00000000ed280000, 0x0000000100000000)
  eden space 18432K, 0% used [0x00000000eab00000,0x00000000eab00000,0x00000000ebd00000)
  from space 3584K, 99% used [0x00000000ec600000,0x00000000ec97def0,0x00000000ec980000)
  to   space 9216K, 0% used [0x00000000ebd00000,0x00000000ebd00000,0x00000000ec600000)
 ParOldGen       total 68608K, used 39552K [0x00000000c0000000, 0x00000000c4300000, 0x00000000eab00000)
  object space 68608K, 57% used [0x00000000c0000000,0x00000000c26a00b8,0x00000000c4300000)
 Metaspace       used 54174K, committed 55168K, reserved 1114112K
  class space    used 5772K, committed 6208K, reserved 1048576K
}
Event: 11.582 GC heap before
{Heap before GC invocations=27 (full 2):
 PSYoungGen      total 22016K, used 22007K [0x00000000eab00000, 0x00000000ed280000, 0x0000000100000000)
  eden space 18432K, 100% used [0x00000000eab00000,0x00000000ebd00000,0x00000000ebd00000)
  from space 3584K, 99% used [0x00000000ec600000,0x00000000ec97def0,0x00000000ec980000)
  to   space 9216K, 0% used [0x00000000ebd00000,0x00000000ebd00000,0x00000000ec600000)
 ParOldGen       total 68608K, used 39552K [0x00000000c0000000, 0x00000000c4300000, 0x00000000eab00000)
  object space 68608K, 57% used [0x00000000c0000000,0x00000000c26a00b8,0x00000000c4300000)
 Metaspace       used 54604K, committed 55616K, reserved 1114112K
  class space    used 5828K, committed 6272K, reserved 1048576K
}
Event: 11.586 GC heap after
{Heap after GC invocations=27 (full 2):
 PSYoungGen      total 23040K, used 4469K [0x00000000eab00000, 0x00000000ec900000, 0x0000000100000000)
  eden space 18432K, 0% used [0x00000000eab00000,0x00000000eab00000,0x00000000ebd00000)
  from space 4608K, 96% used [0x00000000ebd00000,0x00000000ec15d600,0x00000000ec180000)
  to   space 6144K, 0% used [0x00000000ec300000,0x00000000ec300000,0x00000000ec900000)
 ParOldGen       total 68608K, used 42945K [0x00000000c0000000, 0x00000000c4300000, 0x00000000eab00000)
  object space 68608K, 62% used [0x00000000c0000000,0x00000000c29f0470,0x00000000c4300000)
 Metaspace       used 54604K, committed 55616K, reserved 1114112K
  class space    used 5828K, committed 6272K, reserved 1048576K
}
Event: 11.660 GC heap before
{Heap before GC invocations=28 (full 2):
 PSYoungGen      total 23040K, used 22901K [0x00000000eab00000, 0x00000000ec900000, 0x0000000100000000)
  eden space 18432K, 100% used [0x00000000eab00000,0x00000000ebd00000,0x00000000ebd00000)
  from space 4608K, 96% used [0x00000000ebd00000,0x00000000ec15d600,0x00000000ec180000)
  to   space 6144K, 0% used [0x00000000ec300000,0x00000000ec300000,0x00000000ec900000)
 ParOldGen       total 68608K, used 42945K [0x00000000c0000000, 0x00000000c4300000, 0x00000000eab00000)
  object space 68608K, 62% used [0x00000000c0000000,0x00000000c29f0470,0x00000000c4300000)
 Metaspace       used 54761K, committed 55744K, reserved 1114112K
  class space    used 5843K, committed 6272K, reserved 1048576K
}
Event: 11.665 GC heap after
{Heap after GC invocations=28 (full 2):
 PSYoungGen      total 22528K, used 3948K [0x00000000eab00000, 0x00000000ec700000, 0x0000000100000000)
  eden space 18432K, 0% used [0x00000000eab00000,0x00000000eab00000,0x00000000ebd00000)
  from space 4096K, 96% used [0x00000000ec300000,0x00000000ec6db380,0x00000000ec700000)
  to   space 4608K, 0% used [0x00000000ebe00000,0x00000000ebe00000,0x00000000ec280000)
 ParOldGen       total 68608K, used 47229K [0x00000000c0000000, 0x00000000c4300000, 0x00000000eab00000)
  object space 68608K, 68% used [0x00000000c0000000,0x00000000c2e1f718,0x00000000c4300000)
 Metaspace       used 54761K, committed 55744K, reserved 1114112K
  class space    used 5843K, committed 6272K, reserved 1048576K
}
Event: 11.731 GC heap before
{Heap before GC invocations=29 (full 2):
 PSYoungGen      total 22528K, used 22380K [0x00000000eab00000, 0x00000000ec700000, 0x0000000100000000)
  eden space 18432K, 100% used [0x00000000eab00000,0x00000000ebd00000,0x00000000ebd00000)
  from space 4096K, 96% used [0x00000000ec300000,0x00000000ec6db380,0x00000000ec700000)
  to   space 4608K, 0% used [0x00000000ebe00000,0x00000000ebe00000,0x00000000ec280000)
 ParOldGen       total 68608K, used 47229K [0x00000000c0000000, 0x00000000c4300000, 0x00000000eab00000)
  object space 68608K, 68% used [0x00000000c0000000,0x00000000c2e1f718,0x00000000c4300000)
 Metaspace       used 55434K, committed 56384K, reserved 1114112K
  class space    used 5920K, committed 6336K, reserved 1048576K
}
Event: 11.735 GC heap after
{Heap after GC invocations=29 (full 2):
 PSYoungGen      total 22528K, used 3645K [0x00000000eab00000, 0x00000000ec500000, 0x0000000100000000)
  eden space 18432K, 0% used [0x00000000eab00000,0x00000000eab00000,0x00000000ebd00000)
  from space 4096K, 89% used [0x00000000ebe00000,0x00000000ec18f628,0x00000000ec200000)
  to   space 3072K, 0% used [0x00000000ec200000,0x00000000ec200000,0x00000000ec500000)
 ParOldGen       total 68608K, used 50849K [0x00000000c0000000, 0x00000000c4300000, 0x00000000eab00000)
  object space 68608K, 74% used [0x00000000c0000000,0x00000000c31a8798,0x00000000c4300000)
 Metaspace       used 55434K, committed 56384K, reserved 1114112K
  class space    used 5920K, committed 6336K, reserved 1048576K
}
Event: 11.805 GC heap before
{Heap before GC invocations=30 (full 2):
 PSYoungGen      total 22528K, used 22077K [0x00000000eab00000, 0x00000000ec500000, 0x0000000100000000)
  eden space 18432K, 100% used [0x00000000eab00000,0x00000000ebd00000,0x00000000ebd00000)
  from space 4096K, 89% used [0x00000000ebe00000,0x00000000ec18f628,0x00000000ec200000)
  to   space 3072K, 0% used [0x00000000ec200000,0x00000000ec200000,0x00000000ec500000)
 ParOldGen       total 68608K, used 50849K [0x00000000c0000000, 0x00000000c4300000, 0x00000000eab00000)
  object space 68608K, 74% used [0x00000000c0000000,0x00000000c31a8798,0x00000000c4300000)
 Metaspace       used 55475K, committed 56448K, reserved 1114112K
  class space    used 5924K, committed 6336K, reserved 1048576K
}
Event: 11.810 GC heap after
{Heap after GC invocations=30 (full 2):
 PSYoungGen      total 18432K, used 3056K [0x00000000eab00000, 0x00000000ecd00000, 0x0000000100000000)
  eden space 15360K, 0% used [0x00000000eab00000,0x00000000eab00000,0x00000000eba00000)
  from space 3072K, 99% used [0x00000000ec200000,0x00000000ec4fc140,0x00000000ec500000)
  to   space 8192K, 0% used [0x00000000eba00000,0x00000000eba00000,0x00000000ec200000)
 ParOldGen       total 68608K, used 55107K [0x00000000c0000000, 0x00000000c4300000, 0x00000000eab00000)
  object space 68608K, 80% used [0x00000000c0000000,0x00000000c35d0da8,0x00000000c4300000)
 Metaspace       used 55475K, committed 56448K, reserved 1114112K
  class space    used 5924K, committed 6336K, reserved 1048576K
}
Event: 11.873 GC heap before
{Heap before GC invocations=31 (full 2):
 PSYoungGen      total 18432K, used 18416K [0x00000000eab00000, 0x00000000ecd00000, 0x0000000100000000)
  eden space 15360K, 100% used [0x00000000eab00000,0x00000000eba00000,0x00000000eba00000)
  from space 3072K, 99% used [0x00000000ec200000,0x00000000ec4fc140,0x00000000ec500000)
  to   space 8192K, 0% used [0x00000000eba00000,0x00000000eba00000,0x00000000ec200000)
 ParOldGen       total 68608K, used 55107K [0x00000000c0000000, 0x00000000c4300000, 0x00000000eab00000)
  object space 68608K, 80% used [0x00000000c0000000,0x00000000c35d0da8,0x00000000c4300000)
 Metaspace       used 55683K, committed 56704K, reserved 1114112K
  class space    used 5953K, committed 6400K, reserved 1048576K
}
Event: 11.878 GC heap after
{Heap after GC invocations=31 (full 2):
 PSYoungGen      total 18944K, used 3293K [0x00000000eab00000, 0x00000000ec400000, 0x0000000100000000)
  eden space 15360K, 0% used [0x00000000eab00000,0x00000000eab00000,0x00000000eba00000)
  from space 3584K, 91% used [0x00000000eba00000,0x00000000ebd374c8,0x00000000ebd80000)
  to   space 5120K, 0% used [0x00000000ebf00000,0x00000000ebf00000,0x00000000ec400000)
 ParOldGen       total 68608K, used 58102K [0x00000000c0000000, 0x00000000c4300000, 0x00000000eab00000)
  object space 68608K, 84% used [0x00000000c0000000,0x00000000c38bd8d8,0x00000000c4300000)
 Metaspace       used 55683K, committed 56704K, reserved 1114112K
  class space    used 5953K, committed 6400K, reserved 1048576K
}
Event: 11.948 GC heap before
{Heap before GC invocations=32 (full 2):
 PSYoungGen      total 18944K, used 18653K [0x00000000eab00000, 0x00000000ec400000, 0x0000000100000000)
  eden space 15360K, 100% used [0x00000000eab00000,0x00000000eba00000,0x00000000eba00000)
  from space 3584K, 91% used [0x00000000eba00000,0x00000000ebd374c8,0x00000000ebd80000)
  to   space 5120K, 0% used [0x00000000ebf00000,0x00000000ebf00000,0x00000000ec400000)
 ParOldGen       total 68608K, used 58102K [0x00000000c0000000, 0x00000000c4300000, 0x00000000eab00000)
  object space 68608K, 84% used [0x00000000c0000000,0x00000000c38bd8d8,0x00000000c4300000)
 Metaspace       used 55774K, committed 56832K, reserved 1114112K
  class space    used 5962K, committed 6400K, reserved 1048576K
}
Event: 11.952 GC heap after
{Heap after GC invocations=32 (full 2):
 PSYoungGen      total 19456K, used 4093K [0x00000000eab00000, 0x00000000ec300000, 0x0000000100000000)
  eden space 15360K, 0% used [0x00000000eab00000,0x00000000eab00000,0x00000000eba00000)
  from space 4096K, 99% used [0x00000000ebf00000,0x00000000ec2ff638,0x00000000ec300000)
  to   space 4608K, 0% used [0x00000000eba00000,0x00000000eba00000,0x00000000ebe80000)
 ParOldGen       total 68608K, used 61161K [0x00000000c0000000, 0x00000000c4300000, 0x00000000eab00000)
  object space 68608K, 89% used [0x00000000c0000000,0x00000000c3bba630,0x00000000c4300000)
 Metaspace       used 55774K, committed 56832K, reserved 1114112K
  class space    used 5962K, committed 6400K, reserved 1048576K
}
Event: 11.998 GC heap before
{Heap before GC invocations=33 (full 2):
 PSYoungGen      total 19456K, used 19453K [0x00000000eab00000, 0x00000000ec300000, 0x0000000100000000)
  eden space 15360K, 100% used [0x00000000eab00000,0x00000000eba00000,0x00000000eba00000)
  from space 4096K, 99% used [0x00000000ebf00000,0x00000000ec2ff638,0x00000000ec300000)
  to   space 4608K, 0% used [0x00000000eba00000,0x00000000eba00000,0x00000000ebe80000)
 ParOldGen       total 68608K, used 61161K [0x00000000c0000000, 0x00000000c4300000, 0x00000000eab00000)
  object space 68608K, 89% used [0x00000000c0000000,0x00000000c3bba630,0x00000000c4300000)
 Metaspace       used 55774K, committed 56832K, reserved 1114112K
  class space    used 5962K, committed 6400K, reserved 1048576K
}

Dll operation events (10 events):
Event: 0.017 Loaded shared library c:\Users\maitr\.windsurf\extensions\redhat.java-1.38.0-win32-x64\jre\17.0.13-win32-x86_64\bin\java.dll
Event: 0.128 Loaded shared library c:\Users\maitr\.windsurf\extensions\redhat.java-1.38.0-win32-x64\jre\17.0.13-win32-x86_64\bin\zip.dll
Event: 0.131 Loaded shared library C:\Users\maitr\.windsurf\extensions\redhat.java-1.38.0-win32-x64\jre\17.0.13-win32-x86_64\bin\instrument.dll
Event: 0.140 Loaded shared library C:\Users\maitr\.windsurf\extensions\redhat.java-1.38.0-win32-x64\jre\17.0.13-win32-x86_64\bin\net.dll
Event: 0.143 Loaded shared library C:\Users\maitr\.windsurf\extensions\redhat.java-1.38.0-win32-x64\jre\17.0.13-win32-x86_64\bin\nio.dll
Event: 0.148 Loaded shared library C:\Users\maitr\.windsurf\extensions\redhat.java-1.38.0-win32-x64\jre\17.0.13-win32-x86_64\bin\zip.dll
Event: 0.161 Loaded shared library C:\Users\maitr\.windsurf\extensions\redhat.java-1.38.0-win32-x64\jre\17.0.13-win32-x86_64\bin\jimage.dll
Event: 0.229 Loaded shared library c:\Users\maitr\.windsurf\extensions\redhat.java-1.38.0-win32-x64\jre\17.0.13-win32-x86_64\bin\verify.dll
Event: 1.469 Loaded shared library C:\Users\maitr\AppData\Roaming\Windsurf\User\globalStorage\redhat.java\1.38.0\config_win\org.eclipse.equinox.launcher\org.eclipse.equinox.launcher.win32.win32.x86_64_1.2.1100.v20240722-2106\eclipse_11904.dll
Event: 4.654 Loaded shared library C:\Users\maitr\AppData\Local\Temp\jna-103658131\jna4974246670215262079.dll

Deoptimization events (20 events):
Event: 11.870 Thread 0x0000018a87bb6240 DEOPT PACKING pc=0x0000018aead4846b sp=0x0000001443dfe850
Event: 11.870 Thread 0x0000018a87bb6240 DEOPT UNPACKING pc=0x0000018af2266e43 sp=0x0000001443dfddb8 mode 0
Event: 11.879 Thread 0x0000018a87bb6240 DEOPT PACKING pc=0x0000018aead4846b sp=0x0000001443dfe850
Event: 11.879 Thread 0x0000018a87bb6240 DEOPT UNPACKING pc=0x0000018af2266e43 sp=0x0000001443dfddb8 mode 0
Event: 11.898 Thread 0x0000018a87bb6240 DEOPT PACKING pc=0x0000018aead4846b sp=0x0000001443dfe850
Event: 11.898 Thread 0x0000018a87bb6240 DEOPT UNPACKING pc=0x0000018af2266e43 sp=0x0000001443dfddb8 mode 0
Event: 11.907 Thread 0x0000018a87bb6240 Uncommon trap: trap_request=0xffffff45 fr.pc=0x0000018af285a77c relative=0x000000000000055c
Event: 11.907 Thread 0x0000018a87bb6240 Uncommon trap: reason=unstable_if action=reinterpret pc=0x0000018af285a77c method=org.eclipse.jdt.internal.core.search.indexing.BinaryIndexer.extractArgCount([C[CZ)I @ 247 c2
Event: 11.907 Thread 0x0000018a87bb6240 DEOPT PACKING pc=0x0000018af285a77c sp=0x0000001443dfe800
Event: 11.907 Thread 0x0000018a87bb6240 DEOPT UNPACKING pc=0x0000018af22666a3 sp=0x0000001443dfe758 mode 2
Event: 11.914 Thread 0x0000018a87bb6240 DEOPT PACKING pc=0x0000018aead4846b sp=0x0000001443dfe850
Event: 11.914 Thread 0x0000018a87bb6240 DEOPT UNPACKING pc=0x0000018af2266e43 sp=0x0000001443dfddb8 mode 0
Event: 11.961 Thread 0x0000018a87bb6240 DEOPT PACKING pc=0x0000018aead4846b sp=0x0000001443dfe850
Event: 11.961 Thread 0x0000018a87bb6240 DEOPT UNPACKING pc=0x0000018af2266e43 sp=0x0000001443dfddb8 mode 0
Event: 11.970 Thread 0x0000018a87bb6240 DEOPT PACKING pc=0x0000018aead4846b sp=0x0000001443dfe850
Event: 11.970 Thread 0x0000018a87bb6240 DEOPT UNPACKING pc=0x0000018af2266e43 sp=0x0000001443dfddb8 mode 0
Event: 11.979 Thread 0x0000018a87bb6240 DEOPT PACKING pc=0x0000018aead4846b sp=0x0000001443dfe850
Event: 11.979 Thread 0x0000018a87bb6240 DEOPT UNPACKING pc=0x0000018af2266e43 sp=0x0000001443dfddb8 mode 0
Event: 11.988 Thread 0x0000018a87bb6240 DEOPT PACKING pc=0x0000018aead4846b sp=0x0000001443dfe850
Event: 11.988 Thread 0x0000018a87bb6240 DEOPT UNPACKING pc=0x0000018af2266e43 sp=0x0000001443dfddb8 mode 0

Classes loaded (20 events):
Event: 11.739 Loading class sun/nio/fs/WindowsFileSystem$2
Event: 11.739 Loading class java/nio/file/PathMatcher
Event: 11.739 Loading class java/nio/file/PathMatcher done
Event: 11.739 Loading class sun/nio/fs/WindowsFileSystem$2 done
Event: 11.822 Loading class java/lang/Class$EnclosingMethodInfo
Event: 11.823 Loading class java/lang/Class$EnclosingMethodInfo done
Event: 11.825 Loading class java/lang/ProcessBuilder
Event: 11.826 Loading class java/lang/ProcessBuilder done
Event: 11.826 Loading class java/lang/ProcessImpl
Event: 11.827 Loading class java/lang/ProcessImpl done
Event: 11.839 Loading class java/lang/ProcessImpl$2
Event: 11.839 Loading class java/lang/ProcessImpl$2 done
Event: 11.839 Loading class java/lang/Process$PipeInputStream
Event: 11.839 Loading class java/lang/Process$PipeInputStream done
Event: 11.840 Loading class jdk/internal/event/ProcessStartEvent
Event: 11.840 Loading class jdk/internal/event/ProcessStartEvent done
Event: 11.893 Loading class java/util/concurrent/CompletableFuture$Signaller
Event: 11.894 Loading class java/util/concurrent/CompletableFuture$Signaller done
Event: 11.894 Loading class java/util/concurrent/ForkJoinTask$Aux
Event: 11.894 Loading class java/util/concurrent/ForkJoinTask$Aux done

Classes unloaded (19 events):
Event: 8.788 Thread 0x0000018afbec29c0 Unloading class 0x0000000100387000 'java/lang/invoke/LambdaForm$MH+0x0000000100387000'
Event: 8.788 Thread 0x0000018afbec29c0 Unloading class 0x0000000100386400 'java/lang/invoke/LambdaForm$MH+0x0000000100386400'
Event: 8.788 Thread 0x0000018afbec29c0 Unloading class 0x0000000100385c00 'java/lang/invoke/LambdaForm$DMH+0x0000000100385c00'
Event: 8.788 Thread 0x0000018afbec29c0 Unloading class 0x0000000100385000 'java/lang/invoke/LambdaForm$MH+0x0000000100385000'
Event: 8.788 Thread 0x0000018afbec29c0 Unloading class 0x0000000100384800 'java/lang/invoke/LambdaForm$MH+0x0000000100384800'
Event: 8.788 Thread 0x0000018afbec29c0 Unloading class 0x0000000100380800 'java/lang/invoke/LambdaForm$MH+0x0000000100380800'
Event: 8.788 Thread 0x0000018afbec29c0 Unloading class 0x0000000100380000 'java/lang/invoke/LambdaForm$MH+0x0000000100380000'
Event: 8.788 Thread 0x0000018afbec29c0 Unloading class 0x000000010037bc00 'java/lang/invoke/LambdaForm$MH+0x000000010037bc00'
Event: 8.788 Thread 0x0000018afbec29c0 Unloading class 0x000000010037b000 'java/lang/invoke/LambdaForm$MH+0x000000010037b000'
Event: 8.788 Thread 0x0000018afbec29c0 Unloading class 0x000000010037a400 'java/lang/invoke/LambdaForm$MH+0x000000010037a400'
Event: 8.788 Thread 0x0000018afbec29c0 Unloading class 0x0000000100379c00 'java/lang/invoke/LambdaForm$MH+0x0000000100379c00'
Event: 8.788 Thread 0x0000018afbec29c0 Unloading class 0x0000000100378c00 'java/lang/invoke/LambdaForm$MH+0x0000000100378c00'
Event: 8.788 Thread 0x0000018afbec29c0 Unloading class 0x0000000100260000 'java/lang/invoke/LambdaForm$MH+0x0000000100260000'
Event: 8.788 Thread 0x0000018afbec29c0 Unloading class 0x000000010025fc00 'java/lang/invoke/LambdaForm$MH+0x000000010025fc00'
Event: 8.788 Thread 0x0000018afbec29c0 Unloading class 0x000000010025f800 'java/lang/invoke/LambdaForm$MH+0x000000010025f800'
Event: 8.788 Thread 0x0000018afbec29c0 Unloading class 0x000000010025f400 'java/lang/invoke/LambdaForm$MH+0x000000010025f400'
Event: 8.788 Thread 0x0000018afbec29c0 Unloading class 0x000000010025f000 'java/lang/invoke/LambdaForm$BMH+0x000000010025f000'
Event: 8.788 Thread 0x0000018afbec29c0 Unloading class 0x000000010025ec00 'java/lang/invoke/LambdaForm$DMH+0x000000010025ec00'
Event: 8.788 Thread 0x0000018afbec29c0 Unloading class 0x000000010025c400 'java/lang/invoke/LambdaForm$DMH+0x000000010025c400'

Classes redefined (0 events):
No events

Internal exceptions (20 events):
Event: 11.803 Thread 0x0000018a87bb85b0 Exception <a 'sun/nio/fs/WindowsException'{0x00000000ebc6ee18}> (0x00000000ebc6ee18) 
thrown [s\src\hotspot\share\prims\jni.cpp, line 516]
Event: 11.804 Thread 0x0000018a87bb85b0 Exception <a 'sun/nio/fs/WindowsException'{0x00000000ebc72350}> (0x00000000ebc72350) 
thrown [s\src\hotspot\share\prims\jni.cpp, line 516]
Event: 11.805 Thread 0x0000018a87bb85b0 Exception <a 'sun/nio/fs/WindowsException'{0x00000000ebcfeca0}> (0x00000000ebcfeca0) 
thrown [s\src\hotspot\share\prims\jni.cpp, line 516]
Event: 11.811 Thread 0x0000018a87bb85b0 Exception <a 'sun/nio/fs/WindowsException'{0x00000000eab02e58}> (0x00000000eab02e58) 
thrown [s\src\hotspot\share\prims\jni.cpp, line 516]
Event: 11.812 Thread 0x0000018a87bb85b0 Exception <a 'sun/nio/fs/WindowsException'{0x00000000eab068d0}> (0x00000000eab068d0) 
thrown [s\src\hotspot\share\prims\jni.cpp, line 516]
Event: 11.814 Thread 0x0000018a87bb85b0 Exception <a 'sun/nio/fs/WindowsException'{0x00000000eabc89f8}> (0x00000000eabc89f8) 
thrown [s\src\hotspot\share\prims\jni.cpp, line 516]
Event: 11.816 Thread 0x0000018a87bb85b0 Exception <a 'sun/nio/fs/WindowsException'{0x00000000eabcc4d8}> (0x00000000eabcc4d8) 
thrown [s\src\hotspot\share\prims\jni.cpp, line 516]
Event: 11.817 Thread 0x0000018a87bb85b0 Exception <a 'sun/nio/fs/WindowsException'{0x00000000eac8a820}> (0x00000000eac8a820) 
thrown [s\src\hotspot\share\prims\jni.cpp, line 516]
Event: 11.819 Thread 0x0000018a87bb85b0 Exception <a 'sun/nio/fs/WindowsException'{0x00000000eac8dd58}> (0x00000000eac8dd58) 
thrown [s\src\hotspot\share\prims\jni.cpp, line 516]
Event: 11.820 Thread 0x0000018a87bb85b0 Exception <a 'sun/nio/fs/WindowsException'{0x00000000eaccf6e8}> (0x00000000eaccf6e8) 
thrown [s\src\hotspot\share\prims\jni.cpp, line 516]
Event: 11.837 Thread 0x0000018a87bb85b0 Exception <a 'java/lang/NoSuchMethodError'{0x00000000eaf31400}: 'void java.lang.invoke.DirectMethodHandle$Holder.invokeStatic(java.lang.Object, long)'> (0x00000000eaf31400) 
thrown [s\src\hotspot\share\interpreter\linkResolver.cpp, line 759]
Event: 11.838 Thread 0x0000018a87bb85b0 Exception <a 'java/lang/NoSuchMethodError'{0x00000000eb1ef728}: 'java.lang.Object java.lang.invoke.DirectMethodHandle$Holder.newInvokeSpecial(java.lang.Object, long)'> (0x00000000eb1ef728) 
thrown [s\src\hotspot\share\interpreter\linkResolver.cpp, line 759]
Event: 11.888 Thread 0x0000018a87bb85b0 Exception <a 'sun/nio/fs/WindowsException'{0x00000000ead7faa0}> (0x00000000ead7faa0) 
thrown [s\src\hotspot\share\prims\jni.cpp, line 516]
Event: 11.888 Thread 0x0000018a87bb85b0 Exception <a 'sun/nio/fs/WindowsException'{0x00000000ead80328}> (0x00000000ead80328) 
thrown [s\src\hotspot\share\prims\jni.cpp, line 516]
Event: 11.889 Thread 0x0000018a87bb85b0 Exception <a 'sun/nio/fs/WindowsException'{0x00000000ead82258}> (0x00000000ead82258) 
thrown [s\src\hotspot\share\prims\jni.cpp, line 516]
Event: 11.889 Thread 0x0000018a87bb85b0 Exception <a 'sun/nio/fs/WindowsException'{0x00000000ead828b0}> (0x00000000ead828b0) 
thrown [s\src\hotspot\share\prims\jni.cpp, line 516]
Event: 11.889 Thread 0x0000018a87bb85b0 Exception <a 'sun/nio/fs/WindowsException'{0x00000000ead83478}> (0x00000000ead83478) 
thrown [s\src\hotspot\share\prims\jni.cpp, line 516]
Event: 11.889 Thread 0x0000018a87bb85b0 Exception <a 'sun/nio/fs/WindowsException'{0x00000000ead83b70}> (0x00000000ead83b70) 
thrown [s\src\hotspot\share\prims\jni.cpp, line 516]
Event: 11.890 Thread 0x0000018a87bb85b0 Exception <a 'sun/nio/fs/WindowsException'{0x00000000ead846c8}> (0x00000000ead846c8) 
thrown [s\src\hotspot\share\prims\jni.cpp, line 516]
Event: 11.890 Thread 0x0000018a87bb85b0 Exception <a 'sun/nio/fs/WindowsException'{0x00000000ead84d00}> (0x00000000ead84d00) 
thrown [s\src\hotspot\share\prims\jni.cpp, line 516]

VM Operations (20 events):
Event: 11.363 Executing VM operation: ParallelGCFailedAllocation done
Event: 11.497 Executing VM operation: ParallelGCFailedAllocation
Event: 11.502 Executing VM operation: ParallelGCFailedAllocation done
Event: 11.582 Executing VM operation: ParallelGCFailedAllocation
Event: 11.586 Executing VM operation: ParallelGCFailedAllocation done
Event: 11.660 Executing VM operation: ParallelGCFailedAllocation
Event: 11.665 Executing VM operation: ParallelGCFailedAllocation done
Event: 11.731 Executing VM operation: ParallelGCFailedAllocation
Event: 11.736 Executing VM operation: ParallelGCFailedAllocation done
Event: 11.805 Executing VM operation: ParallelGCFailedAllocation
Event: 11.810 Executing VM operation: ParallelGCFailedAllocation done
Event: 11.840 Executing VM operation: HandshakeAllThreads
Event: 11.840 Executing VM operation: HandshakeAllThreads done
Event: 11.845 Executing VM operation: HandshakeAllThreads
Event: 11.845 Executing VM operation: HandshakeAllThreads done
Event: 11.873 Executing VM operation: ParallelGCFailedAllocation
Event: 11.878 Executing VM operation: ParallelGCFailedAllocation done
Event: 11.948 Executing VM operation: ParallelGCFailedAllocation
Event: 11.952 Executing VM operation: ParallelGCFailedAllocation done
Event: 11.998 Executing VM operation: ParallelGCFailedAllocation

Memory protections (0 events):
No events

Nmethod flushes (20 events):
Event: 10.761 Thread 0x0000018a850f2770 flushing  nmethod 0x0000018aeb691a10
Event: 10.761 Thread 0x0000018a850f2770 flushing  nmethod 0x0000018aeb6e8d90
Event: 10.761 Thread 0x0000018a850f2770 flushing  nmethod 0x0000018aeb6e9810
Event: 10.761 Thread 0x0000018a850f2770 flushing  nmethod 0x0000018aeb6ef690
Event: 10.762 Thread 0x0000018a850f2770 flushing  nmethod 0x0000018aeb765a10
Event: 10.762 Thread 0x0000018a850f2770 flushing  nmethod 0x0000018aeb795890
Event: 10.762 Thread 0x0000018a850f2770 flushing  nmethod 0x0000018aeb7a8f10
Event: 10.762 Thread 0x0000018a850f2770 flushing  nmethod 0x0000018aeb7a9610
Event: 10.762 Thread 0x0000018a850f2770 flushing  nmethod 0x0000018aeb7aa190
Event: 10.762 Thread 0x0000018a850f2770 flushing  nmethod 0x0000018aeb7b0710
Event: 10.762 Thread 0x0000018a850f2770 flushing  nmethod 0x0000018aeb7b1190
Event: 10.762 Thread 0x0000018a850f2770 flushing  nmethod 0x0000018aeb7b1710
Event: 10.763 Thread 0x0000018a850f2770 flushing  nmethod 0x0000018aeb7ef790
Event: 10.763 Thread 0x0000018a850f2770 flushing  nmethod 0x0000018aeb801090
Event: 10.763 Thread 0x0000018a850f2770 flushing  nmethod 0x0000018aeb806c90
Event: 10.763 Thread 0x0000018a850f2770 flushing  nmethod 0x0000018aeb807010
Event: 10.763 Thread 0x0000018a850f2770 flushing  nmethod 0x0000018aeb809f90
Event: 10.763 Thread 0x0000018a850f2770 flushing  nmethod 0x0000018aeb80aa90
Event: 10.763 Thread 0x0000018a850f2770 flushing  nmethod 0x0000018aeb810a90
Event: 10.763 Thread 0x0000018a850f2770 flushing  nmethod 0x0000018aeb868510

Events (20 events):
Event: 9.589 Thread 0x0000018ae804c2b0 Thread added: 0x0000018a8a64ebe0
Event: 9.590 Thread 0x0000018ae804c2b0 Thread added: 0x0000018a8a64f600
Event: 9.590 Thread 0x0000018ae804c2b0 Thread added: 0x0000018a8a64fb10
Event: 9.590 Thread 0x0000018ae804c2b0 Thread added: 0x0000018a8a650530
Event: 9.590 Thread 0x0000018ae804c2b0 Thread added: 0x0000018a8a64f0f0
Event: 9.590 Thread 0x0000018ae804c2b0 Thread added: 0x0000018a8a650020
Event: 9.590 Thread 0x0000018ae804c2b0 Thread added: 0x0000018a88e33eb0
Event: 9.591 Thread 0x0000018ae804c2b0 Thread added: 0x0000018a88e339a0
Event: 9.591 Thread 0x0000018ae804c2b0 Thread added: 0x0000018a88e35800
Event: 9.591 Thread 0x0000018ae804c2b0 Thread added: 0x0000018a88e36730
Event: 9.591 Thread 0x0000018ae804c2b0 Thread added: 0x0000018a88e35d10
Event: 9.591 Thread 0x0000018ae804c2b0 Thread added: 0x0000018a88e36220
Event: 9.591 Thread 0x0000018ae804c2b0 Thread added: 0x0000018a8a135760
Event: 9.688 Thread 0x0000018ae804c2b0 Thread added: 0x0000018a8a134320
Event: 9.965 Thread 0x0000018a87bb99f0 Thread added: 0x0000018a88ffadf0
Event: 10.073 Thread 0x0000018ae804c2b0 Thread added: 0x0000018a8a134d40
Event: 10.074 Thread 0x0000018ae804c2b0 Thread added: 0x0000018a8a135250
Event: 10.170 Thread 0x0000018a88ffadf0 Thread added: 0x0000018a8786b010
Event: 10.172 Thread 0x0000018a8786b010 Thread added: 0x0000018a86c5f760
Event: 11.881 Thread 0x0000018a87bb85b0 Thread added: 0x0000018a87bb6750


Dynamic libraries:
0x00007ff61fe10000 - 0x00007ff61fe1e000 	c:\Users\maitr\.windsurf\extensions\redhat.java-1.38.0-win32-x64\jre\17.0.13-win32-x86_64\bin\java.exe
0x00007ffb7da80000 - 0x00007ffb7dce3000 	C:\WINDOWS\SYSTEM32\ntdll.dll
0x00007ffb7cef0000 - 0x00007ffb7cfb8000 	C:\WINDOWS\System32\KERNEL32.DLL
0x00007ffb7b080000 - 0x00007ffb7b432000 	C:\WINDOWS\System32\KERNELBASE.dll
0x00007ffb7b790000 - 0x00007ffb7b8db000 	C:\WINDOWS\System32\ucrtbase.dll
0x00007ffb65710000 - 0x00007ffb6572e000 	c:\Users\maitr\.windsurf\extensions\redhat.java-1.38.0-win32-x64\jre\17.0.13-win32-x86_64\bin\VCRUNTIME140.dll
0x00007ffb65610000 - 0x00007ffb65627000 	c:\Users\maitr\.windsurf\extensions\redhat.java-1.38.0-win32-x64\jre\17.0.13-win32-x86_64\bin\jli.dll
0x00007ffb7ba60000 - 0x00007ffb7bc28000 	C:\WINDOWS\System32\USER32.dll
0x00007ffb7b610000 - 0x00007ffb7b637000 	C:\WINDOWS\System32\win32u.dll
0x00007ffb7d4d0000 - 0x00007ffb7d4fa000 	C:\WINDOWS\System32\GDI32.dll
0x00007ffb6ad40000 - 0x00007ffb6afd0000 	C:\WINDOWS\WinSxS\amd64_microsoft.windows.common-controls_6595b64144ccf1df_6.0.26100.2454_none_3e0b68a2e331ad60\COMCTL32.dll
0x00007ffb7b4e0000 - 0x00007ffb7b60b000 	C:\WINDOWS\System32\gdi32full.dll
0x00007ffb7afd0000 - 0x00007ffb7b073000 	C:\WINDOWS\System32\msvcp_win.dll
0x00007ffb7d990000 - 0x00007ffb7da39000 	C:\WINDOWS\System32\msvcrt.dll
0x00007ffb7b8e0000 - 0x00007ffb7b90f000 	C:\WINDOWS\System32\IMM32.DLL
0x00007ffb75db0000 - 0x00007ffb75dbc000 	c:\Users\maitr\.windsurf\extensions\redhat.java-1.38.0-win32-x64\jre\17.0.13-win32-x86_64\bin\vcruntime140_1.dll
0x00007ffb290f0000 - 0x00007ffb2917d000 	c:\Users\maitr\.windsurf\extensions\redhat.java-1.38.0-win32-x64\jre\17.0.13-win32-x86_64\bin\msvcp140.dll
0x00007ffaed200000 - 0x00007ffaede6b000 	c:\Users\maitr\.windsurf\extensions\redhat.java-1.38.0-win32-x64\jre\17.0.13-win32-x86_64\bin\server\jvm.dll
0x00007ffb7d0e0000 - 0x00007ffb7d194000 	C:\WINDOWS\System32\ADVAPI32.dll
0x00007ffb7d340000 - 0x00007ffb7d3e6000 	C:\WINDOWS\System32\sechost.dll
0x00007ffb7c7d0000 - 0x00007ffb7c8e6000 	C:\WINDOWS\System32\RPCRT4.dll
0x00007ffb7c8f0000 - 0x00007ffb7c964000 	C:\WINDOWS\System32\WS2_32.dll
0x00007ffb714a0000 - 0x00007ffb714d6000 	C:\WINDOWS\SYSTEM32\WINMM.dll
0x00007ffb79b20000 - 0x00007ffb79b6e000 	C:\WINDOWS\SYSTEM32\POWRPROF.dll
0x00007ffb72440000 - 0x00007ffb7244b000 	C:\WINDOWS\SYSTEM32\VERSION.dll
0x00007ffb79b00000 - 0x00007ffb79b14000 	C:\WINDOWS\SYSTEM32\UMPDC.dll
0x00007ffb79da0000 - 0x00007ffb79dba000 	C:\WINDOWS\SYSTEM32\kernel.appcore.dll
0x00007ffb69780000 - 0x00007ffb6978a000 	c:\Users\maitr\.windsurf\extensions\redhat.java-1.38.0-win32-x64\jre\17.0.13-win32-x86_64\bin\jimage.dll
0x00007ffb78940000 - 0x00007ffb78b81000 	C:\WINDOWS\SYSTEM32\DBGHELP.DLL
0x00007ffb7cb10000 - 0x00007ffb7ce8e000 	C:\WINDOWS\System32\combase.dll
0x00007ffb7d3f0000 - 0x00007ffb7d4c6000 	C:\WINDOWS\System32\OLEAUT32.dll
0x00007ffb62f20000 - 0x00007ffb62f59000 	C:\WINDOWS\SYSTEM32\dbgcore.DLL
0x00007ffb7b440000 - 0x00007ffb7b4d9000 	C:\WINDOWS\System32\bcryptPrimitives.dll
0x00007ffb684a0000 - 0x00007ffb684ae000 	c:\Users\maitr\.windsurf\extensions\redhat.java-1.38.0-win32-x64\jre\17.0.13-win32-x86_64\bin\instrument.dll
0x00007ffb655e0000 - 0x00007ffb65605000 	c:\Users\maitr\.windsurf\extensions\redhat.java-1.38.0-win32-x64\jre\17.0.13-win32-x86_64\bin\java.dll
0x00007ffb4d3c0000 - 0x00007ffb4d3d8000 	c:\Users\maitr\.windsurf\extensions\redhat.java-1.38.0-win32-x64\jre\17.0.13-win32-x86_64\bin\zip.dll
0x00007ffb7c0c0000 - 0x00007ffb7c7c0000 	C:\WINDOWS\System32\SHELL32.dll
0x00007ffb78bc0000 - 0x00007ffb793f1000 	C:\WINDOWS\SYSTEM32\windows.storage.dll
0x00007ffb7d500000 - 0x00007ffb7d5da000 	C:\WINDOWS\System32\SHCORE.dll
0x00007ffb7d1a0000 - 0x00007ffb7d1fd000 	C:\WINDOWS\System32\shlwapi.dll
0x00007ffb7ad60000 - 0x00007ffb7ad8e000 	C:\WINDOWS\SYSTEM32\profapi.dll
0x00007ffb4d180000 - 0x00007ffb4d199000 	C:\Users\maitr\.windsurf\extensions\redhat.java-1.38.0-win32-x64\jre\17.0.13-win32-x86_64\bin\net.dll
0x00007ffb75800000 - 0x00007ffb75926000 	C:\WINDOWS\SYSTEM32\WINHTTP.dll
0x00007ffb7a2a0000 - 0x00007ffb7a308000 	C:\WINDOWS\system32\mswsock.dll
0x00007ffb4cfc0000 - 0x00007ffb4cfd6000 	C:\Users\maitr\.windsurf\extensions\redhat.java-1.38.0-win32-x64\jre\17.0.13-win32-x86_64\bin\nio.dll
0x00007ffb67e10000 - 0x00007ffb67e20000 	c:\Users\maitr\.windsurf\extensions\redhat.java-1.38.0-win32-x64\jre\17.0.13-win32-x86_64\bin\verify.dll
0x00007ffb43ce0000 - 0x00007ffb43d25000 	C:\Users\maitr\AppData\Roaming\Windsurf\User\globalStorage\redhat.java\1.38.0\config_win\org.eclipse.equinox.launcher\org.eclipse.equinox.launcher.win32.win32.x86_64_1.2.1100.v20240722-2106\eclipse_11904.dll
0x00007ffb7c970000 - 0x00007ffb7cb09000 	C:\WINDOWS\System32\ole32.dll
0x00007ffb7a550000 - 0x00007ffb7a56c000 	C:\WINDOWS\SYSTEM32\CRYPTSP.dll
0x00007ffb79d00000 - 0x00007ffb79d38000 	C:\WINDOWS\system32\rsaenh.dll
0x00007ffb7a340000 - 0x00007ffb7a36b000 	C:\WINDOWS\SYSTEM32\USERENV.dll
0x00007ffb7a780000 - 0x00007ffb7a7a6000 	C:\WINDOWS\SYSTEM32\bcrypt.dll
0x00007ffb7a540000 - 0x00007ffb7a54c000 	C:\WINDOWS\SYSTEM32\CRYPTBASE.dll
0x00007ffb797b0000 - 0x00007ffb797e2000 	C:\WINDOWS\SYSTEM32\IPHLPAPI.DLL
0x00007ffb7ba50000 - 0x00007ffb7ba5a000 	C:\WINDOWS\System32\NSI.dll
0x00007ffb754d0000 - 0x00007ffb754ee000 	C:\WINDOWS\SYSTEM32\dhcpcsvc6.DLL
0x00007ffb75940000 - 0x00007ffb75965000 	C:\WINDOWS\SYSTEM32\dhcpcsvc.DLL
0x00007ffb79850000 - 0x00007ffb79975000 	C:\WINDOWS\SYSTEM32\DNSAPI.dll
0x00007ffb3fbc0000 - 0x00007ffb3fc09000 	C:\Users\maitr\AppData\Local\Temp\jna-103658131\jna4974246670215262079.dll
0x00007ffb7cfc0000 - 0x00007ffb7cfc8000 	C:\WINDOWS\System32\PSAPI.DLL

dbghelp: loaded successfully - version: 4.0.5 - missing functions: none
symbol engine: initialized successfully - sym options: 0x614 - pdb path: .;c:\Users\maitr\.windsurf\extensions\redhat.java-1.38.0-win32-x64\jre\17.0.13-win32-x86_64\bin;C:\WINDOWS\SYSTEM32;C:\WINDOWS\WinSxS\amd64_microsoft.windows.common-controls_6595b64144ccf1df_6.0.26100.2454_none_3e0b68a2e331ad60;c:\Users\maitr\.windsurf\extensions\redhat.java-1.38.0-win32-x64\jre\17.0.13-win32-x86_64\bin\server;C:\Users\maitr\AppData\Roaming\Windsurf\User\globalStorage\redhat.java\1.38.0\config_win\org.eclipse.equinox.launcher\org.eclipse.equinox.launcher.win32.win32.x86_64_1.2.1100.v20240722-2106;C:\Users\maitr\AppData\Local\Temp\jna-103658131

VM Arguments:
jvm_args: --add-modules=ALL-SYSTEM --add-opens=java.base/java.util=ALL-UNNAMED --add-opens=java.base/java.lang=ALL-UNNAMED --add-opens=java.base/sun.nio.fs=ALL-UNNAMED -Declipse.application=org.eclipse.jdt.ls.core.id1 -Dosgi.bundles.defaultStartLevel=4 -Declipse.product=org.eclipse.jdt.ls.core.product -Djava.import.generatesMetadataFilesAtProjectRoot=false -DDetectVMInstallationsJob.disabled=true -Dfile.encoding=utf8 -XX:+UseParallelGC -XX:GCTimeRatio=4 -XX:AdaptiveSizePolicyWeight=90 -Dsun.zip.disableMemoryMapping=true -Xmx1G -Xms100m -Xlog:disable -javaagent:c:\Users\maitr\.windsurf\extensions\redhat.java-1.38.0-win32-x64\lombok\lombok-1.18.34.jar -XX:+HeapDumpOnOutOfMemoryError -XX:HeapDumpPath=c:\Users\maitr\AppData\Roaming\Windsurf\User\workspaceStorage\4e80a5746ef655b56c3bb9a55fa8cfa9\redhat.java -Daether.dependencyCollector.impl=bf 
java_command: c:\Users\maitr\.windsurf\extensions\redhat.java-1.38.0-win32-x64\server\plugins\org.eclipse.equinox.launcher_1.6.900.v20240613-2009.jar -configuration c:\Users\maitr\AppData\Roaming\Windsurf\User\globalStorage\redhat.java\1.38.0\config_win -data c:\Users\maitr\AppData\Roaming\Windsurf\User\workspaceStorage\4e80a5746ef655b56c3bb9a55fa8cfa9\redhat.java\jdt_ws --pipe=\\.\pipe\lsp-1cd8aec0c611ca76aafd1bdd704af7e6-sock
java_class_path (initial): c:\Users\maitr\.windsurf\extensions\redhat.java-1.38.0-win32-x64\server\plugins\org.eclipse.equinox.launcher_1.6.900.v20240613-2009.jar
Launcher Type: SUN_STANDARD

[Global flags]
    uintx AdaptiveSizePolicyWeight                 = 90                                        {product} {command line}
     intx CICompilerCount                          = 4                                         {product} {ergonomic}
    uintx GCTimeRatio                              = 4                                         {product} {command line}
     bool HeapDumpOnOutOfMemoryError               = true                                   {manageable} {command line}
    ccstr HeapDumpPath                             = c:\Users\maitr\AppData\Roaming\Windsurf\User\workspaceStorage\4e80a5746ef655b56c3bb9a55fa8cfa9\redhat.java         {manageable} {command line}
   size_t InitialHeapSize                          = 104857600                                 {product} {command line}
   size_t MaxHeapSize                              = 1073741824                                {product} {command line}
   size_t MaxNewSize                               = 357564416                                 {product} {ergonomic}
   size_t MinHeapDeltaBytes                        = 524288                                    {product} {ergonomic}
   size_t MinHeapSize                              = 104857600                                 {product} {command line}
   size_t NewSize                                  = 34603008                                  {product} {ergonomic}
    uintx NonNMethodCodeHeapSize                   = 5839372                                {pd product} {ergonomic}
    uintx NonProfiledCodeHeapSize                  = 122909434                              {pd product} {ergonomic}
   size_t OldSize                                  = 70254592                                  {product} {ergonomic}
    uintx ProfiledCodeHeapSize                     = 122909434                              {pd product} {ergonomic}
    uintx ReservedCodeCacheSize                    = 251658240                              {pd product} {ergonomic}
     bool SegmentedCodeCache                       = true                                      {product} {ergonomic}
   size_t SoftMaxHeapSize                          = 1073741824                             {manageable} {ergonomic}
     bool UseCompressedClassPointers               = true                           {product lp64_product} {ergonomic}
     bool UseCompressedOops                        = true                           {product lp64_product} {ergonomic}
     bool UseLargePagesIndividualAllocation        = false                                  {pd product} {ergonomic}
     bool UseParallelGC                            = true                                      {product} {command line}

Logging:
Log output configuration:
 #0: stdout all=off uptime,level,tags
 #1: stderr all=off uptime,level,tags

Environment Variables:
PATH=C:\Program Files\Common Files\Oracle\Java\javapath;C:\Program Files (x86)\Common Files\Oracle\Java\javapath;C:\Program Files\Microsoft\jdk-11.0.16.101-hotspot\bin;C:\Windows\system32;C:\Windows;C:\Windows\System32\Wbem;C:\Windows\System32\WindowsPowerShell\v1.0\;C:\Windows\System32\OpenSSH\;C:\Program Files (x86)\NVIDIA Corporation\PhysX\Common;C:\Program Files\NVIDIA Corporation\NVIDIA NvDLISR;C:\WINDOWS\system32;C:\WINDOWS;C:\WINDOWS\System32\Wbem;C:\WINDOWS\System32\WindowsPowerShell\v1.0\;C:\WINDOWS\System32\OpenSSH\;C:\Program Files\Microsoft SQL Server\150\Tools\Binn\;C:\Program Files\Microsoft SQL Server\Client SDK\ODBC\170\Tools\Binn\;C:\Program Files\dotnet\;C:\Program Files\Microsoft SQL Server\120\Tools\Binn\;C:\Program Files\Microsoft SQL Server\Client SDK\ODBC\110\Tools\Binn\;C:\Program Files (x86)\Microsoft SQL Server\120\Tools\Binn\;C:\Program Files\Microsoft SQL Server\120\DTS\Binn\;C:\Program Files (x86)\Microsoft SQL Server\120\Tools\Binn\ManagementStudio\;C:\Program Files (x86)\Microsoft SQL Server\120\DTS\Binn\;C:\Program Files\Git\cmd;C:\Program Files\Cloudflare\Cloudflare WARP\;C:\Program Files\MySQL\MySQL Shell 8.0\bin\;C:\Users\maitr\AppData\Local\Microsoft\WindowsApps;C:\Users\maitr\AppData\Local\Programs\Microsoft VS Code\bin;C:\Users\maitr\.dotnet\tools;C:\Users\maitr\AppData\Local\GitHubDesktop\bin;C:\Program Files\JetBrains\IntelliJ IDEA 2024.2.4\bin;;C:\Users\maitr\AppData\Local\Programs\Windsurf\bin
USERNAME=maitr
OS=Windows_NT
PROCESSOR_IDENTIFIER=AMD64 Family 23 Model 96 Stepping 1, AuthenticAMD
TMP=C:\Users\maitr\AppData\Local\Temp
TEMP=C:\Users\maitr\AppData\Local\Temp



Periodic native trim disabled


---------------  S Y S T E M  ---------------

OS:
 Windows 11 , 64 bit Build 26100 (10.0.26100.2454)
OS uptime: 13 days 3:02 hours

CPU: total 12 (initial active 12) (12 cores per cpu, 2 threads per core) family 23 model 96 stepping 1 microcode 0x8600103, cx8, cmov, fxsr, ht, mmx, 3dnowpref, sse, sse2, sse3, ssse3, sse4a, sse4.1, sse4.2, popcnt, lzcnt, tsc, tscinvbit, avx, avx2, aes, clmul, bmi1, bmi2, adx, sha, fma, vzeroupper, clflush, clflushopt
Processor Information for all 12 processors :
  Max Mhz: 3000, Current Mhz: 3000, Mhz Limit: 3000

Memory: 4k page, system-wide physical 7549M (457M free)
TotalPageFile size 31101M (AvailPageFile size 11M)
current process WorkingSet (physical memory assigned to process): 264M, peak: 274M
current process commit charge ("private bytes"): 300M, peak: 323M

vm_info: OpenJDK 64-Bit Server VM (17.0.13+11) for windows-amd64 JRE (17.0.13+11), built on Oct 16 2024 00:10:08 by "admin" with MS VC++ 17.7 (VS2022)

END.
