#
# There is insufficient memory for the Java Runtime Environment to continue.
# Native memory allocation (malloc) failed to allocate 1433936 bytes. Error detail: Chunk::new
# Possible reasons:
#   The system is out of physical RAM or swap space
#   This process is running with CompressedOops enabled, and the Java Heap may be blocking the growth of the native heap
# Possible solutions:
#   Reduce memory load on the system
#   Increase physical memory or swap space
#   Check if swap backing store is full
#   Decrease Java heap size (-Xmx/-Xms)
#   Decrease number of Java threads
#   Decrease Java thread stack sizes (-Xss)
#   Set larger code cache with -XX:ReservedCodeCacheSize=
#   JVM is running with Unscaled Compressed Oops mode in which the Java heap is
#     placed in the first 4GB address space. The Java Heap base address is the
#     maximum limit for the native heap growth. Please use -XX:HeapBaseMinAddress
#     to set the Java Heap base and to place the Java Heap above 4GB virtual address.
# This output file may be truncated or incomplete.
#
#  Out of Memory Error (arena.cpp:191), pid=38864, tid=39516
#
# JRE version: OpenJDK Runtime Environment Temurin-17.0.13+11 (17.0.13+11) (build 17.0.13+11)
# Java VM: OpenJDK 64-Bit Server VM Temurin-17.0.13+11 (17.0.13+11, mixed mode, tiered, compressed oops, compressed class ptrs, parallel gc, windows-amd64)
# No core dump will be written. Minidumps are not enabled by default on client versions of Windows
#

---------------  S U M M A R Y ------------

Command Line: --add-modules=ALL-SYSTEM --add-opens=java.base/java.util=ALL-UNNAMED --add-opens=java.base/java.lang=ALL-UNNAMED --add-opens=java.base/sun.nio.fs=ALL-UNNAMED -Declipse.application=org.eclipse.jdt.ls.core.id1 -Dosgi.bundles.defaultStartLevel=4 -Declipse.product=org.eclipse.jdt.ls.core.product -Djava.import.generatesMetadataFilesAtProjectRoot=false -DDetectVMInstallationsJob.disabled=true -Dfile.encoding=utf8 -XX:+UseParallelGC -XX:GCTimeRatio=4 -XX:AdaptiveSizePolicyWeight=90 -Dsun.zip.disableMemoryMapping=true -Xmx1G -Xms100m -Xlog:disable -javaagent:c:\Users\maitr\.windsurf\extensions\redhat.java-1.38.0-win32-x64\lombok\lombok-1.18.34.jar -XX:+HeapDumpOnOutOfMemoryError -XX:HeapDumpPath=c:\Users\maitr\AppData\Roaming\Windsurf\User\workspaceStorage\4e80a5746ef655b56c3bb9a55fa8cfa9\redhat.java -Daether.dependencyCollector.impl=bf c:\Users\maitr\.windsurf\extensions\redhat.java-1.38.0-win32-x64\server\plugins\org.eclipse.equinox.launcher_1.6.900.v20240613-2009.jar -configuration c:\Users\maitr\AppData\Roaming\Windsurf\User\globalStorage\redhat.java\1.38.0\config_win -data c:\Users\maitr\AppData\Roaming\Windsurf\User\workspaceStorage\4e80a5746ef655b56c3bb9a55fa8cfa9\redhat.java\jdt_ws --pipe=\\.\pipe\lsp-69e55a44c9efb1df4b92f9240e1f81fc-sock

Host: AMD Ryzen 5 4600H with Radeon Graphics         , 12 cores, 7G,  Windows 11 , 64 bit Build 26100 (10.0.26100.2454)
Time: Thu Jan  2 16:51:35 2025 SE Asia Standard Time elapsed time: 9.869952 seconds (0d 0h 0m 9s)

---------------  T H R E A D  ---------------

Current thread (0x00000195f6cbc030):  JavaThread "C2 CompilerThread2" daemon [_thread_in_native, id=39516, stack(0x00000044b0600000,0x00000044b0700000)]


Current CompileTask:
C2:   9870 7033   !   4       org.eclipse.jdt.internal.compiler.classfmt.ClassFileReader::<init> (2119 bytes)

Stack: [0x00000044b0600000,0x00000044b0700000]
Native frames: (J=compiled Java code, j=interpreted, Vv=VM code, C=native code)
V  [jvm.dll+0x682a19]
V  [jvm.dll+0x839538]
V  [jvm.dll+0x83afe3]
V  [jvm.dll+0x83b653]
V  [jvm.dll+0x24704f]
V  [jvm.dll+0xace34]
V  [jvm.dll+0xad4cc]
V  [jvm.dll+0x2ac84f]
V  [jvm.dll+0x588a79]
V  [jvm.dll+0x220ea2]
V  [jvm.dll+0x22129f]
V  [jvm.dll+0x21a2b0]
V  [jvm.dll+0x21738b]
V  [jvm.dll+0x1a3070]
V  [jvm.dll+0x22788c]
V  [jvm.dll+0x2259eb]
V  [jvm.dll+0x7eec98]
V  [jvm.dll+0x7e8ffc]
V  [jvm.dll+0x6818f7]
C  [ucrtbase.dll+0x14ea0]
C  [KERNEL32.DLL+0x2e8d7]
C  [ntdll.dll+0xdfbcc]


---------------  P R O C E S S  ---------------

Threads class SMR info:
_java_thread_list=0x00000195faa62600, length=49, elements={
0x00000195da5bd840, 0x00000195eec34010, 0x00000195da66cf50, 0x00000195eec3ce40,
0x00000195eec3d710, 0x00000195f3d6e7c0, 0x00000195f3d6f810, 0x00000195f3d74a40,
0x00000195f3d7b0b0, 0x00000195f3d7ccd0, 0x00000195da620e60, 0x00000195f40be930,
0x00000195f5f3fab0, 0x00000195f5e86270, 0x00000195f5d62000, 0x00000195f5d43500,
0x00000195f6203a10, 0x00000195f656fed0, 0x00000195f65703e0, 0x00000195f656f4b0,
0x00000195f65708f0, 0x00000195f656f9c0, 0x00000195f6570e00, 0x00000195f699faa0,
0x00000195f6cbc030, 0x00000195f6571d30, 0x00000195f6572240, 0x00000195f6571310,
0x00000195f656ea90, 0x00000195f6571820, 0x00000195f9997ec0, 0x00000195f999b160,
0x00000195f99988e0, 0x00000195f9998df0, 0x00000195f999a740, 0x00000195f999ac50,
0x00000195f999b670, 0x00000195f999bb80, 0x00000195f9999300, 0x00000195f9999810,
0x00000195f99983d0, 0x00000195f9999d20, 0x00000195f999a230, 0x00000195f999f330,
0x00000195f999c5a0, 0x00000195f999ee20, 0x00000195f999f840, 0x00000195f999cab0,
0x00000195f999d9e0
}

Java Threads: ( => current thread )
  0x00000195da5bd840 JavaThread "main" [_thread_blocked, id=14284, stack(0x00000044ae200000,0x00000044ae300000)]
  0x00000195eec34010 JavaThread "Reference Handler" daemon [_thread_blocked, id=31432, stack(0x00000044ae500000,0x00000044ae600000)]
  0x00000195da66cf50 JavaThread "Finalizer" daemon [_thread_blocked, id=37896, stack(0x00000044ae600000,0x00000044ae700000)]
  0x00000195eec3ce40 JavaThread "Signal Dispatcher" daemon [_thread_blocked, id=4280, stack(0x00000044ae700000,0x00000044ae800000)]
  0x00000195eec3d710 JavaThread "Attach Listener" daemon [_thread_blocked, id=5304, stack(0x00000044ae800000,0x00000044ae900000)]
  0x00000195f3d6e7c0 JavaThread "Service Thread" daemon [_thread_blocked, id=37908, stack(0x00000044ae900000,0x00000044aea00000)]
  0x00000195f3d6f810 JavaThread "Monitor Deflation Thread" daemon [_thread_blocked, id=16300, stack(0x00000044aea00000,0x00000044aeb00000)]
  0x00000195f3d74a40 JavaThread "C2 CompilerThread0" daemon [_thread_in_native, id=23208, stack(0x00000044aeb00000,0x00000044aec00000)]
  0x00000195f3d7b0b0 JavaThread "C1 CompilerThread0" daemon [_thread_blocked, id=13764, stack(0x00000044aec00000,0x00000044aed00000)]
  0x00000195f3d7ccd0 JavaThread "Sweeper thread" daemon [_thread_blocked, id=19352, stack(0x00000044aed00000,0x00000044aee00000)]
  0x00000195da620e60 JavaThread "Common-Cleaner" daemon [_thread_blocked, id=29312, stack(0x00000044aee00000,0x00000044aef00000)]
  0x00000195f40be930 JavaThread "Notification Thread" daemon [_thread_blocked, id=33260, stack(0x00000044af000000,0x00000044af100000)]
  0x00000195f5f3fab0 JavaThread "Active Thread: Equinox Container: a978ad49-d2bd-4288-bd13-281be8f00656" [_thread_blocked, id=37748, stack(0x00000044af900000,0x00000044afa00000)]
  0x00000195f5e86270 JavaThread "Refresh Thread: Equinox Container: a978ad49-d2bd-4288-bd13-281be8f00656" daemon [_thread_blocked, id=2924, stack(0x00000044afa00000,0x00000044afb00000)]
  0x00000195f5d62000 JavaThread "Framework Event Dispatcher: Equinox Container: a978ad49-d2bd-4288-bd13-281be8f00656" daemon [_thread_blocked, id=33812, stack(0x00000044afb00000,0x00000044afc00000)]
  0x00000195f5d43500 JavaThread "Start Level: Equinox Container: a978ad49-d2bd-4288-bd13-281be8f00656" daemon [_thread_blocked, id=2312, stack(0x00000044afc00000,0x00000044afd00000)]
  0x00000195f6203a10 JavaThread "Bundle File Closer" daemon [_thread_blocked, id=13084, stack(0x00000044afe00000,0x00000044aff00000)]
  0x00000195f656fed0 JavaThread "SCR Component Actor" daemon [_thread_blocked, id=39432, stack(0x00000044aef00000,0x00000044af000000)]
  0x00000195f65703e0 JavaThread "SCR Component Registry" daemon [_thread_blocked, id=35136, stack(0x00000044af200000,0x00000044af300000)]
  0x00000195f656f4b0 JavaThread "Worker-JM" [_thread_blocked, id=23396, stack(0x00000044b0100000,0x00000044b0200000)]
  0x00000195f65708f0 JavaThread "JNA Cleaner" daemon [_thread_blocked, id=25572, stack(0x00000044b0200000,0x00000044b0300000)]
  0x00000195f656f9c0 JavaThread "Worker-0" [_thread_blocked, id=23388, stack(0x00000044b0300000,0x00000044b0400000)]
  0x00000195f6570e00 JavaThread "Worker-1" [_thread_blocked, id=3300, stack(0x00000044b0400000,0x00000044b0500000)]
  0x00000195f699faa0 JavaThread "C2 CompilerThread1" daemon [_thread_in_native, id=632, stack(0x00000044b0500000,0x00000044b0600000)]
=>0x00000195f6cbc030 JavaThread "C2 CompilerThread2" daemon [_thread_in_native, id=39516, stack(0x00000044b0600000,0x00000044b0700000)]
  0x00000195f6571d30 JavaThread "Worker-2" [_thread_blocked, id=35400, stack(0x00000044b0700000,0x00000044b0800000)]
  0x00000195f6572240 JavaThread "Worker-3: Initialize Workspace" [_thread_blocked, id=2612, stack(0x00000044b0800000,0x00000044b0900000)]
  0x00000195f6571310 JavaThread "Java indexing" daemon [_thread_in_Java, id=4716, stack(0x00000044b0900000,0x00000044b0a00000)]
  0x00000195f656ea90 JavaThread "Thread-2" daemon [_thread_in_native, id=2752, stack(0x00000044b0c00000,0x00000044b0d00000)]
  0x00000195f6571820 JavaThread "Thread-3" daemon [_thread_in_native, id=6692, stack(0x00000044b0d00000,0x00000044b0e00000)]
  0x00000195f9997ec0 JavaThread "Thread-4" daemon [_thread_in_native, id=25912, stack(0x00000044b0e00000,0x00000044b0f00000)]
  0x00000195f999b160 JavaThread "Thread-5" daemon [_thread_in_native, id=27524, stack(0x00000044b0f00000,0x00000044b1000000)]
  0x00000195f99988e0 JavaThread "Thread-6" daemon [_thread_in_native, id=37288, stack(0x00000044b1000000,0x00000044b1100000)]
  0x00000195f9998df0 JavaThread "Thread-7" daemon [_thread_in_native, id=25908, stack(0x00000044b1100000,0x00000044b1200000)]
  0x00000195f999a740 JavaThread "Thread-8" daemon [_thread_in_native, id=13660, stack(0x00000044b1200000,0x00000044b1300000)]
  0x00000195f999ac50 JavaThread "Thread-9" daemon [_thread_in_native, id=38700, stack(0x00000044b1300000,0x00000044b1400000)]
  0x00000195f999b670 JavaThread "Thread-10" daemon [_thread_in_native, id=34424, stack(0x00000044b1400000,0x00000044b1500000)]
  0x00000195f999bb80 JavaThread "Thread-11" daemon [_thread_in_native, id=24132, stack(0x00000044b1500000,0x00000044b1600000)]
  0x00000195f9999300 JavaThread "Thread-12" daemon [_thread_in_native, id=13396, stack(0x00000044b1600000,0x00000044b1700000)]
  0x00000195f9999810 JavaThread "Thread-13" daemon [_thread_in_native, id=3916, stack(0x00000044b1700000,0x00000044b1800000)]
  0x00000195f99983d0 JavaThread "Thread-14" daemon [_thread_in_native, id=20692, stack(0x00000044b1800000,0x00000044b1900000)]
  0x00000195f9999d20 JavaThread "pool-2-thread-1" [_thread_blocked, id=28812, stack(0x00000044b1900000,0x00000044b1a00000)]
  0x00000195f999a230 JavaThread "WorkspaceEventsHandler" [_thread_blocked, id=32308, stack(0x00000044b1a00000,0x00000044b1b00000)]
  0x00000195f999f330 JavaThread "pool-1-thread-1" [_thread_blocked, id=20448, stack(0x00000044b1b00000,0x00000044b1c00000)]
  0x00000195f999c5a0 JavaThread "Worker-4: Java indexing... " [_thread_blocked, id=26956, stack(0x00000044b1c00000,0x00000044b1d00000)]
  0x00000195f999ee20 JavaThread "Worker-5" [_thread_blocked, id=40316, stack(0x00000044b1d00000,0x00000044b1e00000)]
  0x00000195f999f840 JavaThread "Worker-6" [_thread_blocked, id=7548, stack(0x00000044b1e00000,0x00000044b1f00000)]
  0x00000195f999cab0 JavaThread "Worker-7" [_thread_blocked, id=37660, stack(0x00000044b1f00000,0x00000044b2000000)]
  0x00000195f999d9e0 JavaThread "pool-3-thread-1" [_thread_in_native, id=25224, stack(0x00000044b2000000,0x00000044b2100000)]

Other Threads:
  0x00000195eec22740 VMThread "VM Thread" [stack: 0x00000044ae400000,0x00000044ae500000] [id=6312]
  0x00000195f40601c0 WatcherThread [stack: 0x00000044af100000,0x00000044af200000] [id=32692]
  0x00000195da5d2b30 GCTaskThread "GC Thread#0" [stack: 0x00000044ae300000,0x00000044ae400000] [id=33308]
  0x00000195f580d840 GCTaskThread "GC Thread#1" [stack: 0x00000044af300000,0x00000044af400000] [id=1432]
  0x00000195f5cf7910 GCTaskThread "GC Thread#2" [stack: 0x00000044af400000,0x00000044af500000] [id=30080]
  0x00000195f5cf7bd0 GCTaskThread "GC Thread#3" [stack: 0x00000044af500000,0x00000044af600000] [id=30384]
  0x00000195f5f21270 GCTaskThread "GC Thread#4" [stack: 0x00000044af600000,0x00000044af700000] [id=13576]
  0x00000195f5f21530 GCTaskThread "GC Thread#5" [stack: 0x00000044af700000,0x00000044af800000] [id=29824]
  0x00000195f5f217f0 GCTaskThread "GC Thread#6" [stack: 0x00000044af800000,0x00000044af900000] [id=13464]
  0x00000195f5e38180 GCTaskThread "GC Thread#7" [stack: 0x00000044afd00000,0x00000044afe00000] [id=35228]
  0x00000195f6144c30 GCTaskThread "GC Thread#8" [stack: 0x00000044aff00000,0x00000044b0000000] [id=11460]
  0x00000195f629ac30 GCTaskThread "GC Thread#9" [stack: 0x00000044b0000000,0x00000044b0100000] [id=31948]

Threads with active compile tasks:
C2 CompilerThread0     9903 7046       4       org.eclipse.jdt.internal.core.search.indexing.BinaryIndexer::extractReferenceFromConstantPool (358 bytes)
C2 CompilerThread1     9903 6693       4       org.eclipse.jdt.internal.core.search.indexing.BinaryIndexer::decodeReturnType (407 bytes)
C2 CompilerThread2     9903 7033   !   4       org.eclipse.jdt.internal.compiler.classfmt.ClassFileReader::<init> (2119 bytes)

VM state: not at safepoint (normal execution)

VM Mutex/Monitor currently owned by a thread: None

Heap address: 0x00000000c0000000, size: 1024 MB, Compressed Oops mode: 32-bit

CDS archive(s) not mapped
Compressed class space mapped at: 0x0000000100000000-0x0000000140000000, reserved size: 1073741824
Narrow klass base: 0x0000000000000000, Narrow klass shift: 3, Narrow klass range: 0x140000000

GC Precious Log:
 CPUs: 12 total, 12 available
 Memory: 7549M
 Large Page Support: Disabled
 NUMA Support: Disabled
 Compressed Oops: Enabled (32-bit)
 Alignments: Space 512K, Generation 512K, Heap 2M
 Heap Min Capacity: 100M
 Heap Initial Capacity: 100M
 Heap Max Capacity: 1G
 Pre-touch: Disabled
 Parallel Workers: 10

Heap:
 PSYoungGen      total 16384K, used 15370K [0x00000000eab00000, 0x00000000ebe00000, 0x0000000100000000)
  eden space 13312K, 92% used [0x00000000eab00000,0x00000000eb7096f8,0x00000000eb800000)
  from space 3072K, 99% used [0x00000000eb880000,0x00000000ebb79188,0x00000000ebb80000)
  to   space 2560K, 0% used [0x00000000ebb80000,0x00000000ebb80000,0x00000000ebe00000)
 ParOldGen       total 93184K, used 76061K [0x00000000c0000000, 0x00000000c5b00000, 0x00000000eab00000)
  object space 93184K, 81% used [0x00000000c0000000,0x00000000c4a47740,0x00000000c5b00000)
 Metaspace       used 55804K, committed 56832K, reserved 1114112K
  class space    used 5980K, committed 6464K, reserved 1048576K

Card table byte_map: [0x00000195ec4d0000,0x00000195ec6e0000] _byte_map_base: 0x00000195ebed0000

Marking Bits: (ParMarkBitMap*) 0x00007ffaedda6940
 Begin Bits: [0x00000195ec840000, 0x00000195ed840000)
 End Bits:   [0x00000195ed840000, 0x00000195ee840000)

Polling page: 0x00000195d8d40000

Metaspace:

Usage:
  Non-class:     48.66 MB used.
      Class:      5.84 MB used.
       Both:     54.50 MB used.

Virtual space:
  Non-class space:       64.00 MB reserved,      49.19 MB ( 77%) committed,  1 nodes.
      Class space:        1.00 GB reserved,       6.31 MB ( <1%) committed,  1 nodes.
             Both:        1.06 GB reserved,      55.50 MB (  5%) committed. 

Chunk freelists:
   Non-Class:  14.33 MB
       Class:  9.56 MB
        Both:  23.89 MB

MaxMetaspaceSize: unlimited
CompressedClassSpaceSize: 1.00 GB
Initial GC threshold: 21.00 MB
Current GC threshold: 92.50 MB
CDS: off
MetaspaceReclaimPolicy: balanced
 - commit_granule_bytes: 65536.
 - commit_granule_words: 8192.
 - virtual_space_node_default_size: 8388608.
 - enlarge_chunks_in_place: 1.
 - new_chunks_are_fully_committed: 0.
 - uncommit_free_chunks: 1.
 - use_allocation_guard: 0.
 - handle_deallocations: 1.


Internal statistics:

num_allocs_failed_limit: 6.
num_arena_births: 620.
num_arena_deaths: 32.
num_vsnodes_births: 2.
num_vsnodes_deaths: 0.
num_space_committed: 888.
num_space_uncommitted: 0.
num_chunks_returned_to_freelist: 45.
num_chunks_taken_from_freelist: 2870.
num_chunk_merges: 10.
num_chunk_splits: 1732.
num_chunks_enlarged: 942.
num_inconsistent_stats: 0.

CodeHeap 'non-profiled nmethods': size=120000Kb used=2925Kb max_used=2925Kb free=117074Kb
 bounds [0x00000195e4dc0000, 0x00000195e50b0000, 0x00000195ec2f0000]
CodeHeap 'profiled nmethods': size=120000Kb used=12328Kb max_used=12328Kb free=107671Kb
 bounds [0x00000195dd2f0000, 0x00000195ddf00000, 0x00000195e4820000]
CodeHeap 'non-nmethods': size=5760Kb used=1321Kb max_used=1384Kb free=4438Kb
 bounds [0x00000195e4820000, 0x00000195e4a90000, 0x00000195e4dc0000]
 total_blobs=6745 nmethods=6091 adapters=566
 compilation: enabled
              stopped_count=0, restarted_count=0
 full_count=0

Compilation events (20 events):
Event: 8.723 Thread 0x00000195f3d7b0b0 7038       3       org.eclipse.jdt.core.compiler.CharOperation::concat (123 bytes)
Event: 8.723 Thread 0x00000195f3d7b0b0 nmethod 7038 0x00000195dde40390 code [0x00000195dde405a0, 0x00000195dde40b58]
Event: 8.730 Thread 0x00000195f3d7b0b0 7039       3       org.eclipse.jdt.internal.compiler.classfmt.MethodInfo::createMethod (710 bytes)
Event: 8.733 Thread 0x00000195f3d7b0b0 nmethod 7039 0x00000195ddef8810 code [0x00000195ddef8ce0, 0x00000195ddefb8b8]
Event: 8.734 Thread 0x00000195f3d7b0b0 7040       3       org.eclipse.jdt.core.Signature::checkNextChar (42 bytes)
Event: 8.735 Thread 0x00000195f3d7b0b0 nmethod 7040 0x00000195dde72610 code [0x00000195dde72820, 0x00000195dde72f08]
Event: 8.758 Thread 0x00000195f699faa0 nmethod 6919 0x00000195e508ac90 code [0x00000195e508af60, 0x00000195e508d7e0]
Event: 8.758 Thread 0x00000195f699faa0 7041   !   4       java.nio.file.FileTreeWalker::next (144 bytes)
Event: 8.764 Thread 0x00000195f3d7b0b0 7043       3       org.eclipse.jdt.core.compiler.CharOperation::concat (71 bytes)
Event: 8.765 Thread 0x00000195f3d7b0b0 nmethod 7043 0x00000195dde2f610 code [0x00000195dde2f800, 0x00000195dde2fc98]
Event: 8.789 Thread 0x00000195f3d7b0b0 7044 %     3       org.eclipse.jdt.internal.compiler.classfmt.MethodInfo::decodeCodeAttribute @ 67 (143 bytes)
Event: 8.790 Thread 0x00000195f3d7b0b0 nmethod 7044% 0x00000195dde2e290 code [0x00000195dde2e4c0, 0x00000195dde2f108]
Event: 8.790 Thread 0x00000195f3d7b0b0 7045       3       org.eclipse.jdt.internal.compiler.classfmt.MethodInfo::decodeCodeAttribute (143 bytes)
Event: 8.791 Thread 0x00000195f3d7b0b0 nmethod 7045 0x00000195ddefc990 code [0x00000195ddefcbc0, 0x00000195ddefd768]
Event: 8.823 Thread 0x00000195f3d74a40 nmethod 6905% 0x00000195e508ef90 code [0x00000195e508f480, 0x00000195e50977b8]
Event: 8.824 Thread 0x00000195f3d74a40 7046       4       org.eclipse.jdt.internal.core.search.indexing.BinaryIndexer::extractReferenceFromConstantPool (358 bytes)
Event: 8.844 Thread 0x00000195f3d7b0b0 7049   !   2       org.eclipse.core.internal.jobs.JobManager::withWriteLock (70 bytes)
Event: 8.845 Thread 0x00000195f3d7b0b0 nmethod 7049 0x00000195ddefdc10 code [0x00000195ddefdde0, 0x00000195ddefe158]
Event: 8.858 Thread 0x00000195f699faa0 nmethod 7041 0x00000195e509be90 code [0x00000195e509c340, 0x00000195e509f378]
Event: 8.858 Thread 0x00000195f699faa0 7047       4       org.eclipse.jdt.internal.core.search.indexing.BinaryIndexer::extractArgCount (316 bytes)

GC Heap History (20 events):
Event: 8.296 GC heap after
{Heap after GC invocations=31 (full 2):
 PSYoungGen      total 18432K, used 3229K [0x00000000eab00000, 0x00000000ec080000, 0x0000000100000000)
  eden space 14848K, 0% used [0x00000000eab00000,0x00000000eab00000,0x00000000eb980000)
  from space 3584K, 90% used [0x00000000eba80000,0x00000000ebda74a0,0x00000000ebe00000)
  to   space 2560K, 0% used [0x00000000ebe00000,0x00000000ebe00000,0x00000000ec080000)
 ParOldGen       total 68608K, used 54485K [0x00000000c0000000, 0x00000000c4300000, 0x00000000eab00000)
  object space 68608K, 79% used [0x00000000c0000000,0x00000000c35356b0,0x00000000c4300000)
 Metaspace       used 54788K, committed 55808K, reserved 1114112K
  class space    used 5863K, committed 6336K, reserved 1048576K
}
Event: 8.349 GC heap before
{Heap before GC invocations=32 (full 2):
 PSYoungGen      total 18432K, used 18077K [0x00000000eab00000, 0x00000000ec080000, 0x0000000100000000)
  eden space 14848K, 100% used [0x00000000eab00000,0x00000000eb980000,0x00000000eb980000)
  from space 3584K, 90% used [0x00000000eba80000,0x00000000ebda74a0,0x00000000ebe00000)
  to   space 2560K, 0% used [0x00000000ebe00000,0x00000000ebe00000,0x00000000ec080000)
 ParOldGen       total 68608K, used 54485K [0x00000000c0000000, 0x00000000c4300000, 0x00000000eab00000)
  object space 68608K, 79% used [0x00000000c0000000,0x00000000c35356b0,0x00000000c4300000)
 Metaspace       used 55245K, committed 56256K, reserved 1114112K
  class space    used 5920K, committed 6400K, reserved 1048576K
}
Event: 8.353 GC heap after
{Heap after GC invocations=32 (full 2):
 PSYoungGen      total 15872K, used 2537K [0x00000000eab00000, 0x00000000ec580000, 0x0000000100000000)
  eden space 13312K, 0% used [0x00000000eab00000,0x00000000eab00000,0x00000000eb800000)
  from space 2560K, 99% used [0x00000000ebe00000,0x00000000ec07a500,0x00000000ec080000)
  to   space 6144K, 0% used [0x00000000eb800000,0x00000000eb800000,0x00000000ebe00000)
 ParOldGen       total 68608K, used 57633K [0x00000000c0000000, 0x00000000c4300000, 0x00000000eab00000)
  object space 68608K, 84% used [0x00000000c0000000,0x00000000c3848630,0x00000000c4300000)
 Metaspace       used 55245K, committed 56256K, reserved 1114112K
  class space    used 5920K, committed 6400K, reserved 1048576K
}
Event: 8.407 GC heap before
{Heap before GC invocations=33 (full 2):
 PSYoungGen      total 15872K, used 15849K [0x00000000eab00000, 0x00000000ec580000, 0x0000000100000000)
  eden space 13312K, 100% used [0x00000000eab00000,0x00000000eb800000,0x00000000eb800000)
  from space 2560K, 99% used [0x00000000ebe00000,0x00000000ec07a500,0x00000000ec080000)
  to   space 6144K, 0% used [0x00000000eb800000,0x00000000eb800000,0x00000000ebe00000)
 ParOldGen       total 68608K, used 57633K [0x00000000c0000000, 0x00000000c4300000, 0x00000000eab00000)
  object space 68608K, 84% used [0x00000000c0000000,0x00000000c3848630,0x00000000c4300000)
 Metaspace       used 55476K, committed 56512K, reserved 1114112K
  class space    used 5940K, committed 6400K, reserved 1048576K
}
Event: 8.410 GC heap after
{Heap after GC invocations=33 (full 2):
 PSYoungGen      total 16384K, used 2676K [0x00000000eab00000, 0x00000000ec000000, 0x0000000100000000)
  eden space 13312K, 0% used [0x00000000eab00000,0x00000000eab00000,0x00000000eb800000)
  from space 3072K, 87% used [0x00000000eb800000,0x00000000eba9d358,0x00000000ebb00000)
  to   space 4096K, 0% used [0x00000000ebc00000,0x00000000ebc00000,0x00000000ec000000)
 ParOldGen       total 68608K, used 60119K [0x00000000c0000000, 0x00000000c4300000, 0x00000000eab00000)
  object space 68608K, 87% used [0x00000000c0000000,0x00000000c3ab5d60,0x00000000c4300000)
 Metaspace       used 55476K, committed 56512K, reserved 1114112K
  class space    used 5940K, committed 6400K, reserved 1048576K
}
Event: 8.489 GC heap before
{Heap before GC invocations=34 (full 2):
 PSYoungGen      total 16384K, used 15988K [0x00000000eab00000, 0x00000000ec000000, 0x0000000100000000)
  eden space 13312K, 100% used [0x00000000eab00000,0x00000000eb800000,0x00000000eb800000)
  from space 3072K, 87% used [0x00000000eb800000,0x00000000eba9d358,0x00000000ebb00000)
  to   space 4096K, 0% used [0x00000000ebc00000,0x00000000ebc00000,0x00000000ec000000)
 ParOldGen       total 68608K, used 60119K [0x00000000c0000000, 0x00000000c4300000, 0x00000000eab00000)
  object space 68608K, 87% used [0x00000000c0000000,0x00000000c3ab5d60,0x00000000c4300000)
 Metaspace       used 55549K, committed 56576K, reserved 1114112K
  class space    used 5942K, committed 6400K, reserved 1048576K
}
Event: 8.492 GC heap after
{Heap after GC invocations=34 (full 2):
 PSYoungGen      total 17408K, used 3678K [0x00000000eab00000, 0x00000000ec000000, 0x0000000100000000)
  eden space 13312K, 0% used [0x00000000eab00000,0x00000000eab00000,0x00000000eb800000)
  from space 4096K, 89% used [0x00000000ebc00000,0x00000000ebf97878,0x00000000ec000000)
  to   space 4096K, 0% used [0x00000000eb800000,0x00000000eb800000,0x00000000ebc00000)
 ParOldGen       total 68608K, used 62595K [0x00000000c0000000, 0x00000000c4300000, 0x00000000eab00000)
  object space 68608K, 91% used [0x00000000c0000000,0x00000000c3d20f00,0x00000000c4300000)
 Metaspace       used 55549K, committed 56576K, reserved 1114112K
  class space    used 5942K, committed 6400K, reserved 1048576K
}
Event: 8.551 GC heap before
{Heap before GC invocations=35 (full 2):
 PSYoungGen      total 17408K, used 16990K [0x00000000eab00000, 0x00000000ec000000, 0x0000000100000000)
  eden space 13312K, 100% used [0x00000000eab00000,0x00000000eb800000,0x00000000eb800000)
  from space 4096K, 89% used [0x00000000ebc00000,0x00000000ebf97878,0x00000000ec000000)
  to   space 4096K, 0% used [0x00000000eb800000,0x00000000eb800000,0x00000000ebc00000)
 ParOldGen       total 68608K, used 62595K [0x00000000c0000000, 0x00000000c4300000, 0x00000000eab00000)
  object space 68608K, 91% used [0x00000000c0000000,0x00000000c3d20f00,0x00000000c4300000)
 Metaspace       used 55788K, committed 56832K, reserved 1114112K
  class space    used 5977K, committed 6464K, reserved 1048576K
}
Event: 8.556 GC heap after
{Heap after GC invocations=35 (full 2):
 PSYoungGen      total 16384K, used 2754K [0x00000000eab00000, 0x00000000ebf00000, 0x0000000100000000)
  eden space 13312K, 0% used [0x00000000eab00000,0x00000000eab00000,0x00000000eb800000)
  from space 3072K, 89% used [0x00000000eb800000,0x00000000ebab0a58,0x00000000ebb00000)
  to   space 3584K, 0% used [0x00000000ebb80000,0x00000000ebb80000,0x00000000ebf00000)
 ParOldGen       total 68608K, used 66019K [0x00000000c0000000, 0x00000000c4300000, 0x00000000eab00000)
  object space 68608K, 96% used [0x00000000c0000000,0x00000000c4078f88,0x00000000c4300000)
 Metaspace       used 55788K, committed 56832K, reserved 1114112K
  class space    used 5977K, committed 6464K, reserved 1048576K
}
Event: 8.602 GC heap before
{Heap before GC invocations=36 (full 3):
 PSYoungGen      total 16384K, used 16066K [0x00000000eab00000, 0x00000000ebf00000, 0x0000000100000000)
  eden space 13312K, 100% used [0x00000000eab00000,0x00000000eb800000,0x00000000eb800000)
  from space 3072K, 89% used [0x00000000eb800000,0x00000000ebab0a58,0x00000000ebb00000)
  to   space 3584K, 0% used [0x00000000ebb80000,0x00000000ebb80000,0x00000000ebf00000)
 ParOldGen       total 68608K, used 66019K [0x00000000c0000000, 0x00000000c4300000, 0x00000000eab00000)
  object space 68608K, 96% used [0x00000000c0000000,0x00000000c4078f88,0x00000000c4300000)
 Metaspace       used 55788K, committed 56832K, reserved 1114112K
  class space    used 5977K, committed 6464K, reserved 1048576K
}
Event: 8.670 GC heap after
{Heap after GC invocations=36 (full 3):
 PSYoungGen      total 16896K, used 0K [0x00000000eab00000, 0x00000000ebf00000, 0x0000000100000000)
  eden space 13312K, 0% used [0x00000000eab00000,0x00000000eab00000,0x00000000eb800000)
  from space 3584K, 0% used [0x00000000ebb80000,0x00000000ebb80000,0x00000000ebf00000)
  to   space 3584K, 0% used [0x00000000eb800000,0x00000000eb800000,0x00000000ebb80000)
 ParOldGen       total 93184K, used 64110K [0x00000000c0000000, 0x00000000c5b00000, 0x00000000eab00000)
  object space 93184K, 68% used [0x00000000c0000000,0x00000000c3e9bbf8,0x00000000c5b00000)
 Metaspace       used 55788K, committed 56832K, reserved 1114112K
  class space    used 5977K, committed 6464K, reserved 1048576K
}
Event: 8.719 GC heap before
{Heap before GC invocations=37 (full 3):
 PSYoungGen      total 16896K, used 13312K [0x00000000eab00000, 0x00000000ebf00000, 0x0000000100000000)
  eden space 13312K, 100% used [0x00000000eab00000,0x00000000eb800000,0x00000000eb800000)
  from space 3584K, 0% used [0x00000000ebb80000,0x00000000ebb80000,0x00000000ebf00000)
  to   space 3584K, 0% used [0x00000000eb800000,0x00000000eb800000,0x00000000ebb80000)
 ParOldGen       total 93184K, used 64110K [0x00000000c0000000, 0x00000000c5b00000, 0x00000000eab00000)
  object space 93184K, 68% used [0x00000000c0000000,0x00000000c3e9bbf8,0x00000000c5b00000)
 Metaspace       used 55789K, committed 56832K, reserved 1114112K
  class space    used 5977K, committed 6464K, reserved 1048576K
}
Event: 8.721 GC heap after
{Heap after GC invocations=37 (full 3):
 PSYoungGen      total 16896K, used 3087K [0x00000000eab00000, 0x00000000ebf00000, 0x0000000100000000)
  eden space 13312K, 0% used [0x00000000eab00000,0x00000000eab00000,0x00000000eb800000)
  from space 3584K, 86% used [0x00000000eb800000,0x00000000ebb03c88,0x00000000ebb80000)
  to   space 3584K, 0% used [0x00000000ebb80000,0x00000000ebb80000,0x00000000ebf00000)
 ParOldGen       total 93184K, used 64110K [0x00000000c0000000, 0x00000000c5b00000, 0x00000000eab00000)
  object space 93184K, 68% used [0x00000000c0000000,0x00000000c3e9bbf8,0x00000000c5b00000)
 Metaspace       used 55789K, committed 56832K, reserved 1114112K
  class space    used 5977K, committed 6464K, reserved 1048576K
}
Event: 8.770 GC heap before
{Heap before GC invocations=38 (full 3):
 PSYoungGen      total 16896K, used 16399K [0x00000000eab00000, 0x00000000ebf00000, 0x0000000100000000)
  eden space 13312K, 100% used [0x00000000eab00000,0x00000000eb800000,0x00000000eb800000)
  from space 3584K, 86% used [0x00000000eb800000,0x00000000ebb03c88,0x00000000ebb80000)
  to   space 3584K, 0% used [0x00000000ebb80000,0x00000000ebb80000,0x00000000ebf00000)
 ParOldGen       total 93184K, used 64110K [0x00000000c0000000, 0x00000000c5b00000, 0x00000000eab00000)
  object space 93184K, 68% used [0x00000000c0000000,0x00000000c3e9bbf8,0x00000000c5b00000)
 Metaspace       used 55803K, committed 56832K, reserved 1114112K
  class space    used 5980K, committed 6464K, reserved 1048576K
}
Event: 8.773 GC heap after
{Heap after GC invocations=38 (full 3):
 PSYoungGen      total 16896K, used 3484K [0x00000000eab00000, 0x00000000ebf00000, 0x0000000100000000)
  eden space 13312K, 0% used [0x00000000eab00000,0x00000000eab00000,0x00000000eb800000)
  from space 3584K, 97% used [0x00000000ebb80000,0x00000000ebee73c0,0x00000000ebf00000)
  to   space 3584K, 0% used [0x00000000eb800000,0x00000000eb800000,0x00000000ebb80000)
 ParOldGen       total 93184K, used 67019K [0x00000000c0000000, 0x00000000c5b00000, 0x00000000eab00000)
  object space 93184K, 71% used [0x00000000c0000000,0x00000000c4172e20,0x00000000c5b00000)
 Metaspace       used 55803K, committed 56832K, reserved 1114112K
  class space    used 5980K, committed 6464K, reserved 1048576K
}
Event: 8.818 GC heap before
{Heap before GC invocations=39 (full 3):
 PSYoungGen      total 16896K, used 16796K [0x00000000eab00000, 0x00000000ebf00000, 0x0000000100000000)
  eden space 13312K, 100% used [0x00000000eab00000,0x00000000eb800000,0x00000000eb800000)
  from space 3584K, 97% used [0x00000000ebb80000,0x00000000ebee73c0,0x00000000ebf00000)
  to   space 3584K, 0% used [0x00000000eb800000,0x00000000eb800000,0x00000000ebb80000)
 ParOldGen       total 93184K, used 67019K [0x00000000c0000000, 0x00000000c5b00000, 0x00000000eab00000)
  object space 93184K, 71% used [0x00000000c0000000,0x00000000c4172e20,0x00000000c5b00000)
 Metaspace       used 55803K, committed 56832K, reserved 1114112K
  class space    used 5980K, committed 6464K, reserved 1048576K
}
Event: 8.822 GC heap after
{Heap after GC invocations=39 (full 3):
 PSYoungGen      total 16896K, used 3116K [0x00000000eab00000, 0x00000000ebf00000, 0x0000000100000000)
  eden space 13312K, 0% used [0x00000000eab00000,0x00000000eab00000,0x00000000eb800000)
  from space 3584K, 86% used [0x00000000eb800000,0x00000000ebb0b2a8,0x00000000ebb80000)
  to   space 3584K, 0% used [0x00000000ebb80000,0x00000000ebb80000,0x00000000ebf00000)
 ParOldGen       total 93184K, used 70345K [0x00000000c0000000, 0x00000000c5b00000, 0x00000000eab00000)
  object space 93184K, 75% used [0x00000000c0000000,0x00000000c44b2540,0x00000000c5b00000)
 Metaspace       used 55803K, committed 56832K, reserved 1114112K
  class space    used 5980K, committed 6464K, reserved 1048576K
}
Event: 8.866 GC heap before
{Heap before GC invocations=40 (full 3):
 PSYoungGen      total 16896K, used 16428K [0x00000000eab00000, 0x00000000ebf00000, 0x0000000100000000)
  eden space 13312K, 100% used [0x00000000eab00000,0x00000000eb800000,0x00000000eb800000)
  from space 3584K, 86% used [0x00000000eb800000,0x00000000ebb0b2a8,0x00000000ebb80000)
  to   space 3584K, 0% used [0x00000000ebb80000,0x00000000ebb80000,0x00000000ebf00000)
 ParOldGen       total 93184K, used 70345K [0x00000000c0000000, 0x00000000c5b00000, 0x00000000eab00000)
  object space 93184K, 75% used [0x00000000c0000000,0x00000000c44b2540,0x00000000c5b00000)
 Metaspace       used 55804K, committed 56832K, reserved 1114112K
  class space    used 5980K, committed 6464K, reserved 1048576K
}
Event: 8.869 GC heap after
{Heap after GC invocations=40 (full 3):
 PSYoungGen      total 16384K, used 2985K [0x00000000eab00000, 0x00000000ebe80000, 0x0000000100000000)
  eden space 13312K, 0% used [0x00000000eab00000,0x00000000eab00000,0x00000000eb800000)
  from space 3072K, 97% used [0x00000000ebb80000,0x00000000ebe6a4e8,0x00000000ebe80000)
  to   space 3072K, 0% used [0x00000000eb880000,0x00000000eb880000,0x00000000ebb80000)
 ParOldGen       total 93184K, used 73257K [0x00000000c0000000, 0x00000000c5b00000, 0x00000000eab00000)
  object space 93184K, 78% used [0x00000000c0000000,0x00000000c478a4d0,0x00000000c5b00000)
 Metaspace       used 55804K, committed 56832K, reserved 1114112K
  class space    used 5980K, committed 6464K, reserved 1048576K
}
Event: 8.913 GC heap before
{Heap before GC invocations=41 (full 3):
 PSYoungGen      total 16384K, used 16297K [0x00000000eab00000, 0x00000000ebe80000, 0x0000000100000000)
  eden space 13312K, 100% used [0x00000000eab00000,0x00000000eb800000,0x00000000eb800000)
  from space 3072K, 97% used [0x00000000ebb80000,0x00000000ebe6a4e8,0x00000000ebe80000)
  to   space 3072K, 0% used [0x00000000eb880000,0x00000000eb880000,0x00000000ebb80000)
 ParOldGen       total 93184K, used 73257K [0x00000000c0000000, 0x00000000c5b00000, 0x00000000eab00000)
  object space 93184K, 78% used [0x00000000c0000000,0x00000000c478a4d0,0x00000000c5b00000)
 Metaspace       used 55804K, committed 56832K, reserved 1114112K
  class space    used 5980K, committed 6464K, reserved 1048576K
}

Dll operation events (10 events):
Event: 0.025 Loaded shared library c:\Users\maitr\.windsurf\extensions\redhat.java-1.38.0-win32-x64\jre\17.0.13-win32-x86_64\bin\java.dll
Event: 0.171 Loaded shared library c:\Users\maitr\.windsurf\extensions\redhat.java-1.38.0-win32-x64\jre\17.0.13-win32-x86_64\bin\zip.dll
Event: 0.175 Loaded shared library C:\Users\maitr\.windsurf\extensions\redhat.java-1.38.0-win32-x64\jre\17.0.13-win32-x86_64\bin\instrument.dll
Event: 0.185 Loaded shared library C:\Users\maitr\.windsurf\extensions\redhat.java-1.38.0-win32-x64\jre\17.0.13-win32-x86_64\bin\net.dll
Event: 0.187 Loaded shared library C:\Users\maitr\.windsurf\extensions\redhat.java-1.38.0-win32-x64\jre\17.0.13-win32-x86_64\bin\nio.dll
Event: 0.198 Loaded shared library C:\Users\maitr\.windsurf\extensions\redhat.java-1.38.0-win32-x64\jre\17.0.13-win32-x86_64\bin\zip.dll
Event: 0.213 Loaded shared library C:\Users\maitr\.windsurf\extensions\redhat.java-1.38.0-win32-x64\jre\17.0.13-win32-x86_64\bin\jimage.dll
Event: 0.274 Loaded shared library c:\Users\maitr\.windsurf\extensions\redhat.java-1.38.0-win32-x64\jre\17.0.13-win32-x86_64\bin\verify.dll
Event: 1.562 Loaded shared library C:\Users\maitr\AppData\Roaming\Windsurf\User\globalStorage\redhat.java\1.38.0\config_win\org.eclipse.equinox.launcher\org.eclipse.equinox.launcher.win32.win32.x86_64_1.2.1100.v20240722-2106\eclipse_11904.dll
Event: 3.527 Loaded shared library C:\Users\maitr\AppData\Local\Temp\jna-103658131\jna22898800868157845.dll

Deoptimization events (20 events):
Event: 8.891 Thread 0x00000195f6571310 DEOPT PACKING pc=0x00000195dd389e3b sp=0x00000044b09feaa0
Event: 8.891 Thread 0x00000195f6571310 DEOPT UNPACKING pc=0x00000195e4876e43 sp=0x00000044b09fe008 mode 0
Event: 8.897 Thread 0x00000195f6571310 DEOPT PACKING pc=0x00000195dde93d15 sp=0x00000044b09fea60
Event: 8.897 Thread 0x00000195f6571310 DEOPT UNPACKING pc=0x00000195e4876e43 sp=0x00000044b09fdfe8 mode 0
Event: 8.899 Thread 0x00000195f6571310 DEOPT PACKING pc=0x00000195dd389dbb sp=0x00000044b09feaa0
Event: 8.899 Thread 0x00000195f6571310 DEOPT UNPACKING pc=0x00000195e4876e43 sp=0x00000044b09fe008 mode 0
Event: 8.902 Thread 0x00000195f6571310 DEOPT PACKING pc=0x00000195dd389dbb sp=0x00000044b09feaa0
Event: 8.902 Thread 0x00000195f6571310 DEOPT UNPACKING pc=0x00000195e4876e43 sp=0x00000044b09fe008 mode 0
Event: 8.903 Thread 0x00000195f6571310 DEOPT PACKING pc=0x00000195dde93d15 sp=0x00000044b09fea60
Event: 8.903 Thread 0x00000195f6571310 DEOPT UNPACKING pc=0x00000195e4876e43 sp=0x00000044b09fdfe8 mode 0
Event: 8.905 Thread 0x00000195f6571310 DEOPT PACKING pc=0x00000195dd389e3b sp=0x00000044b09feaa0
Event: 8.905 Thread 0x00000195f6571310 DEOPT UNPACKING pc=0x00000195e4876e43 sp=0x00000044b09fe008 mode 0
Event: 8.908 Thread 0x00000195f6571310 DEOPT PACKING pc=0x00000195dd389e3b sp=0x00000044b09feaa0
Event: 8.908 Thread 0x00000195f6571310 DEOPT UNPACKING pc=0x00000195e4876e43 sp=0x00000044b09fe008 mode 0
Event: 8.909 Thread 0x00000195f6571310 DEOPT PACKING pc=0x00000195dde93d15 sp=0x00000044b09fea60
Event: 8.909 Thread 0x00000195f6571310 DEOPT UNPACKING pc=0x00000195e4876e43 sp=0x00000044b09fdfe8 mode 0
Event: 8.910 Thread 0x00000195f6571310 DEOPT PACKING pc=0x00000195dd389dbb sp=0x00000044b09feaa0
Event: 8.910 Thread 0x00000195f6571310 DEOPT UNPACKING pc=0x00000195e4876e43 sp=0x00000044b09fe008 mode 0
Event: 8.913 Thread 0x00000195f6571310 DEOPT PACKING pc=0x00000195dd389e3b sp=0x00000044b09feaa0
Event: 8.913 Thread 0x00000195f6571310 DEOPT UNPACKING pc=0x00000195e4876e43 sp=0x00000044b09fe008 mode 0

Classes loaded (20 events):
Event: 8.383 Loading class sun/nio/fs/WindowsFileSystem$2
Event: 8.383 Loading class java/nio/file/PathMatcher
Event: 8.384 Loading class java/nio/file/PathMatcher done
Event: 8.384 Loading class sun/nio/fs/WindowsFileSystem$2 done
Event: 8.473 Loading class java/lang/Class$EnclosingMethodInfo
Event: 8.473 Loading class java/lang/Class$EnclosingMethodInfo done
Event: 8.475 Loading class java/lang/ProcessBuilder
Event: 8.476 Loading class java/lang/ProcessBuilder done
Event: 8.476 Loading class java/lang/ProcessImpl
Event: 8.476 Loading class java/lang/ProcessImpl done
Event: 8.494 Loading class java/lang/ProcessImpl$2
Event: 8.494 Loading class java/lang/ProcessImpl$2 done
Event: 8.494 Loading class java/lang/Process$PipeInputStream
Event: 8.495 Loading class java/lang/Process$PipeInputStream done
Event: 8.496 Loading class jdk/internal/event/ProcessStartEvent
Event: 8.497 Loading class jdk/internal/event/ProcessStartEvent done
Event: 8.540 Loading class java/util/concurrent/CompletableFuture$Signaller
Event: 8.540 Loading class java/util/concurrent/CompletableFuture$Signaller done
Event: 8.540 Loading class java/util/concurrent/ForkJoinTask$Aux
Event: 8.540 Loading class java/util/concurrent/ForkJoinTask$Aux done

Classes unloaded (16 events):
Event: 6.049 Thread 0x00000195eec22740 Unloading class 0x0000000100398c00 'java/lang/invoke/LambdaForm$MH+0x0000000100398c00'
Event: 6.049 Thread 0x00000195eec22740 Unloading class 0x0000000100398000 'java/lang/invoke/LambdaForm$MH+0x0000000100398000'
Event: 6.049 Thread 0x00000195eec22740 Unloading class 0x0000000100397800 'java/lang/invoke/LambdaForm$MH+0x0000000100397800'
Event: 6.049 Thread 0x00000195eec22740 Unloading class 0x0000000100397000 'java/lang/invoke/LambdaForm$MH+0x0000000100397000'
Event: 6.049 Thread 0x00000195eec22740 Unloading class 0x0000000100396800 'java/lang/invoke/LambdaForm$DMH+0x0000000100396800'
Event: 6.049 Thread 0x00000195eec22740 Unloading class 0x0000000100396400 'java/lang/invoke/LambdaForm$MH+0x0000000100396400'
Event: 6.049 Thread 0x00000195eec22740 Unloading class 0x0000000100395c00 'java/lang/invoke/LambdaForm$MH+0x0000000100395c00'
Event: 6.049 Thread 0x00000195eec22740 Unloading class 0x0000000100391800 'java/lang/invoke/LambdaForm$MH+0x0000000100391800'
Event: 6.049 Thread 0x00000195eec22740 Unloading class 0x0000000100391000 'java/lang/invoke/LambdaForm$MH+0x0000000100391000'
Event: 6.049 Thread 0x00000195eec22740 Unloading class 0x0000000100258000 'java/lang/invoke/LambdaForm$MH+0x0000000100258000'
Event: 6.049 Thread 0x00000195eec22740 Unloading class 0x0000000100257c00 'java/lang/invoke/LambdaForm$MH+0x0000000100257c00'
Event: 6.049 Thread 0x00000195eec22740 Unloading class 0x0000000100257800 'java/lang/invoke/LambdaForm$MH+0x0000000100257800'
Event: 6.049 Thread 0x00000195eec22740 Unloading class 0x0000000100257400 'java/lang/invoke/LambdaForm$MH+0x0000000100257400'
Event: 6.049 Thread 0x00000195eec22740 Unloading class 0x0000000100257000 'java/lang/invoke/LambdaForm$BMH+0x0000000100257000'
Event: 6.049 Thread 0x00000195eec22740 Unloading class 0x0000000100256c00 'java/lang/invoke/LambdaForm$DMH+0x0000000100256c00'
Event: 6.049 Thread 0x00000195eec22740 Unloading class 0x0000000100254400 'java/lang/invoke/LambdaForm$DMH+0x0000000100254400'

Classes redefined (0 events):
No events

Internal exceptions (20 events):
Event: 8.459 Thread 0x00000195f6572240 Exception <a 'sun/nio/fs/WindowsException'{0x00000000eb423330}> (0x00000000eb423330) 
thrown [s\src\hotspot\share\prims\jni.cpp, line 516]
Event: 8.460 Thread 0x00000195f6572240 Exception <a 'sun/nio/fs/WindowsException'{0x00000000eb426868}> (0x00000000eb426868) 
thrown [s\src\hotspot\share\prims\jni.cpp, line 516]
Event: 8.461 Thread 0x00000195f6572240 Exception <a 'sun/nio/fs/WindowsException'{0x00000000eb42a248}> (0x00000000eb42a248) 
thrown [s\src\hotspot\share\prims\jni.cpp, line 516]
Event: 8.462 Thread 0x00000195f6572240 Exception <a 'sun/nio/fs/WindowsException'{0x00000000eb42dcf0}> (0x00000000eb42dcf0) 
thrown [s\src\hotspot\share\prims\jni.cpp, line 516]
Event: 8.463 Thread 0x00000195f6572240 Exception <a 'sun/nio/fs/WindowsException'{0x00000000eb4319b8}> (0x00000000eb4319b8) 
thrown [s\src\hotspot\share\prims\jni.cpp, line 516]
Event: 8.464 Thread 0x00000195f6572240 Exception <a 'sun/nio/fs/WindowsException'{0x00000000eb435688}> (0x00000000eb435688) 
thrown [s\src\hotspot\share\prims\jni.cpp, line 516]
Event: 8.466 Thread 0x00000195f6572240 Exception <a 'sun/nio/fs/WindowsException'{0x00000000eb4393b0}> (0x00000000eb4393b0) 
thrown [s\src\hotspot\share\prims\jni.cpp, line 516]
Event: 8.467 Thread 0x00000195f6572240 Exception <a 'sun/nio/fs/WindowsException'{0x00000000eb43d7b8}> (0x00000000eb43d7b8) 
thrown [s\src\hotspot\share\prims\jni.cpp, line 516]
Event: 8.468 Thread 0x00000195f6572240 Exception <a 'sun/nio/fs/WindowsException'{0x00000000eb440f30}> (0x00000000eb440f30) 
thrown [s\src\hotspot\share\prims\jni.cpp, line 516]
Event: 8.469 Thread 0x00000195f6572240 Exception <a 'sun/nio/fs/WindowsException'{0x00000000eb4448a8}> (0x00000000eb4448a8) 
thrown [s\src\hotspot\share\prims\jni.cpp, line 516]
Event: 8.488 Thread 0x00000195f6572240 Exception <a 'java/lang/NoSuchMethodError'{0x00000000eb7d22c0}: 'void java.lang.invoke.DirectMethodHandle$Holder.invokeStatic(java.lang.Object, long)'> (0x00000000eb7d22c0) 
thrown [s\src\hotspot\share\interpreter\linkResolver.cpp, line 759]
Event: 8.493 Thread 0x00000195f6572240 Exception <a 'java/lang/NoSuchMethodError'{0x00000000eab39798}: 'java.lang.Object java.lang.invoke.DirectMethodHandle$Holder.newInvokeSpecial(java.lang.Object, long)'> (0x00000000eab39798) 
thrown [s\src\hotspot\share\interpreter\linkResolver.cpp, line 759]
Event: 8.532 Thread 0x00000195f6572240 Exception <a 'sun/nio/fs/WindowsException'{0x00000000eb333bc0}> (0x00000000eb333bc0) 
thrown [s\src\hotspot\share\prims\jni.cpp, line 516]
Event: 8.533 Thread 0x00000195f6572240 Exception <a 'sun/nio/fs/WindowsException'{0x00000000eb334448}> (0x00000000eb334448) 
thrown [s\src\hotspot\share\prims\jni.cpp, line 516]
Event: 8.534 Thread 0x00000195f6572240 Exception <a 'sun/nio/fs/WindowsException'{0x00000000eb336378}> (0x00000000eb336378) 
thrown [s\src\hotspot\share\prims\jni.cpp, line 516]
Event: 8.534 Thread 0x00000195f6572240 Exception <a 'sun/nio/fs/WindowsException'{0x00000000eb3369d0}> (0x00000000eb3369d0) 
thrown [s\src\hotspot\share\prims\jni.cpp, line 516]
Event: 8.535 Thread 0x00000195f6572240 Exception <a 'sun/nio/fs/WindowsException'{0x00000000eb3a78a8}> (0x00000000eb3a78a8) 
thrown [s\src\hotspot\share\prims\jni.cpp, line 516]
Event: 8.535 Thread 0x00000195f6572240 Exception <a 'sun/nio/fs/WindowsException'{0x00000000eb3a7fa0}> (0x00000000eb3a7fa0) 
thrown [s\src\hotspot\share\prims\jni.cpp, line 516]
Event: 8.535 Thread 0x00000195f6572240 Exception <a 'sun/nio/fs/WindowsException'{0x00000000eb3a8af8}> (0x00000000eb3a8af8) 
thrown [s\src\hotspot\share\prims\jni.cpp, line 516]
Event: 8.535 Thread 0x00000195f6572240 Exception <a 'sun/nio/fs/WindowsException'{0x00000000eb3a9130}> (0x00000000eb3a9130) 
thrown [s\src\hotspot\share\prims\jni.cpp, line 516]

VM Operations (20 events):
Event: 8.492 Executing VM operation: ParallelGCFailedAllocation done
Event: 8.496 Executing VM operation: HandshakeAllThreads
Event: 8.496 Executing VM operation: HandshakeAllThreads done
Event: 8.499 Executing VM operation: HandshakeAllThreads
Event: 8.499 Executing VM operation: HandshakeAllThreads done
Event: 8.551 Executing VM operation: ParallelGCFailedAllocation
Event: 8.556 Executing VM operation: ParallelGCFailedAllocation done
Event: 8.573 Executing VM operation: HandshakeAllThreads
Event: 8.573 Executing VM operation: HandshakeAllThreads done
Event: 8.602 Executing VM operation: ParallelGCFailedAllocation
Event: 8.670 Executing VM operation: ParallelGCFailedAllocation done
Event: 8.719 Executing VM operation: ParallelGCFailedAllocation
Event: 8.721 Executing VM operation: ParallelGCFailedAllocation done
Event: 8.770 Executing VM operation: ParallelGCFailedAllocation
Event: 8.773 Executing VM operation: ParallelGCFailedAllocation done
Event: 8.818 Executing VM operation: ParallelGCFailedAllocation
Event: 8.822 Executing VM operation: ParallelGCFailedAllocation done
Event: 8.866 Executing VM operation: ParallelGCFailedAllocation
Event: 8.869 Executing VM operation: ParallelGCFailedAllocation done
Event: 8.913 Executing VM operation: ParallelGCFailedAllocation

Memory protections (0 events):
No events

Nmethod flushes (20 events):
Event: 8.578 Thread 0x00000195f3d7ccd0 flushing  nmethod 0x00000195dd643e90
Event: 8.580 Thread 0x00000195f3d7ccd0 flushing  nmethod 0x00000195dd7ee610
Event: 8.583 Thread 0x00000195f3d7ccd0 flushing  nmethod 0x00000195ddb24690
Event: 8.584 Thread 0x00000195f3d7ccd0 flushing  nmethod 0x00000195ddbed190
Event: 8.584 Thread 0x00000195f3d7ccd0 flushing  nmethod 0x00000195ddc07610
Event: 8.584 Thread 0x00000195f3d7ccd0 flushing  nmethod 0x00000195ddc09390
Event: 8.584 Thread 0x00000195f3d7ccd0 flushing  nmethod 0x00000195ddc11a90
Event: 8.584 Thread 0x00000195f3d7ccd0 flushing  nmethod 0x00000195ddc55390
Event: 8.585 Thread 0x00000195f3d7ccd0 flushing  nmethod 0x00000195ddd8e690
Event: 8.585 Thread 0x00000195f3d7ccd0 flushing  nmethod 0x00000195ddd90f90
Event: 8.586 Thread 0x00000195f3d7ccd0 flushing  nmethod 0x00000195dde2de10
Event: 8.586 Thread 0x00000195f3d7ccd0 flushing  nmethod 0x00000195dde2e910
Event: 8.586 Thread 0x00000195f3d7ccd0 flushing  nmethod 0x00000195dde2ec90
Event: 8.586 Thread 0x00000195f3d7ccd0 flushing  nmethod 0x00000195dde2f390
Event: 8.586 Thread 0x00000195f3d7ccd0 flushing  nmethod 0x00000195dde3ec10
Event: 8.586 Thread 0x00000195f3d7ccd0 flushing  nmethod 0x00000195dde40390
Event: 8.586 Thread 0x00000195f3d7ccd0 flushing  nmethod 0x00000195dde46210
Event: 8.586 Thread 0x00000195f3d7ccd0 flushing  nmethod 0x00000195dde48e90
Event: 8.586 Thread 0x00000195f3d7ccd0 flushing  nmethod 0x00000195dde72610
Event: 8.586 Thread 0x00000195f3d7ccd0 flushing  nmethod 0x00000195dde72e10

Events (20 events):
Event: 6.620 Thread 0x00000195da5bd840 Thread added: 0x00000195f6571820
Event: 6.620 Thread 0x00000195da5bd840 Thread added: 0x00000195f9997ec0
Event: 6.620 Thread 0x00000195da5bd840 Thread added: 0x00000195f999b160
Event: 6.621 Thread 0x00000195da5bd840 Thread added: 0x00000195f99988e0
Event: 6.621 Thread 0x00000195da5bd840 Thread added: 0x00000195f9998df0
Event: 6.621 Thread 0x00000195da5bd840 Thread added: 0x00000195f999a740
Event: 6.621 Thread 0x00000195da5bd840 Thread added: 0x00000195f999ac50
Event: 6.621 Thread 0x00000195da5bd840 Thread added: 0x00000195f999b670
Event: 6.621 Thread 0x00000195da5bd840 Thread added: 0x00000195f999bb80
Event: 6.621 Thread 0x00000195da5bd840 Thread added: 0x00000195f9999300
Event: 6.621 Thread 0x00000195da5bd840 Thread added: 0x00000195f9999810
Event: 6.621 Thread 0x00000195da5bd840 Thread added: 0x00000195f99983d0
Event: 6.679 Thread 0x00000195da5bd840 Thread added: 0x00000195f9999d20
Event: 6.992 Thread 0x00000195da5bd840 Thread added: 0x00000195f999a230
Event: 6.993 Thread 0x00000195da5bd840 Thread added: 0x00000195f999f330
Event: 7.113 Thread 0x00000195f6572240 Thread added: 0x00000195f999c5a0
Event: 7.114 Thread 0x00000195f999c5a0 Thread added: 0x00000195f999ee20
Event: 7.117 Thread 0x00000195f999ee20 Thread added: 0x00000195f999f840
Event: 7.283 Thread 0x00000195f6572240 Thread added: 0x00000195f999cab0
Event: 8.524 Thread 0x00000195f6572240 Thread added: 0x00000195f999d9e0


Dynamic libraries:
0x00007ff61fe10000 - 0x00007ff61fe1e000 	c:\Users\maitr\.windsurf\extensions\redhat.java-1.38.0-win32-x64\jre\17.0.13-win32-x86_64\bin\java.exe
0x00007ffb7da80000 - 0x00007ffb7dce3000 	C:\WINDOWS\SYSTEM32\ntdll.dll
0x00007ffb7cef0000 - 0x00007ffb7cfb8000 	C:\WINDOWS\System32\KERNEL32.DLL
0x00007ffb7b080000 - 0x00007ffb7b432000 	C:\WINDOWS\System32\KERNELBASE.dll
0x00007ffb7b790000 - 0x00007ffb7b8db000 	C:\WINDOWS\System32\ucrtbase.dll
0x00007ffb65710000 - 0x00007ffb6572e000 	c:\Users\maitr\.windsurf\extensions\redhat.java-1.38.0-win32-x64\jre\17.0.13-win32-x86_64\bin\VCRUNTIME140.dll
0x00007ffb65610000 - 0x00007ffb65627000 	c:\Users\maitr\.windsurf\extensions\redhat.java-1.38.0-win32-x64\jre\17.0.13-win32-x86_64\bin\jli.dll
0x00007ffb7ba60000 - 0x00007ffb7bc28000 	C:\WINDOWS\System32\USER32.dll
0x00007ffb7b610000 - 0x00007ffb7b637000 	C:\WINDOWS\System32\win32u.dll
0x00007ffb7d4d0000 - 0x00007ffb7d4fa000 	C:\WINDOWS\System32\GDI32.dll
0x00007ffb7b4e0000 - 0x00007ffb7b60b000 	C:\WINDOWS\System32\gdi32full.dll
0x00007ffb7afd0000 - 0x00007ffb7b073000 	C:\WINDOWS\System32\msvcp_win.dll
0x00007ffb6ad40000 - 0x00007ffb6afd0000 	C:\WINDOWS\WinSxS\amd64_microsoft.windows.common-controls_6595b64144ccf1df_6.0.26100.2454_none_3e0b68a2e331ad60\COMCTL32.dll
0x00007ffb7d990000 - 0x00007ffb7da39000 	C:\WINDOWS\System32\msvcrt.dll
0x00007ffb7b8e0000 - 0x00007ffb7b90f000 	C:\WINDOWS\System32\IMM32.DLL
0x00007ffb75db0000 - 0x00007ffb75dbc000 	c:\Users\maitr\.windsurf\extensions\redhat.java-1.38.0-win32-x64\jre\17.0.13-win32-x86_64\bin\vcruntime140_1.dll
0x00007ffb290f0000 - 0x00007ffb2917d000 	c:\Users\maitr\.windsurf\extensions\redhat.java-1.38.0-win32-x64\jre\17.0.13-win32-x86_64\bin\msvcp140.dll
0x00007ffaed200000 - 0x00007ffaede6b000 	c:\Users\maitr\.windsurf\extensions\redhat.java-1.38.0-win32-x64\jre\17.0.13-win32-x86_64\bin\server\jvm.dll
0x00007ffb7d0e0000 - 0x00007ffb7d194000 	C:\WINDOWS\System32\ADVAPI32.dll
0x00007ffb7d340000 - 0x00007ffb7d3e6000 	C:\WINDOWS\System32\sechost.dll
0x00007ffb7c7d0000 - 0x00007ffb7c8e6000 	C:\WINDOWS\System32\RPCRT4.dll
0x00007ffb7c8f0000 - 0x00007ffb7c964000 	C:\WINDOWS\System32\WS2_32.dll
0x00007ffb79b20000 - 0x00007ffb79b6e000 	C:\WINDOWS\SYSTEM32\POWRPROF.dll
0x00007ffb714a0000 - 0x00007ffb714d6000 	C:\WINDOWS\SYSTEM32\WINMM.dll
0x00007ffb72440000 - 0x00007ffb7244b000 	C:\WINDOWS\SYSTEM32\VERSION.dll
0x00007ffb79b00000 - 0x00007ffb79b14000 	C:\WINDOWS\SYSTEM32\UMPDC.dll
0x00007ffb79da0000 - 0x00007ffb79dba000 	C:\WINDOWS\SYSTEM32\kernel.appcore.dll
0x00007ffb69780000 - 0x00007ffb6978a000 	c:\Users\maitr\.windsurf\extensions\redhat.java-1.38.0-win32-x64\jre\17.0.13-win32-x86_64\bin\jimage.dll
0x00007ffb78940000 - 0x00007ffb78b81000 	C:\WINDOWS\SYSTEM32\DBGHELP.DLL
0x00007ffb7cb10000 - 0x00007ffb7ce8e000 	C:\WINDOWS\System32\combase.dll
0x00007ffb7d3f0000 - 0x00007ffb7d4c6000 	C:\WINDOWS\System32\OLEAUT32.dll
0x00007ffb62f20000 - 0x00007ffb62f59000 	C:\WINDOWS\SYSTEM32\dbgcore.DLL
0x00007ffb7b440000 - 0x00007ffb7b4d9000 	C:\WINDOWS\System32\bcryptPrimitives.dll
0x00007ffb684a0000 - 0x00007ffb684ae000 	c:\Users\maitr\.windsurf\extensions\redhat.java-1.38.0-win32-x64\jre\17.0.13-win32-x86_64\bin\instrument.dll
0x00007ffb655e0000 - 0x00007ffb65605000 	c:\Users\maitr\.windsurf\extensions\redhat.java-1.38.0-win32-x64\jre\17.0.13-win32-x86_64\bin\java.dll
0x00007ffb4d3c0000 - 0x00007ffb4d3d8000 	c:\Users\maitr\.windsurf\extensions\redhat.java-1.38.0-win32-x64\jre\17.0.13-win32-x86_64\bin\zip.dll
0x00007ffb7c0c0000 - 0x00007ffb7c7c0000 	C:\WINDOWS\System32\SHELL32.dll
0x00007ffb78bc0000 - 0x00007ffb793f1000 	C:\WINDOWS\SYSTEM32\windows.storage.dll
0x00007ffb7d500000 - 0x00007ffb7d5da000 	C:\WINDOWS\System32\SHCORE.dll
0x00007ffb7d1a0000 - 0x00007ffb7d1fd000 	C:\WINDOWS\System32\shlwapi.dll
0x00007ffb7ad60000 - 0x00007ffb7ad8e000 	C:\WINDOWS\SYSTEM32\profapi.dll
0x00007ffb4d180000 - 0x00007ffb4d199000 	C:\Users\maitr\.windsurf\extensions\redhat.java-1.38.0-win32-x64\jre\17.0.13-win32-x86_64\bin\net.dll
0x00007ffb75800000 - 0x00007ffb75926000 	C:\WINDOWS\SYSTEM32\WINHTTP.dll
0x00007ffb7a2a0000 - 0x00007ffb7a308000 	C:\WINDOWS\system32\mswsock.dll
0x00007ffb4cfc0000 - 0x00007ffb4cfd6000 	C:\Users\maitr\.windsurf\extensions\redhat.java-1.38.0-win32-x64\jre\17.0.13-win32-x86_64\bin\nio.dll
0x00007ffb67e10000 - 0x00007ffb67e20000 	c:\Users\maitr\.windsurf\extensions\redhat.java-1.38.0-win32-x64\jre\17.0.13-win32-x86_64\bin\verify.dll
0x00007ffb43ce0000 - 0x00007ffb43d25000 	C:\Users\maitr\AppData\Roaming\Windsurf\User\globalStorage\redhat.java\1.38.0\config_win\org.eclipse.equinox.launcher\org.eclipse.equinox.launcher.win32.win32.x86_64_1.2.1100.v20240722-2106\eclipse_11904.dll
0x00007ffb7c970000 - 0x00007ffb7cb09000 	C:\WINDOWS\System32\ole32.dll
0x00007ffb7a550000 - 0x00007ffb7a56c000 	C:\WINDOWS\SYSTEM32\CRYPTSP.dll
0x00007ffb79d00000 - 0x00007ffb79d38000 	C:\WINDOWS\system32\rsaenh.dll
0x00007ffb7a340000 - 0x00007ffb7a36b000 	C:\WINDOWS\SYSTEM32\USERENV.dll
0x00007ffb7a780000 - 0x00007ffb7a7a6000 	C:\WINDOWS\SYSTEM32\bcrypt.dll
0x00007ffb7a540000 - 0x00007ffb7a54c000 	C:\WINDOWS\SYSTEM32\CRYPTBASE.dll
0x00007ffb797b0000 - 0x00007ffb797e2000 	C:\WINDOWS\SYSTEM32\IPHLPAPI.DLL
0x00007ffb7ba50000 - 0x00007ffb7ba5a000 	C:\WINDOWS\System32\NSI.dll
0x00007ffb754d0000 - 0x00007ffb754ee000 	C:\WINDOWS\SYSTEM32\dhcpcsvc6.DLL
0x00007ffb75940000 - 0x00007ffb75965000 	C:\WINDOWS\SYSTEM32\dhcpcsvc.DLL
0x00007ffb79850000 - 0x00007ffb79975000 	C:\WINDOWS\SYSTEM32\DNSAPI.dll
0x00007ffb3fbc0000 - 0x00007ffb3fc09000 	C:\Users\maitr\AppData\Local\Temp\jna-103658131\jna22898800868157845.dll
0x00007ffb7cfc0000 - 0x00007ffb7cfc8000 	C:\WINDOWS\System32\PSAPI.DLL

dbghelp: loaded successfully - version: 4.0.5 - missing functions: none
symbol engine: initialized successfully - sym options: 0x614 - pdb path: .;c:\Users\maitr\.windsurf\extensions\redhat.java-1.38.0-win32-x64\jre\17.0.13-win32-x86_64\bin;C:\WINDOWS\SYSTEM32;C:\WINDOWS\WinSxS\amd64_microsoft.windows.common-controls_6595b64144ccf1df_6.0.26100.2454_none_3e0b68a2e331ad60;c:\Users\maitr\.windsurf\extensions\redhat.java-1.38.0-win32-x64\jre\17.0.13-win32-x86_64\bin\server;C:\Users\maitr\AppData\Roaming\Windsurf\User\globalStorage\redhat.java\1.38.0\config_win\org.eclipse.equinox.launcher\org.eclipse.equinox.launcher.win32.win32.x86_64_1.2.1100.v20240722-2106;C:\Users\maitr\AppData\Local\Temp\jna-103658131

VM Arguments:
jvm_args: --add-modules=ALL-SYSTEM --add-opens=java.base/java.util=ALL-UNNAMED --add-opens=java.base/java.lang=ALL-UNNAMED --add-opens=java.base/sun.nio.fs=ALL-UNNAMED -Declipse.application=org.eclipse.jdt.ls.core.id1 -Dosgi.bundles.defaultStartLevel=4 -Declipse.product=org.eclipse.jdt.ls.core.product -Djava.import.generatesMetadataFilesAtProjectRoot=false -DDetectVMInstallationsJob.disabled=true -Dfile.encoding=utf8 -XX:+UseParallelGC -XX:GCTimeRatio=4 -XX:AdaptiveSizePolicyWeight=90 -Dsun.zip.disableMemoryMapping=true -Xmx1G -Xms100m -Xlog:disable -javaagent:c:\Users\maitr\.windsurf\extensions\redhat.java-1.38.0-win32-x64\lombok\lombok-1.18.34.jar -XX:+HeapDumpOnOutOfMemoryError -XX:HeapDumpPath=c:\Users\maitr\AppData\Roaming\Windsurf\User\workspaceStorage\4e80a5746ef655b56c3bb9a55fa8cfa9\redhat.java -Daether.dependencyCollector.impl=bf 
java_command: c:\Users\maitr\.windsurf\extensions\redhat.java-1.38.0-win32-x64\server\plugins\org.eclipse.equinox.launcher_1.6.900.v20240613-2009.jar -configuration c:\Users\maitr\AppData\Roaming\Windsurf\User\globalStorage\redhat.java\1.38.0\config_win -data c:\Users\maitr\AppData\Roaming\Windsurf\User\workspaceStorage\4e80a5746ef655b56c3bb9a55fa8cfa9\redhat.java\jdt_ws --pipe=\\.\pipe\lsp-69e55a44c9efb1df4b92f9240e1f81fc-sock
java_class_path (initial): c:\Users\maitr\.windsurf\extensions\redhat.java-1.38.0-win32-x64\server\plugins\org.eclipse.equinox.launcher_1.6.900.v20240613-2009.jar
Launcher Type: SUN_STANDARD

[Global flags]
    uintx AdaptiveSizePolicyWeight                 = 90                                        {product} {command line}
     intx CICompilerCount                          = 4                                         {product} {ergonomic}
    uintx GCTimeRatio                              = 4                                         {product} {command line}
     bool HeapDumpOnOutOfMemoryError               = true                                   {manageable} {command line}
    ccstr HeapDumpPath                             = c:\Users\maitr\AppData\Roaming\Windsurf\User\workspaceStorage\4e80a5746ef655b56c3bb9a55fa8cfa9\redhat.java         {manageable} {command line}
   size_t InitialHeapSize                          = 104857600                                 {product} {command line}
   size_t MaxHeapSize                              = 1073741824                                {product} {command line}
   size_t MaxNewSize                               = 357564416                                 {product} {ergonomic}
   size_t MinHeapDeltaBytes                        = 524288                                    {product} {ergonomic}
   size_t MinHeapSize                              = 104857600                                 {product} {command line}
   size_t NewSize                                  = 34603008                                  {product} {ergonomic}
    uintx NonNMethodCodeHeapSize                   = 5839372                                {pd product} {ergonomic}
    uintx NonProfiledCodeHeapSize                  = 122909434                              {pd product} {ergonomic}
   size_t OldSize                                  = 70254592                                  {product} {ergonomic}
    uintx ProfiledCodeHeapSize                     = 122909434                              {pd product} {ergonomic}
    uintx ReservedCodeCacheSize                    = 251658240                              {pd product} {ergonomic}
     bool SegmentedCodeCache                       = true                                      {product} {ergonomic}
   size_t SoftMaxHeapSize                          = 1073741824                             {manageable} {ergonomic}
     bool UseCompressedClassPointers               = true                           {product lp64_product} {ergonomic}
     bool UseCompressedOops                        = true                           {product lp64_product} {ergonomic}
     bool UseLargePagesIndividualAllocation        = false                                  {pd product} {ergonomic}
     bool UseParallelGC                            = true                                      {product} {command line}

Logging:
Log output configuration:
 #0: stdout all=off uptime,level,tags
 #1: stderr all=off uptime,level,tags

Environment Variables:
PATH=C:\Program Files\Common Files\Oracle\Java\javapath;C:\Program Files (x86)\Common Files\Oracle\Java\javapath;C:\Program Files\Microsoft\jdk-11.0.16.101-hotspot\bin;C:\Windows\system32;C:\Windows;C:\Windows\System32\Wbem;C:\Windows\System32\WindowsPowerShell\v1.0\;C:\Windows\System32\OpenSSH\;C:\Program Files (x86)\NVIDIA Corporation\PhysX\Common;C:\Program Files\NVIDIA Corporation\NVIDIA NvDLISR;C:\WINDOWS\system32;C:\WINDOWS;C:\WINDOWS\System32\Wbem;C:\WINDOWS\System32\WindowsPowerShell\v1.0\;C:\WINDOWS\System32\OpenSSH\;C:\Program Files\Microsoft SQL Server\150\Tools\Binn\;C:\Program Files\Microsoft SQL Server\Client SDK\ODBC\170\Tools\Binn\;C:\Program Files\dotnet\;C:\Program Files\Microsoft SQL Server\120\Tools\Binn\;C:\Program Files\Microsoft SQL Server\Client SDK\ODBC\110\Tools\Binn\;C:\Program Files (x86)\Microsoft SQL Server\120\Tools\Binn\;C:\Program Files\Microsoft SQL Server\120\DTS\Binn\;C:\Program Files (x86)\Microsoft SQL Server\120\Tools\Binn\ManagementStudio\;C:\Program Files (x86)\Microsoft SQL Server\120\DTS\Binn\;C:\Program Files\Git\cmd;C:\Program Files\Cloudflare\Cloudflare WARP\;C:\Program Files\MySQL\MySQL Shell 8.0\bin\;C:\Users\maitr\AppData\Local\Microsoft\WindowsApps;C:\Users\maitr\AppData\Local\Programs\Microsoft VS Code\bin;C:\Users\maitr\.dotnet\tools;C:\Users\maitr\AppData\Local\GitHubDesktop\bin;C:\Program Files\JetBrains\IntelliJ IDEA 2024.2.4\bin;;C:\Users\maitr\AppData\Local\Programs\Windsurf\bin
USERNAME=maitr
OS=Windows_NT
PROCESSOR_IDENTIFIER=AMD64 Family 23 Model 96 Stepping 1, AuthenticAMD
TMP=C:\Users\maitr\AppData\Local\Temp
TEMP=C:\Users\maitr\AppData\Local\Temp



Periodic native trim disabled


---------------  S Y S T E M  ---------------

OS:
 Windows 11 , 64 bit Build 26100 (10.0.26100.2454)
OS uptime: 13 days 3:02 hours

CPU: total 12 (initial active 12) (12 cores per cpu, 2 threads per core) family 23 model 96 stepping 1 microcode 0x8600103, cx8, cmov, fxsr, ht, mmx, 3dnowpref, sse, sse2, sse3, ssse3, sse4a, sse4.1, sse4.2, popcnt, lzcnt, tsc, tscinvbit, avx, avx2, aes, clmul, bmi1, bmi2, adx, sha, fma, vzeroupper, clflush, clflushopt
Processor Information for all 12 processors :
  Max Mhz: 3000, Current Mhz: 3000, Mhz Limit: 3000

Memory: 4k page, system-wide physical 7549M (679M free)
TotalPageFile size 31101M (AvailPageFile size 68M)
current process WorkingSet (physical memory assigned to process): 308M, peak: 308M
current process commit charge ("private bytes"): 349M, peak: 349M

vm_info: OpenJDK 64-Bit Server VM (17.0.13+11) for windows-amd64 JRE (17.0.13+11), built on Oct 16 2024 00:10:08 by "admin" with MS VC++ 17.7 (VS2022)

END.
