#
# There is insufficient memory for the Java Runtime Environment to continue.
# Native memory allocation (malloc) failed to allocate 1943936 bytes. Error detail: Chunk::new
# Possible reasons:
#   The system is out of physical RAM or swap space
#   This process is running with CompressedOops enabled, and the Java Heap may be blocking the growth of the native heap
# Possible solutions:
#   Reduce memory load on the system
#   Increase physical memory or swap space
#   Check if swap backing store is full
#   Decrease Java heap size (-Xmx/-Xms)
#   Decrease number of Java threads
#   Decrease Java thread stack sizes (-Xss)
#   Set larger code cache with -XX:ReservedCodeCacheSize=
#   JVM is running with Unscaled Compressed Oops mode in which the Java heap is
#     placed in the first 4GB address space. The Java Heap base address is the
#     maximum limit for the native heap growth. Please use -XX:HeapBaseMinAddress
#     to set the Java Heap base and to place the Java Heap above 4GB virtual address.
# This output file may be truncated or incomplete.
#
#  Out of Memory Error (arena.cpp:191), pid=35988, tid=18712
#
# JRE version: OpenJDK Runtime Environment Temurin-17.0.13+11 (17.0.13+11) (build 17.0.13+11)
# Java VM: OpenJDK 64-Bit Server VM Temurin-17.0.13+11 (17.0.13+11, mixed mode, tiered, compressed oops, compressed class ptrs, g1 gc, windows-amd64)
# No core dump will be written. Minidumps are not enabled by default on client versions of Windows
#

---------------  S U M M A R Y ------------

Command Line: --add-opens=java.base/java.lang=ALL-UNNAMED --add-opens=java.base/java.io=ALL-UNNAMED --add-opens=java.base/java.util=ALL-UNNAMED -Dplugin.dir=C:\Users\maitr\.windsurf\extensions\redhat.java-1.38.0-win32-x64\server\..\..\vscjava.vscode-gradle-3.15.0-universal\server\plugins com.microsoft.java.bs.core.Launcher

Host: AMD Ryzen 5 4600H with Radeon Graphics         , 12 cores, 7G,  Windows 11 , 64 bit Build 26100 (10.0.26100.2454)
Time: Thu Jan  2 16:51:42 2025 SE Asia Standard Time elapsed time: 8.471439 seconds (0d 0h 0m 8s)

---------------  T H R E A D  ---------------

Current thread (0x000001f8e52e2600):  JavaThread "C2 CompilerThread1" daemon [_thread_in_native, id=18712, stack(0x00000057faf00000,0x00000057fb000000)]


Current CompileTask:
C2:   8471 1944       4       jdk.internal.org.objectweb.asm.Frame::execute (2318 bytes)

Stack: [0x00000057faf00000,0x00000057fb000000]
Native frames: (J=compiled Java code, j=interpreted, Vv=VM code, C=native code)
V  [jvm.dll+0x682a19]
V  [jvm.dll+0x839538]
V  [jvm.dll+0x83afe3]
V  [jvm.dll+0x83b653]
V  [jvm.dll+0x24704f]
V  [jvm.dll+0xace34]
V  [jvm.dll+0xad4cc]
V  [jvm.dll+0x36597e]
V  [jvm.dll+0x32fbd8]
V  [jvm.dll+0x32f05a]
V  [jvm.dll+0x21804f]
V  [jvm.dll+0x21748f]
V  [jvm.dll+0x1a3070]
V  [jvm.dll+0x22788c]
V  [jvm.dll+0x2259eb]
V  [jvm.dll+0x7eec98]
V  [jvm.dll+0x7e8ffc]
V  [jvm.dll+0x6818f7]
C  [ucrtbase.dll+0x14ea0]
C  [KERNEL32.DLL+0x2e8d7]
C  [ntdll.dll+0xdfbcc]


---------------  P R O C E S S  ---------------

Threads class SMR info:
_java_thread_list=0x000001f8e640a510, length=17, elements={
0x000001f8e05702c0, 0x000001f8e0570b90, 0x000001f8e0594c50, 0x000001f8e0597530,
0x000001f8e0599e10, 0x000001f8e059a6e0, 0x000001f8e059b2e0, 0x000001f8e059bbf0,
0x000001f8e059c500, 0x000001f8e073a040, 0x000001f8e0749e90, 0x000001f8e5471eb0,
0x000001f8c70da6b0, 0x000001f8e543a460, 0x000001f8e55c5b30, 0x000001f8e55c6500,
0x000001f8e52e2600
}

Java Threads: ( => current thread )
  0x000001f8e05702c0 JavaThread "Reference Handler" daemon [_thread_blocked, id=4900, stack(0x00000057f9700000,0x00000057f9800000)]
  0x000001f8e0570b90 JavaThread "Finalizer" daemon [_thread_blocked, id=4772, stack(0x00000057f9800000,0x00000057f9900000)]
  0x000001f8e0594c50 JavaThread "Signal Dispatcher" daemon [_thread_blocked, id=40696, stack(0x00000057f9900000,0x00000057f9a00000)]
  0x000001f8e0597530 JavaThread "Attach Listener" daemon [_thread_blocked, id=26352, stack(0x00000057f9a00000,0x00000057f9b00000)]
  0x000001f8e0599e10 JavaThread "Service Thread" daemon [_thread_blocked, id=36712, stack(0x00000057f9b00000,0x00000057f9c00000)]
  0x000001f8e059a6e0 JavaThread "Monitor Deflation Thread" daemon [_thread_blocked, id=20416, stack(0x00000057f9c00000,0x00000057f9d00000)]
  0x000001f8e059b2e0 JavaThread "C2 CompilerThread0" daemon [_thread_in_native, id=2788, stack(0x00000057f9d00000,0x00000057f9e00000)]
  0x000001f8e059bbf0 JavaThread "C1 CompilerThread0" daemon [_thread_blocked, id=40716, stack(0x00000057f9e00000,0x00000057f9f00000)]
  0x000001f8e059c500 JavaThread "Sweeper thread" daemon [_thread_blocked, id=40628, stack(0x00000057f9f00000,0x00000057fa000000)]
  0x000001f8e073a040 JavaThread "Common-Cleaner" daemon [_thread_blocked, id=4912, stack(0x00000057fa000000,0x00000057fa100000)]
  0x000001f8e0749e90 JavaThread "Notification Thread" daemon [_thread_blocked, id=23580, stack(0x00000057fa100000,0x00000057fa200000)]
  0x000001f8e5471eb0 JavaThread "pool-1-thread-1" [_thread_blocked, id=20084, stack(0x00000057fa500000,0x00000057fa600000)]
  0x000001f8c70da6b0 JavaThread "DestroyJavaVM" [_thread_blocked, id=24444, stack(0x00000057f9000000,0x00000057f9100000)]
  0x000001f8e543a460 JavaThread "ForkJoinPool.commonPool-worker-1" daemon [_thread_blocked, id=2548, stack(0x00000057fa600000,0x00000057fa700000)]
  0x000001f8e55c5b30 JavaThread "Connection worker" daemon [_thread_in_Java, id=35148, stack(0x00000057fa700000,0x00000057fa800000)]
  0x000001f8e55c6500 JavaThread "ForkJoinPool.commonPool-worker-2" daemon [_thread_blocked, id=25408, stack(0x00000057fa800000,0x00000057fa900000)]
=>0x000001f8e52e2600 JavaThread "C2 CompilerThread1" daemon [_thread_in_native, id=18712, stack(0x00000057faf00000,0x00000057fb000000)]

Other Threads:
  0x000001f8e0548da0 VMThread "VM Thread" [stack: 0x00000057f9600000,0x00000057f9700000] [id=28012]
  0x000001f8e073d380 WatcherThread [stack: 0x00000057fa200000,0x00000057fa300000] [id=27140]
  0x000001f8c7131400 GCTaskThread "GC Thread#0" [stack: 0x00000057f9100000,0x00000057f9200000] [id=23900]
  0x000001f8e560f5f0 GCTaskThread "GC Thread#1" [stack: 0x00000057fa300000,0x00000057fa400000] [id=37344]
  0x000001f8e5903160 GCTaskThread "GC Thread#2" [stack: 0x00000057fa400000,0x00000057fa500000] [id=26072]
  0x000001f8e5903420 GCTaskThread "GC Thread#3" [stack: 0x00000057fa900000,0x00000057faa00000] [id=7796]
  0x000001f8e5930230 GCTaskThread "GC Thread#4" [stack: 0x00000057faa00000,0x00000057fab00000] [id=15620]
  0x000001f8e5b849b0 GCTaskThread "GC Thread#5" [stack: 0x00000057fab00000,0x00000057fac00000] [id=4888]
  0x000001f8e5b84c70 GCTaskThread "GC Thread#6" [stack: 0x00000057fac00000,0x00000057fad00000] [id=32176]
  0x000001f8e5b87550 GCTaskThread "GC Thread#7" [stack: 0x00000057fad00000,0x00000057fae00000] [id=25024]
  0x000001f8e5b87a20 GCTaskThread "GC Thread#8" [stack: 0x00000057fae00000,0x00000057faf00000] [id=35704]
  0x000001f8e6201f80 GCTaskThread "GC Thread#9" [stack: 0x00000057fb000000,0x00000057fb100000] [id=5140]
  0x000001f8c7140fc0 ConcurrentGCThread "G1 Main Marker" [stack: 0x00000057f9200000,0x00000057f9300000] [id=28292]
  0x000001f8c7146c20 ConcurrentGCThread "G1 Conc#0" [stack: 0x00000057f9300000,0x00000057f9400000] [id=39912]
  0x000001f8e03b2110 ConcurrentGCThread "G1 Refine#0" [stack: 0x00000057f9400000,0x00000057f9500000] [id=32144]
  0x000001f8e03b2950 ConcurrentGCThread "G1 Service" [stack: 0x00000057f9500000,0x00000057f9600000] [id=6124]

Threads with active compile tasks:
C2 CompilerThread1     8514 1944       4       jdk.internal.org.objectweb.asm.Frame::execute (2318 bytes)

VM state: not at safepoint (normal execution)

VM Mutex/Monitor currently owned by a thread: None

Heap address: 0x000000008a000000, size: 1888 MB, Compressed Oops mode: 32-bit

CDS archive(s) not mapped
Compressed class space mapped at: 0x0000000100000000-0x0000000140000000, reserved size: 1073741824
Narrow klass base: 0x0000000000000000, Narrow klass shift: 3, Narrow klass range: 0x140000000

GC Precious Log:
 CPUs: 12 total, 12 available
 Memory: 7549M
 Large Page Support: Disabled
 NUMA Support: Disabled
 Compressed Oops: Enabled (32-bit)
 Heap Region Size: 1M
 Heap Min Capacity: 8M
 Heap Initial Capacity: 118M
 Heap Max Capacity: 1888M
 Pre-touch: Disabled
 Parallel Workers: 10
 Concurrent Workers: 3
 Concurrent Refinement Workers: 10
 Periodic GC: Disabled

Heap:
 garbage-first heap   total 120832K, used 45583K [0x000000008a000000, 0x0000000100000000)
  region size 1024K, 34 young (34816K), 5 survivors (5120K)
 Metaspace       used 19792K, committed 19968K, reserved 1114112K
  class space    used 2420K, committed 2496K, reserved 1048576K

Heap Regions: E=young(eden), S=young(survivor), O=old, HS=humongous(starts), HC=humongous(continues), CS=collection set, F=free, OA=open archive, CA=closed archive, TAMS=top-at-mark-start (previous, next)
|   0|0x000000008a000000, 0x000000008a100000, 0x000000008a100000|100%| O|  |TAMS 0x000000008a000000, 0x000000008a000000| Untracked 
|   1|0x000000008a100000, 0x000000008a200000, 0x000000008a200000|100%| O|  |TAMS 0x000000008a100000, 0x000000008a100000| Untracked 
|   2|0x000000008a200000, 0x000000008a300000, 0x000000008a300000|100%| O|  |TAMS 0x000000008a200000, 0x000000008a200000| Untracked 
|   3|0x000000008a300000, 0x000000008a400000, 0x000000008a400000|100%| O|  |TAMS 0x000000008a300000, 0x000000008a300000| Untracked 
|   4|0x000000008a400000, 0x000000008a500000, 0x000000008a500000|100%|HS|  |TAMS 0x000000008a400000, 0x000000008a400000| Complete 
|   5|0x000000008a500000, 0x000000008a600000, 0x000000008a600000|100%|HC|  |TAMS 0x000000008a500000, 0x000000008a500000| Complete 
|   6|0x000000008a600000, 0x000000008a700000, 0x000000008a700000|100%|HC|  |TAMS 0x000000008a600000, 0x000000008a600000| Complete 
|   7|0x000000008a700000, 0x000000008a800000, 0x000000008a800000|100%| O|  |TAMS 0x000000008a700000, 0x000000008a700000| Untracked 
|   8|0x000000008a800000, 0x000000008a900000, 0x000000008a900000|100%| O|  |TAMS 0x000000008a800000, 0x000000008a800000| Untracked 
|   9|0x000000008a900000, 0x000000008aa00000, 0x000000008aa00000|100%| O|  |TAMS 0x000000008a900000, 0x000000008a900000| Untracked 
|  10|0x000000008aa00000, 0x000000008aa15600, 0x000000008ab00000|  8%| O|  |TAMS 0x000000008aa00000, 0x000000008aa00000| Untracked 
|  11|0x000000008ab00000, 0x000000008ac00000, 0x000000008ac00000|100%|HS|  |TAMS 0x000000008ab00000, 0x000000008ab00000| Complete 
|  12|0x000000008ac00000, 0x000000008ad00000, 0x000000008ad00000|100%|HS|  |TAMS 0x000000008ac00000, 0x000000008ac00000| Complete 
|  13|0x000000008ad00000, 0x000000008ad00000, 0x000000008ae00000|  0%| F|  |TAMS 0x000000008ad00000, 0x000000008ad00000| Untracked 
|  14|0x000000008ae00000, 0x000000008ae00000, 0x000000008af00000|  0%| F|  |TAMS 0x000000008ae00000, 0x000000008ae00000| Untracked 
|  15|0x000000008af00000, 0x000000008af00000, 0x000000008b000000|  0%| F|  |TAMS 0x000000008af00000, 0x000000008af00000| Untracked 
|  16|0x000000008b000000, 0x000000008b000000, 0x000000008b100000|  0%| F|  |TAMS 0x000000008b000000, 0x000000008b000000| Untracked 
|  17|0x000000008b100000, 0x000000008b100000, 0x000000008b200000|  0%| F|  |TAMS 0x000000008b100000, 0x000000008b100000| Untracked 
|  18|0x000000008b200000, 0x000000008b200000, 0x000000008b300000|  0%| F|  |TAMS 0x000000008b200000, 0x000000008b200000| Untracked 
|  19|0x000000008b300000, 0x000000008b300000, 0x000000008b400000|  0%| F|  |TAMS 0x000000008b300000, 0x000000008b300000| Untracked 
|  20|0x000000008b400000, 0x000000008b400000, 0x000000008b500000|  0%| F|  |TAMS 0x000000008b400000, 0x000000008b400000| Untracked 
|  21|0x000000008b500000, 0x000000008b500000, 0x000000008b600000|  0%| F|  |TAMS 0x000000008b500000, 0x000000008b500000| Untracked 
|  22|0x000000008b600000, 0x000000008b600000, 0x000000008b700000|  0%| F|  |TAMS 0x000000008b600000, 0x000000008b600000| Untracked 
|  23|0x000000008b700000, 0x000000008b700000, 0x000000008b800000|  0%| F|  |TAMS 0x000000008b700000, 0x000000008b700000| Untracked 
|  24|0x000000008b800000, 0x000000008b800000, 0x000000008b900000|  0%| F|  |TAMS 0x000000008b800000, 0x000000008b800000| Untracked 
|  25|0x000000008b900000, 0x000000008b900000, 0x000000008ba00000|  0%| F|  |TAMS 0x000000008b900000, 0x000000008b900000| Untracked 
|  26|0x000000008ba00000, 0x000000008ba00000, 0x000000008bb00000|  0%| F|  |TAMS 0x000000008ba00000, 0x000000008ba00000| Untracked 
|  27|0x000000008bb00000, 0x000000008bb00000, 0x000000008bc00000|  0%| F|  |TAMS 0x000000008bb00000, 0x000000008bb00000| Untracked 
|  28|0x000000008bc00000, 0x000000008bc00000, 0x000000008bd00000|  0%| F|  |TAMS 0x000000008bc00000, 0x000000008bc00000| Untracked 
|  29|0x000000008bd00000, 0x000000008bd00000, 0x000000008be00000|  0%| F|  |TAMS 0x000000008bd00000, 0x000000008bd00000| Untracked 
|  30|0x000000008be00000, 0x000000008be00000, 0x000000008bf00000|  0%| F|  |TAMS 0x000000008be00000, 0x000000008be00000| Untracked 
|  31|0x000000008bf00000, 0x000000008bf00000, 0x000000008c000000|  0%| F|  |TAMS 0x000000008bf00000, 0x000000008bf00000| Untracked 
|  32|0x000000008c000000, 0x000000008c000000, 0x000000008c100000|  0%| F|  |TAMS 0x000000008c000000, 0x000000008c000000| Untracked 
|  33|0x000000008c100000, 0x000000008c100000, 0x000000008c200000|  0%| F|  |TAMS 0x000000008c100000, 0x000000008c100000| Untracked 
|  34|0x000000008c200000, 0x000000008c200000, 0x000000008c300000|  0%| F|  |TAMS 0x000000008c200000, 0x000000008c200000| Untracked 
|  35|0x000000008c300000, 0x000000008c300000, 0x000000008c400000|  0%| F|  |TAMS 0x000000008c300000, 0x000000008c300000| Untracked 
|  36|0x000000008c400000, 0x000000008c400000, 0x000000008c500000|  0%| F|  |TAMS 0x000000008c400000, 0x000000008c400000| Untracked 
|  37|0x000000008c500000, 0x000000008c500000, 0x000000008c600000|  0%| F|  |TAMS 0x000000008c500000, 0x000000008c500000| Untracked 
|  38|0x000000008c600000, 0x000000008c600000, 0x000000008c700000|  0%| F|  |TAMS 0x000000008c600000, 0x000000008c600000| Untracked 
|  39|0x000000008c700000, 0x000000008c700000, 0x000000008c800000|  0%| F|  |TAMS 0x000000008c700000, 0x000000008c700000| Untracked 
|  40|0x000000008c800000, 0x000000008c800000, 0x000000008c900000|  0%| F|  |TAMS 0x000000008c800000, 0x000000008c800000| Untracked 
|  41|0x000000008c900000, 0x000000008c900000, 0x000000008ca00000|  0%| F|  |TAMS 0x000000008c900000, 0x000000008c900000| Untracked 
|  42|0x000000008ca00000, 0x000000008ca00000, 0x000000008cb00000|  0%| F|  |TAMS 0x000000008ca00000, 0x000000008ca00000| Untracked 
|  43|0x000000008cb00000, 0x000000008cb00000, 0x000000008cc00000|  0%| F|  |TAMS 0x000000008cb00000, 0x000000008cb00000| Untracked 
|  44|0x000000008cc00000, 0x000000008cc00000, 0x000000008cd00000|  0%| F|  |TAMS 0x000000008cc00000, 0x000000008cc00000| Untracked 
|  45|0x000000008cd00000, 0x000000008cd00000, 0x000000008ce00000|  0%| F|  |TAMS 0x000000008cd00000, 0x000000008cd00000| Untracked 
|  46|0x000000008ce00000, 0x000000008ce00000, 0x000000008cf00000|  0%| F|  |TAMS 0x000000008ce00000, 0x000000008ce00000| Untracked 
|  47|0x000000008cf00000, 0x000000008cf00000, 0x000000008d000000|  0%| F|  |TAMS 0x000000008cf00000, 0x000000008cf00000| Untracked 
|  48|0x000000008d000000, 0x000000008d000000, 0x000000008d100000|  0%| F|  |TAMS 0x000000008d000000, 0x000000008d000000| Untracked 
|  49|0x000000008d100000, 0x000000008d100000, 0x000000008d200000|  0%| F|  |TAMS 0x000000008d100000, 0x000000008d100000| Untracked 
|  50|0x000000008d200000, 0x000000008d200000, 0x000000008d300000|  0%| F|  |TAMS 0x000000008d200000, 0x000000008d200000| Untracked 
|  51|0x000000008d300000, 0x000000008d300000, 0x000000008d400000|  0%| F|  |TAMS 0x000000008d300000, 0x000000008d300000| Untracked 
|  52|0x000000008d400000, 0x000000008d400000, 0x000000008d500000|  0%| F|  |TAMS 0x000000008d400000, 0x000000008d400000| Untracked 
|  53|0x000000008d500000, 0x000000008d500000, 0x000000008d600000|  0%| F|  |TAMS 0x000000008d500000, 0x000000008d500000| Untracked 
|  54|0x000000008d600000, 0x000000008d600000, 0x000000008d700000|  0%| F|  |TAMS 0x000000008d600000, 0x000000008d600000| Untracked 
|  55|0x000000008d700000, 0x000000008d700000, 0x000000008d800000|  0%| F|  |TAMS 0x000000008d700000, 0x000000008d700000| Untracked 
|  56|0x000000008d800000, 0x000000008d800000, 0x000000008d900000|  0%| F|  |TAMS 0x000000008d800000, 0x000000008d800000| Untracked 
|  57|0x000000008d900000, 0x000000008d900000, 0x000000008da00000|  0%| F|  |TAMS 0x000000008d900000, 0x000000008d900000| Untracked 
|  58|0x000000008da00000, 0x000000008da00000, 0x000000008db00000|  0%| F|  |TAMS 0x000000008da00000, 0x000000008da00000| Untracked 
|  59|0x000000008db00000, 0x000000008db00000, 0x000000008dc00000|  0%| F|  |TAMS 0x000000008db00000, 0x000000008db00000| Untracked 
|  60|0x000000008dc00000, 0x000000008dc00000, 0x000000008dd00000|  0%| F|  |TAMS 0x000000008dc00000, 0x000000008dc00000| Untracked 
|  61|0x000000008dd00000, 0x000000008dd00000, 0x000000008de00000|  0%| F|  |TAMS 0x000000008dd00000, 0x000000008dd00000| Untracked 
|  62|0x000000008de00000, 0x000000008de00000, 0x000000008df00000|  0%| F|  |TAMS 0x000000008de00000, 0x000000008de00000| Untracked 
|  63|0x000000008df00000, 0x000000008df00000, 0x000000008e000000|  0%| F|  |TAMS 0x000000008df00000, 0x000000008df00000| Untracked 
|  64|0x000000008e000000, 0x000000008e000000, 0x000000008e100000|  0%| F|  |TAMS 0x000000008e000000, 0x000000008e000000| Untracked 
|  65|0x000000008e100000, 0x000000008e100000, 0x000000008e200000|  0%| F|  |TAMS 0x000000008e100000, 0x000000008e100000| Untracked 
|  66|0x000000008e200000, 0x000000008e200000, 0x000000008e300000|  0%| F|  |TAMS 0x000000008e200000, 0x000000008e200000| Untracked 
|  67|0x000000008e300000, 0x000000008e300000, 0x000000008e400000|  0%| F|  |TAMS 0x000000008e300000, 0x000000008e300000| Untracked 
|  68|0x000000008e400000, 0x000000008e400000, 0x000000008e500000|  0%| F|  |TAMS 0x000000008e400000, 0x000000008e400000| Untracked 
|  69|0x000000008e500000, 0x000000008e500000, 0x000000008e600000|  0%| F|  |TAMS 0x000000008e500000, 0x000000008e500000| Untracked 
|  70|0x000000008e600000, 0x000000008e600000, 0x000000008e700000|  0%| F|  |TAMS 0x000000008e600000, 0x000000008e600000| Untracked 
|  71|0x000000008e700000, 0x000000008e700000, 0x000000008e800000|  0%| F|  |TAMS 0x000000008e700000, 0x000000008e700000| Untracked 
|  72|0x000000008e800000, 0x000000008e86e730, 0x000000008e900000| 43%| S|CS|TAMS 0x000000008e800000, 0x000000008e800000| Complete 
|  73|0x000000008e900000, 0x000000008ea00000, 0x000000008ea00000|100%| S|CS|TAMS 0x000000008e900000, 0x000000008e900000| Complete 
|  74|0x000000008ea00000, 0x000000008eb00000, 0x000000008eb00000|100%| S|CS|TAMS 0x000000008ea00000, 0x000000008ea00000| Complete 
|  75|0x000000008eb00000, 0x000000008ec00000, 0x000000008ec00000|100%| S|CS|TAMS 0x000000008eb00000, 0x000000008eb00000| Complete 
|  76|0x000000008ec00000, 0x000000008ed00000, 0x000000008ed00000|100%| S|CS|TAMS 0x000000008ec00000, 0x000000008ec00000| Complete 
|  77|0x000000008ed00000, 0x000000008ed00000, 0x000000008ee00000|  0%| F|  |TAMS 0x000000008ed00000, 0x000000008ed00000| Untracked 
|  78|0x000000008ee00000, 0x000000008ee00000, 0x000000008ef00000|  0%| F|  |TAMS 0x000000008ee00000, 0x000000008ee00000| Untracked 
|  79|0x000000008ef00000, 0x000000008ef00000, 0x000000008f000000|  0%| F|  |TAMS 0x000000008ef00000, 0x000000008ef00000| Untracked 
|  80|0x000000008f000000, 0x000000008f000000, 0x000000008f100000|  0%| F|  |TAMS 0x000000008f000000, 0x000000008f000000| Untracked 
|  81|0x000000008f100000, 0x000000008f100000, 0x000000008f200000|  0%| F|  |TAMS 0x000000008f100000, 0x000000008f100000| Untracked 
|  82|0x000000008f200000, 0x000000008f200000, 0x000000008f300000|  0%| F|  |TAMS 0x000000008f200000, 0x000000008f200000| Untracked 
|  83|0x000000008f300000, 0x000000008f300000, 0x000000008f400000|  0%| F|  |TAMS 0x000000008f300000, 0x000000008f300000| Untracked 
|  84|0x000000008f400000, 0x000000008f400000, 0x000000008f500000|  0%| F|  |TAMS 0x000000008f400000, 0x000000008f400000| Untracked 
|  85|0x000000008f500000, 0x000000008f500000, 0x000000008f600000|  0%| F|  |TAMS 0x000000008f500000, 0x000000008f500000| Untracked 
|  86|0x000000008f600000, 0x000000008f600000, 0x000000008f700000|  0%| F|  |TAMS 0x000000008f600000, 0x000000008f600000| Untracked 
|  87|0x000000008f700000, 0x000000008f700000, 0x000000008f800000|  0%| F|  |TAMS 0x000000008f700000, 0x000000008f700000| Untracked 
|  88|0x000000008f800000, 0x000000008f800000, 0x000000008f900000|  0%| F|  |TAMS 0x000000008f800000, 0x000000008f800000| Untracked 
|  89|0x000000008f900000, 0x000000008fa00000, 0x000000008fa00000|100%| E|  |TAMS 0x000000008f900000, 0x000000008f900000| Complete 
|  90|0x000000008fa00000, 0x000000008fb00000, 0x000000008fb00000|100%| E|CS|TAMS 0x000000008fa00000, 0x000000008fa00000| Complete 
|  91|0x000000008fb00000, 0x000000008fc00000, 0x000000008fc00000|100%| E|CS|TAMS 0x000000008fb00000, 0x000000008fb00000| Complete 
|  92|0x000000008fc00000, 0x000000008fd00000, 0x000000008fd00000|100%| E|CS|TAMS 0x000000008fc00000, 0x000000008fc00000| Complete 
|  93|0x000000008fd00000, 0x000000008fe00000, 0x000000008fe00000|100%| E|CS|TAMS 0x000000008fd00000, 0x000000008fd00000| Complete 
|  94|0x000000008fe00000, 0x000000008ff00000, 0x000000008ff00000|100%| E|CS|TAMS 0x000000008fe00000, 0x000000008fe00000| Complete 
|  95|0x000000008ff00000, 0x0000000090000000, 0x0000000090000000|100%| E|CS|TAMS 0x000000008ff00000, 0x000000008ff00000| Complete 
|  96|0x0000000090000000, 0x0000000090100000, 0x0000000090100000|100%| E|CS|TAMS 0x0000000090000000, 0x0000000090000000| Complete 
|  97|0x0000000090100000, 0x0000000090200000, 0x0000000090200000|100%| E|CS|TAMS 0x0000000090100000, 0x0000000090100000| Complete 
|  98|0x0000000090200000, 0x0000000090300000, 0x0000000090300000|100%| E|CS|TAMS 0x0000000090200000, 0x0000000090200000| Complete 
|  99|0x0000000090300000, 0x0000000090400000, 0x0000000090400000|100%| E|CS|TAMS 0x0000000090300000, 0x0000000090300000| Complete 
| 100|0x0000000090400000, 0x0000000090500000, 0x0000000090500000|100%| E|CS|TAMS 0x0000000090400000, 0x0000000090400000| Complete 
| 101|0x0000000090500000, 0x0000000090600000, 0x0000000090600000|100%| E|CS|TAMS 0x0000000090500000, 0x0000000090500000| Complete 
| 102|0x0000000090600000, 0x0000000090700000, 0x0000000090700000|100%| E|CS|TAMS 0x0000000090600000, 0x0000000090600000| Complete 
| 103|0x0000000090700000, 0x0000000090800000, 0x0000000090800000|100%| E|CS|TAMS 0x0000000090700000, 0x0000000090700000| Complete 
| 104|0x0000000090800000, 0x0000000090900000, 0x0000000090900000|100%| E|CS|TAMS 0x0000000090800000, 0x0000000090800000| Complete 
| 105|0x0000000090900000, 0x0000000090a00000, 0x0000000090a00000|100%| E|CS|TAMS 0x0000000090900000, 0x0000000090900000| Complete 
| 106|0x0000000090a00000, 0x0000000090b00000, 0x0000000090b00000|100%| E|CS|TAMS 0x0000000090a00000, 0x0000000090a00000| Complete 
| 107|0x0000000090b00000, 0x0000000090c00000, 0x0000000090c00000|100%| E|CS|TAMS 0x0000000090b00000, 0x0000000090b00000| Complete 
| 108|0x0000000090c00000, 0x0000000090d00000, 0x0000000090d00000|100%| E|CS|TAMS 0x0000000090c00000, 0x0000000090c00000| Complete 
| 109|0x0000000090d00000, 0x0000000090e00000, 0x0000000090e00000|100%| E|CS|TAMS 0x0000000090d00000, 0x0000000090d00000| Complete 
| 110|0x0000000090e00000, 0x0000000090f00000, 0x0000000090f00000|100%| E|CS|TAMS 0x0000000090e00000, 0x0000000090e00000| Complete 
| 111|0x0000000090f00000, 0x0000000091000000, 0x0000000091000000|100%| E|CS|TAMS 0x0000000090f00000, 0x0000000090f00000| Complete 
| 112|0x0000000091000000, 0x0000000091100000, 0x0000000091100000|100%| E|CS|TAMS 0x0000000091000000, 0x0000000091000000| Complete 
| 113|0x0000000091100000, 0x0000000091200000, 0x0000000091200000|100%| E|CS|TAMS 0x0000000091100000, 0x0000000091100000| Complete 
| 114|0x0000000091200000, 0x0000000091300000, 0x0000000091300000|100%| E|CS|TAMS 0x0000000091200000, 0x0000000091200000| Complete 
| 115|0x0000000091300000, 0x0000000091400000, 0x0000000091400000|100%| E|CS|TAMS 0x0000000091300000, 0x0000000091300000| Complete 
| 116|0x0000000091400000, 0x0000000091500000, 0x0000000091500000|100%| E|CS|TAMS 0x0000000091400000, 0x0000000091400000| Complete 
| 117|0x0000000091500000, 0x0000000091600000, 0x0000000091600000|100%| E|CS|TAMS 0x0000000091500000, 0x0000000091500000| Complete 

Card table byte_map: [0x000001f8d9670000,0x000001f8d9a20000] _byte_map_base: 0x000001f8d9220000

Marking Bits (Prev, Next): (CMBitMap*) 0x000001f8c7131930, (CMBitMap*) 0x000001f8c7131970
 Prev Bits: [0x000001f8d9dd0000, 0x000001f8dbb50000)
 Next Bits: [0x000001f8dbb50000, 0x000001f8dd8d0000)

Polling page: 0x000001f8c4f90000

Metaspace:

Usage:
  Non-class:     16.97 MB used.
      Class:      2.37 MB used.
       Both:     19.34 MB used.

Virtual space:
  Non-class space:       64.00 MB reserved,      17.06 MB ( 27%) committed,  1 nodes.
      Class space:        1.00 GB reserved,       2.44 MB ( <1%) committed,  1 nodes.
             Both:        1.06 GB reserved,      19.50 MB (  2%) committed. 

Chunk freelists:
   Non-Class:  14.89 MB
       Class:  13.58 MB
        Both:  28.47 MB

MaxMetaspaceSize: unlimited
CompressedClassSpaceSize: 1.00 GB
Initial GC threshold: 21.00 MB
Current GC threshold: 21.00 MB
CDS: off
MetaspaceReclaimPolicy: balanced
 - commit_granule_bytes: 65536.
 - commit_granule_words: 8192.
 - virtual_space_node_default_size: 8388608.
 - enlarge_chunks_in_place: 1.
 - new_chunks_are_fully_committed: 0.
 - uncommit_free_chunks: 1.
 - use_allocation_guard: 0.
 - handle_deallocations: 1.


Internal statistics:

num_allocs_failed_limit: 0.
num_arena_births: 80.
num_arena_deaths: 0.
num_vsnodes_births: 2.
num_vsnodes_deaths: 0.
num_space_committed: 312.
num_space_uncommitted: 0.
num_chunks_returned_to_freelist: 0.
num_chunks_taken_from_freelist: 457.
num_chunk_merges: 0.
num_chunk_splits: 287.
num_chunks_enlarged: 224.
num_inconsistent_stats: 0.

CodeHeap 'non-profiled nmethods': size=120000Kb used=951Kb max_used=951Kb free=119048Kb
 bounds [0x000001f8d1840000, 0x000001f8d1ab0000, 0x000001f8d8d70000]
CodeHeap 'profiled nmethods': size=120000Kb used=4024Kb max_used=4024Kb free=115976Kb
 bounds [0x000001f8c9d70000, 0x000001f8ca160000, 0x000001f8d12a0000]
CodeHeap 'non-nmethods': size=5760Kb used=1177Kb max_used=1207Kb free=4582Kb
 bounds [0x000001f8d12a0000, 0x000001f8d1510000, 0x000001f8d1840000]
 total_blobs=2465 nmethods=1990 adapters=388
 compilation: enabled
              stopped_count=0, restarted_count=0
 full_count=0

Compilation events (20 events):
Event: 6.384 Thread 0x000001f8e059bbf0 nmethod 1977 0x000001f8ca157290 code [0x000001f8ca157440, 0x000001f8ca1576d8]
Event: 6.384 Thread 0x000001f8e059bbf0 1978       1       java.lang.invoke.DirectMethodHandle::internalMemberName (5 bytes)
Event: 6.384 Thread 0x000001f8e059bbf0 nmethod 1978 0x000001f8d1929e10 code [0x000001f8d1929fa0, 0x000001f8d192a078]
Event: 6.384 Thread 0x000001f8e059bbf0 1979       3       java.lang.invoke.MethodType$ConcurrentWeakInternSet::get (47 bytes)
Event: 6.384 Thread 0x000001f8e059bbf0 nmethod 1979 0x000001f8ca157810 code [0x000001f8ca157a40, 0x000001f8ca158378]
Event: 6.384 Thread 0x000001f8e059bbf0 1980       3       java.lang.invoke.MethodHandleNatives::findMethodHandleType (7 bytes)
Event: 6.385 Thread 0x000001f8e059bbf0 nmethod 1980 0x000001f8ca158690 code [0x000001f8ca158820, 0x000001f8ca158948]
Event: 6.385 Thread 0x000001f8e059bbf0 1981       3       jdk.internal.org.objectweb.asm.ClassWriter::visitField (53 bytes)
Event: 6.385 Thread 0x000001f8e059bbf0 nmethod 1981 0x000001f8ca158a10 code [0x000001f8ca158bc0, 0x000001f8ca158f08]
Event: 7.406 Thread 0x000001f8e059b2e0 nmethod 1972 0x000001f8d192a110 code [0x000001f8d192a360, 0x000001f8d192bd70]
Event: 7.419 Thread 0x000001f8e059bbf0 1982       3       jdk.internal.reflect.ReflectionFactory::inflationThreshold (4 bytes)
Event: 7.419 Thread 0x000001f8e059bbf0 nmethod 1982 0x000001f8ca159090 code [0x000001f8ca159220, 0x000001f8ca159318]
Event: 7.433 Thread 0x000001f8e059bbf0 1984       3       java.lang.invoke.MethodHandleNatives::refKindIsMethod (19 bytes)
Event: 7.434 Thread 0x000001f8e059bbf0 nmethod 1984 0x000001f8ca159390 code [0x000001f8ca159540, 0x000001f8ca159778]
Event: 7.434 Thread 0x000001f8e059bbf0 1985       3       java.lang.invoke.MethodType$ConcurrentWeakInternSet::add (66 bytes)
Event: 7.435 Thread 0x000001f8e059bbf0 nmethod 1985 0x000001f8ca159810 code [0x000001f8ca159a80, 0x000001f8ca15a7e8]
Event: 7.435 Thread 0x000001f8e059bbf0 1986       3       java.lang.invoke.MethodHandles$Lookup::in (283 bytes)
Event: 7.436 Thread 0x000001f8e059bbf0 nmethod 1986 0x000001f8ca15ac90 code [0x000001f8ca15b0c0, 0x000001f8ca15cac8]
Event: 7.440 Thread 0x000001f8e059bbf0 1988       3       java.lang.ref.WeakReference::<init> (6 bytes)
Event: 7.440 Thread 0x000001f8e059bbf0 nmethod 1988 0x000001f8ca15d390 code [0x000001f8ca15d540, 0x000001f8ca15d858]

GC Heap History (6 events):
Event: 2.239 GC heap before
{Heap before GC invocations=0 (full 0):
 garbage-first heap   total 120832K, used 22528K [0x000000008a000000, 0x0000000100000000)
  region size 1024K, 23 young (23552K), 0 survivors (0K)
 Metaspace       used 14303K, committed 14400K, reserved 1114112K
  class space    used 1557K, committed 1600K, reserved 1048576K
}
Event: 2.247 GC heap after
{Heap after GC invocations=1 (full 0):
 garbage-first heap   total 120832K, used 7077K [0x000000008a000000, 0x0000000100000000)
  region size 1024K, 3 young (3072K), 3 survivors (3072K)
 Metaspace       used 14303K, committed 14400K, reserved 1114112K
  class space    used 1557K, committed 1600K, reserved 1048576K
}
Event: 3.084 GC heap before
{Heap before GC invocations=1 (full 0):
 garbage-first heap   total 120832K, used 35749K [0x000000008a000000, 0x0000000100000000)
  region size 1024K, 29 young (29696K), 3 survivors (3072K)
 Metaspace       used 16993K, committed 17216K, reserved 1114112K
  class space    used 1970K, committed 2112K, reserved 1048576K
}
Event: 3.091 GC heap after
{Heap after GC invocations=2 (full 0):
 garbage-first heap   total 120832K, used 13711K [0x000000008a000000, 0x0000000100000000)
  region size 1024K, 4 young (4096K), 4 survivors (4096K)
 Metaspace       used 16993K, committed 17216K, reserved 1114112K
  class space    used 1970K, committed 2112K, reserved 1048576K
}
Event: 3.696 GC heap before
{Heap before GC invocations=2 (full 0):
 garbage-first heap   total 120832K, used 51599K [0x000000008a000000, 0x0000000100000000)
  region size 1024K, 41 young (41984K), 4 survivors (4096K)
 Metaspace       used 17087K, committed 17344K, reserved 1114112K
  class space    used 1971K, committed 2112K, reserved 1048576K
}
Event: 3.699 GC heap after
{Heap after GC invocations=3 (full 0):
 garbage-first heap   total 120832K, used 14863K [0x000000008a000000, 0x0000000100000000)
  region size 1024K, 5 young (5120K), 5 survivors (5120K)
 Metaspace       used 17087K, committed 17344K, reserved 1114112K
  class space    used 1971K, committed 2112K, reserved 1048576K
}

Dll operation events (7 events):
Event: 0.013 Loaded shared library C:\Users\maitr\.windsurf\extensions\redhat.java-1.38.0-win32-x64\jre\17.0.13-win32-x86_64\bin\java.dll
Event: 0.203 Loaded shared library C:\Users\maitr\.windsurf\extensions\redhat.java-1.38.0-win32-x64\jre\17.0.13-win32-x86_64\bin\net.dll
Event: 0.206 Loaded shared library C:\Users\maitr\.windsurf\extensions\redhat.java-1.38.0-win32-x64\jre\17.0.13-win32-x86_64\bin\nio.dll
Event: 0.216 Loaded shared library C:\Users\maitr\.windsurf\extensions\redhat.java-1.38.0-win32-x64\jre\17.0.13-win32-x86_64\bin\zip.dll
Event: 0.301 Loaded shared library C:\Users\maitr\.windsurf\extensions\redhat.java-1.38.0-win32-x64\jre\17.0.13-win32-x86_64\bin\jimage.dll
Event: 1.705 Loaded shared library C:\Users\maitr\.windsurf\extensions\redhat.java-1.38.0-win32-x64\jre\17.0.13-win32-x86_64\bin\verify.dll
Event: 2.647 Loaded shared library C:\Users\maitr\.gradle\native\c067742578af261105cb4f569cf0c3c89f3d7b1fecec35dd04571415982c5e48\windows-amd64\native-platform.dll

Deoptimization events (20 events):
Event: 6.207 Thread 0x000001f8e55c5b30 Uncommon trap: trap_request=0xffffffde fr.pc=0x000001f8d19214a4 relative=0x0000000000000104
Event: 6.207 Thread 0x000001f8e55c5b30 Uncommon trap: reason=class_check action=maybe_recompile pc=0x000001f8d19214a4 method=jdk.internal.misc.Unsafe.allocateUninitializedArray(Ljava/lang/Class;I)Ljava/lang/Object; @ 51 c2
Event: 6.207 Thread 0x000001f8e55c5b30 DEOPT PACKING pc=0x000001f8d19214a4 sp=0x00000057fa7f9a20
Event: 6.207 Thread 0x000001f8e55c5b30 DEOPT UNPACKING pc=0x000001f8d12f69a3 sp=0x00000057fa7f99a8 mode 2
Event: 6.207 Thread 0x000001f8e55c5b30 Uncommon trap: trap_request=0xffffffde fr.pc=0x000001f8d19214a4 relative=0x0000000000000104
Event: 6.207 Thread 0x000001f8e55c5b30 Uncommon trap: reason=class_check action=maybe_recompile pc=0x000001f8d19214a4 method=jdk.internal.misc.Unsafe.allocateUninitializedArray(Ljava/lang/Class;I)Ljava/lang/Object; @ 51 c2
Event: 6.207 Thread 0x000001f8e55c5b30 DEOPT PACKING pc=0x000001f8d19214a4 sp=0x00000057fa7f9680
Event: 6.207 Thread 0x000001f8e55c5b30 DEOPT UNPACKING pc=0x000001f8d12f69a3 sp=0x00000057fa7f9608 mode 2
Event: 6.208 Thread 0x000001f8e55c5b30 Uncommon trap: trap_request=0xffffffde fr.pc=0x000001f8d19214a4 relative=0x0000000000000104
Event: 6.208 Thread 0x000001f8e55c5b30 Uncommon trap: reason=class_check action=maybe_recompile pc=0x000001f8d19214a4 method=jdk.internal.misc.Unsafe.allocateUninitializedArray(Ljava/lang/Class;I)Ljava/lang/Object; @ 51 c2
Event: 6.208 Thread 0x000001f8e55c5b30 DEOPT PACKING pc=0x000001f8d19214a4 sp=0x00000057fa7f7d90
Event: 6.208 Thread 0x000001f8e55c5b30 DEOPT UNPACKING pc=0x000001f8d12f69a3 sp=0x00000057fa7f7d18 mode 2
Event: 6.208 Thread 0x000001f8e55c5b30 Uncommon trap: trap_request=0xffffffde fr.pc=0x000001f8d19214a4 relative=0x0000000000000104
Event: 6.208 Thread 0x000001f8e55c5b30 Uncommon trap: reason=class_check action=maybe_recompile pc=0x000001f8d19214a4 method=jdk.internal.misc.Unsafe.allocateUninitializedArray(Ljava/lang/Class;I)Ljava/lang/Object; @ 51 c2
Event: 6.208 Thread 0x000001f8e55c5b30 DEOPT PACKING pc=0x000001f8d19214a4 sp=0x00000057fa7f79f0
Event: 6.208 Thread 0x000001f8e55c5b30 DEOPT UNPACKING pc=0x000001f8d12f69a3 sp=0x00000057fa7f7978 mode 2
Event: 6.291 Thread 0x000001f8e55c5b30 DEOPT PACKING pc=0x000001f8ca074de0 sp=0x00000057fa7f7bc0
Event: 6.291 Thread 0x000001f8e55c5b30 DEOPT UNPACKING pc=0x000001f8d12f7143 sp=0x00000057fa7f70d8 mode 0
Event: 6.375 Thread 0x000001f8e55c5b30 DEOPT PACKING pc=0x000001f8ca074de0 sp=0x00000057fa7f9d40
Event: 6.375 Thread 0x000001f8e55c5b30 DEOPT UNPACKING pc=0x000001f8d12f7143 sp=0x00000057fa7f9258 mode 0

Classes loaded (20 events):
Event: 7.419 Loading class java/net/ConnectException
Event: 7.419 Loading class java/net/ConnectException done
Event: 7.424 Loading class java/nio/file/NoSuchFileException
Event: 7.424 Loading class java/nio/file/FileSystemException
Event: 7.424 Loading class java/nio/file/FileSystemException done
Event: 7.424 Loading class java/nio/file/NoSuchFileException done
Event: 7.430 Loading class java/nio/file/AtomicMoveNotSupportedException
Event: 7.430 Loading class java/nio/file/AtomicMoveNotSupportedException done
Event: 7.432 Loading class java/util/Spliterators$IteratorSpliterator
Event: 7.432 Loading class java/util/Spliterators$IteratorSpliterator done
Event: 7.449 Loading class java/util/concurrent/ConcurrentSkipListMap
Event: 7.450 Loading class java/util/concurrent/ConcurrentSkipListMap done
Event: 7.450 Loading class java/util/concurrent/ConcurrentSkipListMap$Index
Event: 7.450 Loading class java/util/concurrent/ConcurrentSkipListMap$Index done
Event: 7.450 Loading class java/util/concurrent/atomic/LongAdder
Event: 7.450 Loading class java/util/concurrent/atomic/Striped64
Event: 7.451 Loading class java/util/concurrent/atomic/Striped64 done
Event: 7.451 Loading class java/util/concurrent/atomic/LongAdder done
Event: 7.451 Loading class java/util/concurrent/ConcurrentSkipListMap$Node
Event: 7.451 Loading class java/util/concurrent/ConcurrentSkipListMap$Node done

Classes unloaded (0 events):
No events

Classes redefined (0 events):
No events

Internal exceptions (20 events):
Event: 1.687 Thread 0x000001f8e543a460 Exception <a 'java/io/IOException'{0x000000009087afc8}> (0x000000009087afc8) 
thrown [s\src\hotspot\share\prims\jni.cpp, line 516]
Event: 1.687 Thread 0x000001f8e543a460 Exception <a 'java/io/IOException'{0x000000009087b2d8}> (0x000000009087b2d8) 
thrown [s\src\hotspot\share\prims\jni.cpp, line 516]
Event: 1.710 Thread 0x000001f8e543a460 Exception <a 'java/lang/NoClassDefFoundError'{0x00000000908f2d98}: org/slf4j/impl/StaticLoggerBinder> (0x00000000908f2d98) 
thrown [s\src\hotspot\share\classfile\systemDictionary.cpp, line 245]
Event: 1.710 Thread 0x000001f8e543a460 Exception <a 'java/io/IOException'{0x00000000908f3648}> (0x00000000908f3648) 
thrown [s\src\hotspot\share\prims\jni.cpp, line 516]
Event: 1.710 Thread 0x000001f8e543a460 Exception <a 'java/io/IOException'{0x00000000908f3c00}> (0x00000000908f3c00) 
thrown [s\src\hotspot\share\prims\jni.cpp, line 516]
Event: 1.710 Thread 0x000001f8e543a460 Exception <a 'java/io/IOException'{0x00000000908f4340}> (0x00000000908f4340) 
thrown [s\src\hotspot\share\prims\jni.cpp, line 516]
Event: 1.710 Thread 0x000001f8e543a460 Exception <a 'java/io/IOException'{0x00000000908f48f8}> (0x00000000908f48f8) 
thrown [s\src\hotspot\share\prims\jni.cpp, line 516]
Event: 1.710 Thread 0x000001f8e543a460 Exception <a 'java/io/IOException'{0x00000000908f5080}> (0x00000000908f5080) 
thrown [s\src\hotspot\share\prims\jni.cpp, line 516]
Event: 1.710 Thread 0x000001f8e543a460 Exception <a 'java/io/IOException'{0x00000000908f5638}> (0x00000000908f5638) 
thrown [s\src\hotspot\share\prims\jni.cpp, line 516]
Event: 1.865 Thread 0x000001f8e55c5b30 Exception <a 'java/lang/NoSuchMethodError'{0x0000000090377390}: 'void java.lang.invoke.DirectMethodHandle$Holder.invokeInterface(java.lang.Object, java.lang.Object, java.lang.Object)'> (0x0000000090377390) 
thrown [s\src\hotspot\share\interpreter\linkResolver.cpp, line 759]
Event: 2.619 Thread 0x000001f8e55c5b30 Exception <a 'java/lang/NoSuchMethodError'{0x0000000090d81878}: 'java.lang.Object java.lang.invoke.Invokers$Holder.invoker(java.lang.Object, java.lang.Object, java.lang.Object)'> (0x0000000090d81878) 
thrown [s\src\hotspot\share\interpreter\linkResolver.cpp, line 759]
Event: 2.621 Thread 0x000001f8e55c5b30 Exception <a 'java/lang/NoSuchMethodError'{0x0000000090d8a928}: 'java.lang.Object java.lang.invoke.DirectMethodHandle$Holder.invokeStatic(java.lang.Object, java.lang.Object, int)'> (0x0000000090d8a928) 
thrown [s\src\hotspot\share\interpreter\linkResolver.cpp, line 759]
Event: 2.621 Thread 0x000001f8e55c5b30 Exception <a 'java/lang/NoSuchMethodError'{0x0000000090d96618}: 'void java.lang.invoke.DelegatingMethodHandle$Holder.delegate(java.lang.Object, java.lang.Object, int, java.lang.Object)'> (0x0000000090d96618) 
thrown [s\src\hotspot\share\interpreter\linkResolver.cpp, line 759]
Event: 2.622 Thread 0x000001f8e55c5b30 Exception <a 'java/lang/NoSuchMethodError'{0x0000000090d9aaf8}: 'int java.lang.invoke.DirectMethodHandle$Holder.invokeSpecial(java.lang.Object, java.lang.Object, java.lang.Object)'> (0x0000000090d9aaf8) 
thrown [s\src\hotspot\share\interpreter\linkResolver.cpp, line 759]
Event: 2.624 Thread 0x000001f8e55c5b30 Exception <a 'java/lang/NoSuchMethodError'{0x0000000090ded960}: 'java.lang.Object java.lang.invoke.Invokers$Holder.invokeExact_MT(java.lang.Object, java.lang.Object, java.lang.Object, java.lang.Object)'> (0x0000000090ded960) 
thrown [s\src\hotspot\share\interpreter\linkResolver.cpp, line 759]
Event: 2.629 Thread 0x000001f8e55c5b30 Exception <a 'java/lang/NoSuchMethodError'{0x0000000090c19c40}: 'java.lang.Object java.lang.invoke.DirectMethodHandle$Holder.invokeVirtual(java.lang.Object, java.lang.Object, java.lang.Object)'> (0x0000000090c19c40) 
thrown [s\src\hotspot\share\interpreter\linkResolver.cpp, line 759]
Event: 2.754 Thread 0x000001f8e55c5b30 Exception <a 'java/lang/NoSuchMethodError'{0x00000000909a1f88}: 'int java.lang.invoke.DirectMethodHandle$Holder.invokeStaticInit(java.lang.Object, java.lang.Object)'> (0x00000000909a1f88) 
thrown [s\src\hotspot\share\interpreter\linkResolver.cpp, line 759]
Event: 6.294 Thread 0x000001f8e55c5b30 Exception <a 'java/lang/NoSuchMethodError'{0x000000008fe6c010}: 'void java.lang.invoke.DirectMethodHandle$Holder.invokeStatic(java.lang.Object, java.lang.Object)'> (0x000000008fe6c010) 
thrown [s\src\hotspot\share\interpreter\linkResolver.cpp, line 759]
Event: 7.407 Thread 0x000001f8e55c5b30 Exception <a 'java/lang/NoClassDefFoundError'{0x000000008fb3ad10}: org/slf4j/impl/StaticMarkerBinder> (0x000000008fb3ad10) 
thrown [s\src\hotspot\share\classfile\systemDictionary.cpp, line 245]
Event: 7.434 Thread 0x000001f8e55c5b30 Exception <a 'java/lang/NoSuchMethodError'{0x000000008fbe4570}: 'java.lang.Object java.lang.invoke.DirectMethodHandle$Holder.invokeSpecialIFC(java.lang.Object, java.lang.Object, java.lang.Object, java.lang.Object)'> (0x000000008fbe4570) 
thrown [s\src\hotspot\share\interpreter\linkResolver.cpp, line 759]

VM Operations (20 events):
Event: 2.238 Executing VM operation: G1CollectForAllocation
Event: 2.247 Executing VM operation: G1CollectForAllocation done
Event: 2.402 Executing VM operation: HandshakeAllThreads
Event: 2.402 Executing VM operation: HandshakeAllThreads done
Event: 3.084 Executing VM operation: G1CollectForAllocation
Event: 3.091 Executing VM operation: G1CollectForAllocation done
Event: 3.696 Executing VM operation: G1CollectForAllocation
Event: 3.699 Executing VM operation: G1CollectForAllocation done
Event: 4.700 Executing VM operation: Cleanup
Event: 4.700 Executing VM operation: Cleanup done
Event: 6.249 Executing VM operation: HandshakeAllThreads
Event: 6.249 Executing VM operation: HandshakeAllThreads done
Event: 6.249 Executing VM operation: Cleanup
Event: 6.249 Executing VM operation: Cleanup done
Event: 7.264 Executing VM operation: Cleanup
Event: 7.404 Executing VM operation: Cleanup done
Event: 7.450 Executing VM operation: HandshakeAllThreads
Event: 7.450 Executing VM operation: HandshakeAllThreads done
Event: 8.452 Executing VM operation: Cleanup
Event: 8.452 Executing VM operation: Cleanup done

Memory protections (0 events):
No events

Nmethod flushes (0 events):
No events

Events (20 events):
Event: 0.078 Thread 0x000001f8c70da6b0 Thread added: 0x000001f8e0599e10
Event: 0.078 Thread 0x000001f8c70da6b0 Thread added: 0x000001f8e059a6e0
Event: 0.079 Thread 0x000001f8c70da6b0 Thread added: 0x000001f8e059b2e0
Event: 0.079 Thread 0x000001f8c70da6b0 Thread added: 0x000001f8e059bbf0
Event: 0.079 Thread 0x000001f8c70da6b0 Thread added: 0x000001f8e059c500
Event: 0.184 Thread 0x000001f8c70da6b0 Thread added: 0x000001f8e073a040
Event: 0.188 Thread 0x000001f8c70da6b0 Thread added: 0x000001f8e0749e90
Event: 1.444 Thread 0x000001f8e059bbf0 Thread added: 0x000001f8e50b84d0
Event: 1.445 Thread 0x000001f8e059bbf0 Thread added: 0x000001f8e51a6fe0
Event: 1.588 Thread 0x000001f8c70da6b0 Thread added: 0x000001f8e5471eb0
Event: 1.589 Thread 0x000001f8c70da6b0 Thread exited: 0x000001f8c70da6b0
Event: 1.589 Thread 0x000001f8c70da6b0 Thread added: 0x000001f8c70da6b0
Event: 1.617 Thread 0x000001f8e5471eb0 Thread added: 0x000001f8e543a460
Event: 1.783 Thread 0x000001f8e543a460 Thread added: 0x000001f8e55c5b30
Event: 1.784 Thread 0x000001f8e543a460 Thread added: 0x000001f8e55c6500
Event: 2.151 Thread 0x000001f8e51a6fe0 Thread exited: 0x000001f8e51a6fe0
Event: 2.232 Thread 0x000001f8e50b84d0 Thread exited: 0x000001f8e50b84d0
Event: 2.527 Thread 0x000001f8e059bbf0 Thread added: 0x000001f8e5ebe9c0
Event: 3.570 Thread 0x000001f8e5ebe9c0 Thread exited: 0x000001f8e5ebe9c0
Event: 5.972 Thread 0x000001f8e059bbf0 Thread added: 0x000001f8e52e2600


Dynamic libraries:
0x00007ff61fe10000 - 0x00007ff61fe1e000 	C:\Users\maitr\.windsurf\extensions\redhat.java-1.38.0-win32-x64\jre\17.0.13-win32-x86_64\bin\java.exe
0x00007ffb7da80000 - 0x00007ffb7dce3000 	C:\WINDOWS\SYSTEM32\ntdll.dll
0x00007ffb7cef0000 - 0x00007ffb7cfb8000 	C:\WINDOWS\System32\KERNEL32.DLL
0x00007ffb7b080000 - 0x00007ffb7b432000 	C:\WINDOWS\System32\KERNELBASE.dll
0x00007ffb7b790000 - 0x00007ffb7b8db000 	C:\WINDOWS\System32\ucrtbase.dll
0x00007ffb65710000 - 0x00007ffb6572e000 	C:\Users\maitr\.windsurf\extensions\redhat.java-1.38.0-win32-x64\jre\17.0.13-win32-x86_64\bin\VCRUNTIME140.dll
0x00007ffb65610000 - 0x00007ffb65627000 	C:\Users\maitr\.windsurf\extensions\redhat.java-1.38.0-win32-x64\jre\17.0.13-win32-x86_64\bin\jli.dll
0x00007ffb7ba60000 - 0x00007ffb7bc28000 	C:\WINDOWS\System32\USER32.dll
0x00007ffb7b610000 - 0x00007ffb7b637000 	C:\WINDOWS\System32\win32u.dll
0x00007ffb6ad40000 - 0x00007ffb6afd0000 	C:\WINDOWS\WinSxS\amd64_microsoft.windows.common-controls_6595b64144ccf1df_6.0.26100.2454_none_3e0b68a2e331ad60\COMCTL32.dll
0x00007ffb7d4d0000 - 0x00007ffb7d4fa000 	C:\WINDOWS\System32\GDI32.dll
0x00007ffb7d990000 - 0x00007ffb7da39000 	C:\WINDOWS\System32\msvcrt.dll
0x00007ffb7b4e0000 - 0x00007ffb7b60b000 	C:\WINDOWS\System32\gdi32full.dll
0x00007ffb7afd0000 - 0x00007ffb7b073000 	C:\WINDOWS\System32\msvcp_win.dll
0x00007ffb7b8e0000 - 0x00007ffb7b90f000 	C:\WINDOWS\System32\IMM32.DLL
0x00007ffb75db0000 - 0x00007ffb75dbc000 	C:\Users\maitr\.windsurf\extensions\redhat.java-1.38.0-win32-x64\jre\17.0.13-win32-x86_64\bin\vcruntime140_1.dll
0x00007ffb290f0000 - 0x00007ffb2917d000 	C:\Users\maitr\.windsurf\extensions\redhat.java-1.38.0-win32-x64\jre\17.0.13-win32-x86_64\bin\msvcp140.dll
0x00007ffaed200000 - 0x00007ffaede6b000 	C:\Users\maitr\.windsurf\extensions\redhat.java-1.38.0-win32-x64\jre\17.0.13-win32-x86_64\bin\server\jvm.dll
0x00007ffb7d0e0000 - 0x00007ffb7d194000 	C:\WINDOWS\System32\ADVAPI32.dll
0x00007ffb7d340000 - 0x00007ffb7d3e6000 	C:\WINDOWS\System32\sechost.dll
0x00007ffb7c7d0000 - 0x00007ffb7c8e6000 	C:\WINDOWS\System32\RPCRT4.dll
0x00007ffb7c8f0000 - 0x00007ffb7c964000 	C:\WINDOWS\System32\WS2_32.dll
0x00007ffb79b20000 - 0x00007ffb79b6e000 	C:\WINDOWS\SYSTEM32\POWRPROF.dll
0x00007ffb714a0000 - 0x00007ffb714d6000 	C:\WINDOWS\SYSTEM32\WINMM.dll
0x00007ffb72440000 - 0x00007ffb7244b000 	C:\WINDOWS\SYSTEM32\VERSION.dll
0x00007ffb79b00000 - 0x00007ffb79b14000 	C:\WINDOWS\SYSTEM32\UMPDC.dll
0x00007ffb79da0000 - 0x00007ffb79dba000 	C:\WINDOWS\SYSTEM32\kernel.appcore.dll
0x00007ffb69780000 - 0x00007ffb6978a000 	C:\Users\maitr\.windsurf\extensions\redhat.java-1.38.0-win32-x64\jre\17.0.13-win32-x86_64\bin\jimage.dll
0x00007ffb78940000 - 0x00007ffb78b81000 	C:\WINDOWS\SYSTEM32\DBGHELP.DLL
0x00007ffb7cb10000 - 0x00007ffb7ce8e000 	C:\WINDOWS\System32\combase.dll
0x00007ffb7d3f0000 - 0x00007ffb7d4c6000 	C:\WINDOWS\System32\OLEAUT32.dll
0x00007ffb62f20000 - 0x00007ffb62f59000 	C:\WINDOWS\SYSTEM32\dbgcore.DLL
0x00007ffb7b440000 - 0x00007ffb7b4d9000 	C:\WINDOWS\System32\bcryptPrimitives.dll
0x00007ffb655e0000 - 0x00007ffb65605000 	C:\Users\maitr\.windsurf\extensions\redhat.java-1.38.0-win32-x64\jre\17.0.13-win32-x86_64\bin\java.dll
0x00007ffb4d3c0000 - 0x00007ffb4d3d8000 	C:\Users\maitr\.windsurf\extensions\redhat.java-1.38.0-win32-x64\jre\17.0.13-win32-x86_64\bin\zip.dll
0x00007ffb7c0c0000 - 0x00007ffb7c7c0000 	C:\WINDOWS\System32\SHELL32.dll
0x00007ffb78bc0000 - 0x00007ffb793f1000 	C:\WINDOWS\SYSTEM32\windows.storage.dll
0x00007ffb7d500000 - 0x00007ffb7d5da000 	C:\WINDOWS\System32\SHCORE.dll
0x00007ffb7d1a0000 - 0x00007ffb7d1fd000 	C:\WINDOWS\System32\shlwapi.dll
0x00007ffb7ad60000 - 0x00007ffb7ad8e000 	C:\WINDOWS\SYSTEM32\profapi.dll
0x00007ffb4d180000 - 0x00007ffb4d199000 	C:\Users\maitr\.windsurf\extensions\redhat.java-1.38.0-win32-x64\jre\17.0.13-win32-x86_64\bin\net.dll
0x00007ffb75800000 - 0x00007ffb75926000 	C:\WINDOWS\SYSTEM32\WINHTTP.dll
0x00007ffb7a2a0000 - 0x00007ffb7a308000 	C:\WINDOWS\system32\mswsock.dll
0x00007ffb4cfc0000 - 0x00007ffb4cfd6000 	C:\Users\maitr\.windsurf\extensions\redhat.java-1.38.0-win32-x64\jre\17.0.13-win32-x86_64\bin\nio.dll
0x00007ffb67e10000 - 0x00007ffb67e20000 	C:\Users\maitr\.windsurf\extensions\redhat.java-1.38.0-win32-x64\jre\17.0.13-win32-x86_64\bin\verify.dll
0x00007ffb3ca40000 - 0x00007ffb3ca67000 	C:\Users\maitr\.gradle\native\c067742578af261105cb4f569cf0c3c89f3d7b1fecec35dd04571415982c5e48\windows-amd64\native-platform.dll

dbghelp: loaded successfully - version: 4.0.5 - missing functions: none
symbol engine: initialized successfully - sym options: 0x614 - pdb path: .;C:\Users\maitr\.windsurf\extensions\redhat.java-1.38.0-win32-x64\jre\17.0.13-win32-x86_64\bin;C:\WINDOWS\SYSTEM32;C:\WINDOWS\WinSxS\amd64_microsoft.windows.common-controls_6595b64144ccf1df_6.0.26100.2454_none_3e0b68a2e331ad60;C:\Users\maitr\.windsurf\extensions\redhat.java-1.38.0-win32-x64\jre\17.0.13-win32-x86_64\bin\server;C:\Users\maitr\.gradle\native\c067742578af261105cb4f569cf0c3c89f3d7b1fecec35dd04571415982c5e48\windows-amd64

VM Arguments:
jvm_args: --add-opens=java.base/java.lang=ALL-UNNAMED --add-opens=java.base/java.io=ALL-UNNAMED --add-opens=java.base/java.util=ALL-UNNAMED -Dplugin.dir=C:\Users\maitr\.windsurf\extensions\redhat.java-1.38.0-win32-x64\server\..\..\vscjava.vscode-gradle-3.15.0-universal\server\plugins 
java_command: com.microsoft.java.bs.core.Launcher
java_class_path (initial): C:\Users\maitr\.windsurf\extensions\redhat.java-1.38.0-win32-x64\server\..\..\vscjava.vscode-gradle-3.15.0-universal\server\server.jar;C:\Users\maitr\.windsurf\extensions\redhat.java-1.38.0-win32-x64\server\..\..\vscjava.vscode-gradle-3.15.0-universal\server\runtime\bsp4j-2.1.0-M4.jar;C:\Users\maitr\.windsurf\extensions\redhat.java-1.38.0-win32-x64\server\..\..\vscjava.vscode-gradle-3.15.0-universal\server\runtime\checker-qual-3.5.0.jar;C:\Users\maitr\.windsurf\extensions\redhat.java-1.38.0-win32-x64\server\..\..\vscjava.vscode-gradle-3.15.0-universal\server\runtime\commons-lang3-3.13.0.jar;C:\Users\maitr\.windsurf\extensions\redhat.java-1.38.0-win32-x64\server\..\..\vscjava.vscode-gradle-3.15.0-universal\server\runtime\error_prone_annotations-2.3.4.jar;C:\Users\maitr\.windsurf\extensions\redhat.java-1.38.0-win32-x64\server\..\..\vscjava.vscode-gradle-3.15.0-universal\server\runtime\failureaccess-1.0.1.jar;C:\Users\maitr\.windsurf\extensions\redhat.java-1.38.0-win32-x64\server\..\..\vscjava.vscode-gradle-3.15.0-universal\server\runtime\gradle-tooling-api-8.8.jar;C:\Users\maitr\.windsurf\extensions\redhat.java-1.38.0-win32-x64\server\..\..\vscjava.vscode-gradle-3.15.0-universal\server\runtime\gson-2.9.1.jar;C:\Users\maitr\.windsurf\extensions\redhat.java-1.38.0-win32-x64\server\..\..\vscjava.vscode-gradle-3.15.0-universal\server\runtime\guava-30.1-jre.jar;C:\Users\maitr\.windsurf\extensions\redhat.java-1.38.0-win32-x64\server\..\..\vscjava.vscode-gradle-3.15.0-universal\server\runtime\j2objc-annotations-1.3.jar;C:\Users\maitr\.windsurf\extensions\redhat.java-1.38.0-win32-x64\server\..\..\vscjava.vscode-gradle-3.15.0-universal\server\runtime\jsr305-3.0.2.jar;C:\Users\maitr\.windsurf\extensions\redhat.java-1.38.0-win32-x64\server\..\..\vscjava.vscode-gradle-3.15.0-universal\server\runtime\listenablefuture-9999.0-empty-to-avoid-conflict-with-guava.jar;C:\Users\maitr\.windsurf\extensions\redhat.java-1.38.0-win32-x64\server\..\..\vscjava.vscod
Launcher Type: SUN_STANDARD

[Global flags]
     intx CICompilerCount                          = 4                                         {product} {ergonomic}
     uint ConcGCThreads                            = 3                                         {product} {ergonomic}
     uint G1ConcRefinementThreads                  = 10                                        {product} {ergonomic}
   size_t G1HeapRegionSize                         = 1048576                                   {product} {ergonomic}
    uintx GCDrainStackTargetSize                   = 64                                        {product} {ergonomic}
   size_t InitialHeapSize                          = 123731968                                 {product} {ergonomic}
   size_t MarkStackSize                            = 4194304                                   {product} {ergonomic}
   size_t MaxHeapSize                              = 1979711488                                {product} {ergonomic}
   size_t MaxNewSize                               = 1186988032                                {product} {ergonomic}
   size_t MinHeapDeltaBytes                        = 1048576                                   {product} {ergonomic}
   size_t MinHeapSize                              = 8388608                                   {product} {ergonomic}
    uintx NonNMethodCodeHeapSize                   = 5839372                                {pd product} {ergonomic}
    uintx NonProfiledCodeHeapSize                  = 122909434                              {pd product} {ergonomic}
    uintx ProfiledCodeHeapSize                     = 122909434                              {pd product} {ergonomic}
    uintx ReservedCodeCacheSize                    = 251658240                              {pd product} {ergonomic}
     bool SegmentedCodeCache                       = true                                      {product} {ergonomic}
   size_t SoftMaxHeapSize                          = 1979711488                             {manageable} {ergonomic}
     bool UseCompressedClassPointers               = true                           {product lp64_product} {ergonomic}
     bool UseCompressedOops                        = true                           {product lp64_product} {ergonomic}
     bool UseG1GC                                  = true                                      {product} {ergonomic}
     bool UseLargePagesIndividualAllocation        = false                                  {pd product} {ergonomic}

Logging:
Log output configuration:
 #0: stdout all=warning uptime,level,tags
 #1: stderr all=off uptime,level,tags

Environment Variables:
PATH=C:\Program Files\Common Files\Oracle\Java\javapath;C:\Program Files (x86)\Common Files\Oracle\Java\javapath;C:\Program Files\Microsoft\jdk-11.0.16.101-hotspot\bin;C:\Windows\system32;C:\Windows;C:\Windows\System32\Wbem;C:\Windows\System32\WindowsPowerShell\v1.0\;C:\Windows\System32\OpenSSH\;C:\Program Files (x86)\NVIDIA Corporation\PhysX\Common;C:\Program Files\NVIDIA Corporation\NVIDIA NvDLISR;C:\WINDOWS\system32;C:\WINDOWS;C:\WINDOWS\System32\Wbem;C:\WINDOWS\System32\WindowsPowerShell\v1.0\;C:\WINDOWS\System32\OpenSSH\;C:\Program Files\Microsoft SQL Server\150\Tools\Binn\;C:\Program Files\Microsoft SQL Server\Client SDK\ODBC\170\Tools\Binn\;C:\Program Files\dotnet\;C:\Program Files\Microsoft SQL Server\120\Tools\Binn\;C:\Program Files\Microsoft SQL Server\Client SDK\ODBC\110\Tools\Binn\;C:\Program Files (x86)\Microsoft SQL Server\120\Tools\Binn\;C:\Program Files\Microsoft SQL Server\120\DTS\Binn\;C:\Program Files (x86)\Microsoft SQL Server\120\Tools\Binn\ManagementStudio\;C:\Program Files (x86)\Microsoft SQL Server\120\DTS\Binn\;C:\Program Files\Git\cmd;C:\Program Files\Cloudflare\Cloudflare WARP\;C:\Program Files\MySQL\MySQL Shell 8.0\bin\;C:\Users\maitr\AppData\Local\Microsoft\WindowsApps;C:\Users\maitr\AppData\Local\Programs\Microsoft VS Code\bin;C:\Users\maitr\.dotnet\tools;C:\Users\maitr\AppData\Local\GitHubDesktop\bin;C:\Program Files\JetBrains\IntelliJ IDEA 2024.2.4\bin;;C:\Users\maitr\AppData\Local\Programs\Windsurf\bin
USERNAME=maitr
OS=Windows_NT
PROCESSOR_IDENTIFIER=AMD64 Family 23 Model 96 Stepping 1, AuthenticAMD
TMP=C:\Users\maitr\AppData\Local\Temp
TEMP=C:\Users\maitr\AppData\Local\Temp



Periodic native trim disabled


---------------  S Y S T E M  ---------------

OS:
 Windows 11 , 64 bit Build 26100 (10.0.26100.2454)
OS uptime: 13 days 3:02 hours

CPU: total 12 (initial active 12) (12 cores per cpu, 2 threads per core) family 23 model 96 stepping 1 microcode 0x8600103, cx8, cmov, fxsr, ht, mmx, 3dnowpref, sse, sse2, sse3, ssse3, sse4a, sse4.1, sse4.2, popcnt, lzcnt, tsc, tscinvbit, avx, avx2, aes, clmul, bmi1, bmi2, adx, sha, fma, vzeroupper, clflush, clflushopt
Processor Information for all 12 processors :
  Max Mhz: 3000, Current Mhz: 3000, Mhz Limit: 3000

Memory: 4k page, system-wide physical 7549M (518M free)
TotalPageFile size 31101M (AvailPageFile size 137M)
current process WorkingSet (physical memory assigned to process): 142M, peak: 143M
current process commit charge ("private bytes"): 252M, peak: 254M

vm_info: OpenJDK 64-Bit Server VM (17.0.13+11) for windows-amd64 JRE (17.0.13+11), built on Oct 16 2024 00:10:08 by "admin" with MS VC++ 17.7 (VS2022)

END.
