#
# There is insufficient memory for the Java Runtime Environment to continue.
# Native memory allocation (malloc) failed to allocate 1048576 bytes. Error detail: AllocateHeap
# Possible reasons:
#   The system is out of physical RAM or swap space
#   This process is running with CompressedOops enabled, and the Java Heap may be blocking the growth of the native heap
# Possible solutions:
#   Reduce memory load on the system
#   Increase physical memory or swap space
#   Check if swap backing store is full
#   Decrease Java heap size (-Xmx/-Xms)
#   Decrease number of Java threads
#   Decrease Java thread stack sizes (-Xss)
#   Set larger code cache with -XX:ReservedCodeCacheSize=
#   JVM is running with Unscaled Compressed Oops mode in which the Java heap is
#     placed in the first 4GB address space. The Java Heap base address is the
#     maximum limit for the native heap growth. Please use -XX:HeapBaseMinAddress
#     to set the Java Heap base and to place the Java Heap above 4GB virtual address.
# This output file may be truncated or incomplete.
#
#  Out of Memory Error (allocation.cpp:44), pid=12724, tid=40800
#
# JRE version:  (17.0.13+11) (build )
# Java VM: OpenJDK 64-Bit Server VM (17.0.13+11, mixed mode, sharing, tiered, compressed oops, compressed class ptrs, g1 gc, windows-amd64)
# No core dump will be written. Minidumps are not enabled by default on client versions of Windows
#

---------------  S U M M A R Y ------------

Command Line: --add-opens=java.base/java.lang=ALL-UNNAMED --add-opens=java.base/java.io=ALL-UNNAMED --add-opens=java.base/java.util=ALL-UNNAMED -Dplugin.dir=C:\Users\maitr\.windsurf\extensions\redhat.java-1.38.0-win32-x64\server\..\..\vscjava.vscode-gradle-3.15.0-universal\server\plugins com.microsoft.java.bs.core.Launcher

Host: AMD Ryzen 5 4600H with Radeon Graphics         , 12 cores, 7G,  Windows 11 , 64 bit Build 26100 (10.0.26100.2454)
Time: Thu Jan  2 16:51:48 2025 SE Asia Standard Time elapsed time: 1.025837 seconds (0d 0h 0m 1s)

---------------  T H R E A D  ---------------

Current thread (0x0000023a9785ad90):  JavaThread "Unknown thread" [_thread_in_vm, id=40800, stack(0x000000bce1800000,0x000000bce1900000)]

Stack: [0x000000bce1800000,0x000000bce1900000]
Native frames: (J=compiled Java code, j=interpreted, Vv=VM code, C=native code)
V  [jvm.dll+0x682a19]
V  [jvm.dll+0x839538]
V  [jvm.dll+0x83afe3]
V  [jvm.dll+0x83b653]
V  [jvm.dll+0x24704f]
V  [jvm.dll+0xa7543]
V  [jvm.dll+0x2d7a17]
V  [jvm.dll+0x80b40f]
V  [jvm.dll+0x36b491]
V  [jvm.dll+0x7e9e3f]
V  [jvm.dll+0x3f1d7f]
V  [jvm.dll+0x3f38b1]
C  [jli.dll+0x5278]
C  [ucrtbase.dll+0x14ea0]
C  [KERNEL32.DLL+0x2e8d7]
C  [ntdll.dll+0xdfbcc]


---------------  P R O C E S S  ---------------

Threads class SMR info:
_java_thread_list=0x00007ffaedd37f58, length=0, elements={
}

Java Threads: ( => current thread )

Other Threads:

=>0x0000023a9785ad90 (exited) JavaThread "Unknown thread" [_thread_in_vm, id=40800, stack(0x000000bce1800000,0x000000bce1900000)]

Threads with active compile tasks:

VM state: not at safepoint (not fully initialized)

VM Mutex/Monitor currently owned by a thread: None

Heap address: 0x0000000000000000, size: 0 MB, Compressed Oops mode: 32-bit

CDS archive(s) mapped at: [0x0000000000000000-0x0000000000000000-0x0000000000000000), size 0, SharedBaseAddress: 0x0000000800000000, ArchiveRelocationMode: 1.
Narrow klass base: 0x0000000000000000, Narrow klass shift: 0, Narrow klass range: 0x0

GC Precious Log:
<Empty>

GC Heap History (0 events):
No events

Dll operation events (1 events):
Event: 0.016 Loaded shared library C:\Users\maitr\.windsurf\extensions\redhat.java-1.38.0-win32-x64\jre\17.0.13-win32-x86_64\bin\java.dll

Deoptimization events (0 events):
No events

Classes loaded (0 events):
No events

Classes unloaded (0 events):
No events

Classes redefined (0 events):
No events

Internal exceptions (0 events):
No events

VM Operations (0 events):
No events

Memory protections (0 events):
No events

Nmethod flushes (0 events):
No events

Events (0 events):
No events


Dynamic libraries:
0x00007ff61fe10000 - 0x00007ff61fe1e000 	C:\Users\maitr\.windsurf\extensions\redhat.java-1.38.0-win32-x64\jre\17.0.13-win32-x86_64\bin\java.exe
0x00007ffb7da80000 - 0x00007ffb7dce3000 	C:\WINDOWS\SYSTEM32\ntdll.dll
0x00007ffb7cef0000 - 0x00007ffb7cfb8000 	C:\WINDOWS\System32\KERNEL32.DLL
0x00007ffb7b080000 - 0x00007ffb7b432000 	C:\WINDOWS\System32\KERNELBASE.dll
0x00007ffb7b790000 - 0x00007ffb7b8db000 	C:\WINDOWS\System32\ucrtbase.dll
0x00007ffb65610000 - 0x00007ffb65627000 	C:\Users\maitr\.windsurf\extensions\redhat.java-1.38.0-win32-x64\jre\17.0.13-win32-x86_64\bin\jli.dll
0x00007ffb65710000 - 0x00007ffb6572e000 	C:\Users\maitr\.windsurf\extensions\redhat.java-1.38.0-win32-x64\jre\17.0.13-win32-x86_64\bin\VCRUNTIME140.dll
0x00007ffb7ba60000 - 0x00007ffb7bc28000 	C:\WINDOWS\System32\USER32.dll
0x00007ffb7b610000 - 0x00007ffb7b637000 	C:\WINDOWS\System32\win32u.dll
0x00007ffb6ad40000 - 0x00007ffb6afd0000 	C:\WINDOWS\WinSxS\amd64_microsoft.windows.common-controls_6595b64144ccf1df_6.0.26100.2454_none_3e0b68a2e331ad60\COMCTL32.dll
0x00007ffb7d4d0000 - 0x00007ffb7d4fa000 	C:\WINDOWS\System32\GDI32.dll
0x00007ffb7b4e0000 - 0x00007ffb7b60b000 	C:\WINDOWS\System32\gdi32full.dll
0x00007ffb7afd0000 - 0x00007ffb7b073000 	C:\WINDOWS\System32\msvcp_win.dll
0x00007ffb7d990000 - 0x00007ffb7da39000 	C:\WINDOWS\System32\msvcrt.dll
0x00007ffb7b8e0000 - 0x00007ffb7b90f000 	C:\WINDOWS\System32\IMM32.DLL
0x00007ffb75db0000 - 0x00007ffb75dbc000 	C:\Users\maitr\.windsurf\extensions\redhat.java-1.38.0-win32-x64\jre\17.0.13-win32-x86_64\bin\vcruntime140_1.dll
0x00007ffb290f0000 - 0x00007ffb2917d000 	C:\Users\maitr\.windsurf\extensions\redhat.java-1.38.0-win32-x64\jre\17.0.13-win32-x86_64\bin\msvcp140.dll
0x00007ffaed200000 - 0x00007ffaede6b000 	C:\Users\maitr\.windsurf\extensions\redhat.java-1.38.0-win32-x64\jre\17.0.13-win32-x86_64\bin\server\jvm.dll
0x00007ffb7d0e0000 - 0x00007ffb7d194000 	C:\WINDOWS\System32\ADVAPI32.dll
0x00007ffb7d340000 - 0x00007ffb7d3e6000 	C:\WINDOWS\System32\sechost.dll
0x00007ffb7c7d0000 - 0x00007ffb7c8e6000 	C:\WINDOWS\System32\RPCRT4.dll
0x00007ffb7c8f0000 - 0x00007ffb7c964000 	C:\WINDOWS\System32\WS2_32.dll
0x00007ffb714a0000 - 0x00007ffb714d6000 	C:\WINDOWS\SYSTEM32\WINMM.dll
0x00007ffb79b20000 - 0x00007ffb79b6e000 	C:\WINDOWS\SYSTEM32\POWRPROF.dll
0x00007ffb72440000 - 0x00007ffb7244b000 	C:\WINDOWS\SYSTEM32\VERSION.dll
0x00007ffb79b00000 - 0x00007ffb79b14000 	C:\WINDOWS\SYSTEM32\UMPDC.dll
0x00007ffb79da0000 - 0x00007ffb79dba000 	C:\WINDOWS\SYSTEM32\kernel.appcore.dll
0x00007ffb69780000 - 0x00007ffb6978a000 	C:\Users\maitr\.windsurf\extensions\redhat.java-1.38.0-win32-x64\jre\17.0.13-win32-x86_64\bin\jimage.dll
0x00007ffb78940000 - 0x00007ffb78b81000 	C:\WINDOWS\SYSTEM32\DBGHELP.DLL
0x00007ffb7cb10000 - 0x00007ffb7ce8e000 	C:\WINDOWS\System32\combase.dll
0x00007ffb7d3f0000 - 0x00007ffb7d4c6000 	C:\WINDOWS\System32\OLEAUT32.dll
0x00007ffb62f20000 - 0x00007ffb62f59000 	C:\WINDOWS\SYSTEM32\dbgcore.DLL
0x00007ffb7b440000 - 0x00007ffb7b4d9000 	C:\WINDOWS\System32\bcryptPrimitives.dll
0x00007ffb655e0000 - 0x00007ffb65605000 	C:\Users\maitr\.windsurf\extensions\redhat.java-1.38.0-win32-x64\jre\17.0.13-win32-x86_64\bin\java.dll

dbghelp: loaded successfully - version: 4.0.5 - missing functions: none
symbol engine: initialized successfully - sym options: 0x614 - pdb path: .;C:\Users\maitr\.windsurf\extensions\redhat.java-1.38.0-win32-x64\jre\17.0.13-win32-x86_64\bin;C:\WINDOWS\SYSTEM32;C:\WINDOWS\WinSxS\amd64_microsoft.windows.common-controls_6595b64144ccf1df_6.0.26100.2454_none_3e0b68a2e331ad60;C:\Users\maitr\.windsurf\extensions\redhat.java-1.38.0-win32-x64\jre\17.0.13-win32-x86_64\bin\server

VM Arguments:
jvm_args: --add-opens=java.base/java.lang=ALL-UNNAMED --add-opens=java.base/java.io=ALL-UNNAMED --add-opens=java.base/java.util=ALL-UNNAMED -Dplugin.dir=C:\Users\maitr\.windsurf\extensions\redhat.java-1.38.0-win32-x64\server\..\..\vscjava.vscode-gradle-3.15.0-universal\server\plugins 
java_command: com.microsoft.java.bs.core.Launcher
java_class_path (initial): C:\Users\maitr\.windsurf\extensions\redhat.java-1.38.0-win32-x64\server\..\..\vscjava.vscode-gradle-3.15.0-universal\server\server.jar;C:\Users\maitr\.windsurf\extensions\redhat.java-1.38.0-win32-x64\server\..\..\vscjava.vscode-gradle-3.15.0-universal\server\runtime\bsp4j-2.1.0-M4.jar;C:\Users\maitr\.windsurf\extensions\redhat.java-1.38.0-win32-x64\server\..\..\vscjava.vscode-gradle-3.15.0-universal\server\runtime\checker-qual-3.5.0.jar;C:\Users\maitr\.windsurf\extensions\redhat.java-1.38.0-win32-x64\server\..\..\vscjava.vscode-gradle-3.15.0-universal\server\runtime\commons-lang3-3.13.0.jar;C:\Users\maitr\.windsurf\extensions\redhat.java-1.38.0-win32-x64\server\..\..\vscjava.vscode-gradle-3.15.0-universal\server\runtime\error_prone_annotations-2.3.4.jar;C:\Users\maitr\.windsurf\extensions\redhat.java-1.38.0-win32-x64\server\..\..\vscjava.vscode-gradle-3.15.0-universal\server\runtime\failureaccess-1.0.1.jar;C:\Users\maitr\.windsurf\extensions\redhat.java-1.38.0-win32-x64\server\..\..\vscjava.vscode-gradle-3.15.0-universal\server\runtime\gradle-tooling-api-8.8.jar;C:\Users\maitr\.windsurf\extensions\redhat.java-1.38.0-win32-x64\server\..\..\vscjava.vscode-gradle-3.15.0-universal\server\runtime\gson-2.9.1.jar;C:\Users\maitr\.windsurf\extensions\redhat.java-1.38.0-win32-x64\server\..\..\vscjava.vscode-gradle-3.15.0-universal\server\runtime\guava-30.1-jre.jar;C:\Users\maitr\.windsurf\extensions\redhat.java-1.38.0-win32-x64\server\..\..\vscjava.vscode-gradle-3.15.0-universal\server\runtime\j2objc-annotations-1.3.jar;C:\Users\maitr\.windsurf\extensions\redhat.java-1.38.0-win32-x64\server\..\..\vscjava.vscode-gradle-3.15.0-universal\server\runtime\jsr305-3.0.2.jar;C:\Users\maitr\.windsurf\extensions\redhat.java-1.38.0-win32-x64\server\..\..\vscjava.vscode-gradle-3.15.0-universal\server\runtime\listenablefuture-9999.0-empty-to-avoid-conflict-with-guava.jar;C:\Users\maitr\.windsurf\extensions\redhat.java-1.38.0-win32-x64\server\..\..\vscjava.vscod
Launcher Type: SUN_STANDARD

[Global flags]
     intx CICompilerCount                          = 4                                         {product} {ergonomic}
     uint ConcGCThreads                            = 3                                         {product} {ergonomic}
     uint G1ConcRefinementThreads                  = 10                                        {product} {ergonomic}
   size_t G1HeapRegionSize                         = 1048576                                   {product} {ergonomic}
    uintx GCDrainStackTargetSize                   = 64                                        {product} {ergonomic}
   size_t InitialHeapSize                          = 123731968                                 {product} {ergonomic}
   size_t MarkStackSize                            = 4194304                                   {product} {ergonomic}
   size_t MaxHeapSize                              = 1979711488                                {product} {ergonomic}
   size_t MinHeapDeltaBytes                        = 1048576                                   {product} {ergonomic}
   size_t MinHeapSize                              = 8388608                                   {product} {ergonomic}
    uintx NonNMethodCodeHeapSize                   = 5839372                                {pd product} {ergonomic}
    uintx NonProfiledCodeHeapSize                  = 122909434                              {pd product} {ergonomic}
    uintx ProfiledCodeHeapSize                     = 122909434                              {pd product} {ergonomic}
    uintx ReservedCodeCacheSize                    = 251658240                              {pd product} {ergonomic}
     bool SegmentedCodeCache                       = true                                      {product} {ergonomic}
   size_t SoftMaxHeapSize                          = 1979711488                             {manageable} {ergonomic}
     bool UseCompressedClassPointers               = true                           {product lp64_product} {ergonomic}
     bool UseCompressedOops                        = true                           {product lp64_product} {ergonomic}
     bool UseG1GC                                  = true                                      {product} {ergonomic}
     bool UseLargePagesIndividualAllocation        = false                                  {pd product} {ergonomic}

Logging:
Log output configuration:
 #0: stdout all=warning uptime,level,tags
 #1: stderr all=off uptime,level,tags

Environment Variables:
PATH=C:\Program Files\Common Files\Oracle\Java\javapath;C:\Program Files (x86)\Common Files\Oracle\Java\javapath;C:\Program Files\Microsoft\jdk-11.0.16.101-hotspot\bin;C:\Windows\system32;C:\Windows;C:\Windows\System32\Wbem;C:\Windows\System32\WindowsPowerShell\v1.0\;C:\Windows\System32\OpenSSH\;C:\Program Files (x86)\NVIDIA Corporation\PhysX\Common;C:\Program Files\NVIDIA Corporation\NVIDIA NvDLISR;C:\WINDOWS\system32;C:\WINDOWS;C:\WINDOWS\System32\Wbem;C:\WINDOWS\System32\WindowsPowerShell\v1.0\;C:\WINDOWS\System32\OpenSSH\;C:\Program Files\Microsoft SQL Server\150\Tools\Binn\;C:\Program Files\Microsoft SQL Server\Client SDK\ODBC\170\Tools\Binn\;C:\Program Files\dotnet\;C:\Program Files\Microsoft SQL Server\120\Tools\Binn\;C:\Program Files\Microsoft SQL Server\Client SDK\ODBC\110\Tools\Binn\;C:\Program Files (x86)\Microsoft SQL Server\120\Tools\Binn\;C:\Program Files\Microsoft SQL Server\120\DTS\Binn\;C:\Program Files (x86)\Microsoft SQL Server\120\Tools\Binn\ManagementStudio\;C:\Program Files (x86)\Microsoft SQL Server\120\DTS\Binn\;C:\Program Files\Git\cmd;C:\Program Files\Cloudflare\Cloudflare WARP\;C:\Program Files\MySQL\MySQL Shell 8.0\bin\;C:\Users\maitr\AppData\Local\Microsoft\WindowsApps;C:\Users\maitr\AppData\Local\Programs\Microsoft VS Code\bin;C:\Users\maitr\.dotnet\tools;C:\Users\maitr\AppData\Local\GitHubDesktop\bin;C:\Program Files\JetBrains\IntelliJ IDEA 2024.2.4\bin;;C:\Users\maitr\AppData\Local\Programs\Windsurf\bin
USERNAME=maitr
OS=Windows_NT
PROCESSOR_IDENTIFIER=AMD64 Family 23 Model 96 Stepping 1, AuthenticAMD
TMP=C:\Users\maitr\AppData\Local\Temp
TEMP=C:\Users\maitr\AppData\Local\Temp



Periodic native trim disabled


---------------  S Y S T E M  ---------------

OS:
 Windows 11 , 64 bit Build 26100 (10.0.26100.2454)
OS uptime: 13 days 3:02 hours

CPU: total 12 (initial active 12) (12 cores per cpu, 2 threads per core) family 23 model 96 stepping 1 microcode 0x8600103, cx8, cmov, fxsr, ht, mmx, 3dnowpref, sse, sse2, sse3, ssse3, sse4a, sse4.1, sse4.2, popcnt, lzcnt, tsc, tscinvbit, avx, avx2, aes, clmul, bmi1, bmi2, adx, sha, fma, vzeroupper, clflush, clflushopt
Processor Information for all 12 processors :
  Max Mhz: 3000, Current Mhz: 3000, Mhz Limit: 3000

Memory: 4k page, system-wide physical 7549M (447M free)
TotalPageFile size 31101M (AvailPageFile size 3M)
current process WorkingSet (physical memory assigned to process): 11M, peak: 11M
current process commit charge ("private bytes"): 15M, peak: 16M

vm_info: OpenJDK 64-Bit Server VM (17.0.13+11) for windows-amd64 JRE (17.0.13+11), built on Oct 16 2024 00:10:08 by "admin" with MS VC++ 17.7 (VS2022)

END.
