#
# There is insufficient memory for the Java Runtime Environment to continue.
# Native memory allocation (malloc) failed to allocate 1312272 bytes. Error detail: Chunk::new
# Possible reasons:
#   The system is out of physical RAM or swap space
#   This process is running with CompressedOops enabled, and the Java Heap may be blocking the growth of the native heap
# Possible solutions:
#   Reduce memory load on the system
#   Increase physical memory or swap space
#   Check if swap backing store is full
#   Decrease Java heap size (-Xmx/-Xms)
#   Decrease number of Java threads
#   Decrease Java thread stack sizes (-Xss)
#   Set larger code cache with -XX:ReservedCodeCacheSize=
#   JVM is running with Unscaled Compressed Oops mode in which the Java heap is
#     placed in the first 4GB address space. The Java Heap base address is the
#     maximum limit for the native heap growth. Please use -XX:HeapBaseMinAddress
#     to set the Java Heap base and to place the Java Heap above 4GB virtual address.
# This output file may be truncated or incomplete.
#
#  Out of Memory Error (arena.cpp:191), pid=38196, tid=33084
#
# JRE version: OpenJDK Runtime Environment Temurin-17.0.13+11 (17.0.13+11) (build 17.0.13+11)
# Java VM: OpenJDK 64-Bit Server VM Temurin-17.0.13+11 (17.0.13+11, mixed mode, tiered, compressed oops, compressed class ptrs, parallel gc, windows-amd64)
# No core dump will be written. Minidumps are not enabled by default on client versions of Windows
#

---------------  S U M M A R Y ------------

Command Line: --add-modules=ALL-SYSTEM --add-opens=java.base/java.util=ALL-UNNAMED --add-opens=java.base/java.lang=ALL-UNNAMED --add-opens=java.base/sun.nio.fs=ALL-UNNAMED -Declipse.application=org.eclipse.jdt.ls.core.id1 -Dosgi.bundles.defaultStartLevel=4 -Declipse.product=org.eclipse.jdt.ls.core.product -Djava.import.generatesMetadataFilesAtProjectRoot=false -DDetectVMInstallationsJob.disabled=true -Dfile.encoding=utf8 -XX:+UseParallelGC -XX:GCTimeRatio=4 -XX:AdaptiveSizePolicyWeight=90 -Dsun.zip.disableMemoryMapping=true -Xmx1G -Xms100m -Xlog:disable -javaagent:c:\Users\maitr\.windsurf\extensions\redhat.java-1.38.0-win32-x64\lombok\lombok-1.18.34.jar -XX:+HeapDumpOnOutOfMemoryError -XX:HeapDumpPath=c:\Users\maitr\AppData\Roaming\Windsurf\User\workspaceStorage\4e80a5746ef655b56c3bb9a55fa8cfa9\redhat.java -Daether.dependencyCollector.impl=bf c:\Users\maitr\.windsurf\extensions\redhat.java-1.38.0-win32-x64\server\plugins\org.eclipse.equinox.launcher_1.6.900.v20240613-2009.jar -configuration c:\Users\maitr\AppData\Roaming\Windsurf\User\globalStorage\redhat.java\1.38.0\config_win -data c:\Users\maitr\AppData\Roaming\Windsurf\User\workspaceStorage\4e80a5746ef655b56c3bb9a55fa8cfa9\redhat.java\jdt_ws --pipe=\\.\pipe\lsp-de5e040e6dab6691b0d7ba84b7dfb713-sock

Host: AMD Ryzen 5 4600H with Radeon Graphics         , 12 cores, 7G,  Windows 11 , 64 bit Build 26100 (10.0.26100.2454)
Time: Thu Jan  2 16:51:25 2025 SE Asia Standard Time elapsed time: 17.984355 seconds (0d 0h 0m 17s)

---------------  T H R E A D  ---------------

Current thread (0x00000147a44f6b70):  JavaThread "C2 CompilerThread1" daemon [_thread_in_native, id=33084, stack(0x000000056d600000,0x000000056d700000)]


Current CompileTask:
C2:  17984 7380       4       org.eclipse.jdt.internal.core.search.indexing.AddJrtToIndex$JrtTraverser::visitFile (14 bytes)

Stack: [0x000000056d600000,0x000000056d700000]
Native frames: (J=compiled Java code, j=interpreted, Vv=VM code, C=native code)
V  [jvm.dll+0x682a19]
V  [jvm.dll+0x839538]
V  [jvm.dll+0x83afe3]
V  [jvm.dll+0x83b653]
V  [jvm.dll+0x24704f]
V  [jvm.dll+0xace34]
V  [jvm.dll+0xad4cc]
V  [jvm.dll+0x36597e]
V  [jvm.dll+0x32fbd8]
V  [jvm.dll+0x32f05a]
V  [jvm.dll+0x21804f]
V  [jvm.dll+0x21748f]
V  [jvm.dll+0x1a3070]
V  [jvm.dll+0x22788c]
V  [jvm.dll+0x2259eb]
V  [jvm.dll+0x7eec98]
V  [jvm.dll+0x7e8ffc]
V  [jvm.dll+0x6818f7]
C  [ucrtbase.dll+0x14ea0]
C  [KERNEL32.DLL+0x2e8d7]
C  [ntdll.dll+0xdfbcc]


---------------  P R O C E S S  ---------------

Threads class SMR info:
_java_thread_list=0x00000147ae012f10, length=47, elements={
0x000001478587c0b0, 0x000001479b744010, 0x000001478592b220, 0x000001479b74d240,
0x000001479b74dc10, 0x00000147a0819b70, 0x00000147a081d760, 0x00000147a0824470,
0x00000147a0824e30, 0x00000147a083ade0, 0x000001479b62c790, 0x00000147a1fbaa90,
0x00000147a23bbca0, 0x00000147a21f17a0, 0x00000147a29708e0, 0x00000147a2862e00,
0x00000147a2dbf7a0, 0x00000147a2a34570, 0x00000147a2a33130, 0x00000147a2a33640,
0x00000147a2a33b50, 0x00000147a248ffc0, 0x00000147a24904d0, 0x00000147a2491400,
0x00000147a2494190, 0x00000147a2490ef0, 0x00000147a2491910, 0x00000147a2491e20,
0x00000147a24909e0, 0x00000147a24955d0, 0x00000147a2492d50, 0x00000147a2493260,
0x00000147a2493770, 0x00000147a24950c0, 0x00000147a2492330, 0x00000147a2493c80,
0x00000147a24946a0, 0x00000147a2494bb0, 0x00000147a2495ae0, 0x00000147a2495ff0,
0x00000147a2492840, 0x00000147a2496f20, 0x00000147a2496500, 0x00000147a2497940,
0x00000147a44f6b70, 0x00000147a44f7b60, 0x00000147a5639060
}

Java Threads: ( => current thread )
  0x000001478587c0b0 JavaThread "main" [_thread_blocked, id=16108, stack(0x0000000569b00000,0x0000000569c00000)]
  0x000001479b744010 JavaThread "Reference Handler" daemon [_thread_blocked, id=16748, stack(0x0000000569e00000,0x0000000569f00000)]
  0x000001478592b220 JavaThread "Finalizer" daemon [_thread_blocked, id=29316, stack(0x0000000569f00000,0x000000056a000000)]
  0x000001479b74d240 JavaThread "Signal Dispatcher" daemon [_thread_blocked, id=38892, stack(0x000000056a000000,0x000000056a100000)]
  0x000001479b74dc10 JavaThread "Attach Listener" daemon [_thread_blocked, id=40820, stack(0x000000056a100000,0x000000056a200000)]
  0x00000147a0819b70 JavaThread "Service Thread" daemon [_thread_blocked, id=25416, stack(0x000000056a200000,0x000000056a300000)]
  0x00000147a081d760 JavaThread "Monitor Deflation Thread" daemon [_thread_blocked, id=39628, stack(0x000000056a300000,0x000000056a400000)]
  0x00000147a0824470 JavaThread "C2 CompilerThread0" daemon [_thread_blocked, id=38724, stack(0x000000056a400000,0x000000056a500000)]
  0x00000147a0824e30 JavaThread "C1 CompilerThread0" daemon [_thread_blocked, id=34372, stack(0x000000056a500000,0x000000056a600000)]
  0x00000147a083ade0 JavaThread "Sweeper thread" daemon [_thread_blocked, id=36740, stack(0x000000056a600000,0x000000056a700000)]
  0x000001479b62c790 JavaThread "Common-Cleaner" daemon [_thread_blocked, id=17404, stack(0x000000056a700000,0x000000056a800000)]
  0x00000147a1fbaa90 JavaThread "Notification Thread" daemon [_thread_blocked, id=40144, stack(0x000000056a800000,0x000000056a900000)]
  0x00000147a23bbca0 JavaThread "Active Thread: Equinox Container: 608fc92f-a87d-49cf-89fb-b4aa1b819a79" [_thread_blocked, id=9584, stack(0x000000056b100000,0x000000056b200000)]
  0x00000147a21f17a0 JavaThread "Refresh Thread: Equinox Container: 608fc92f-a87d-49cf-89fb-b4aa1b819a79" daemon [_thread_blocked, id=7284, stack(0x000000056b200000,0x000000056b300000)]
  0x00000147a29708e0 JavaThread "Framework Event Dispatcher: Equinox Container: 608fc92f-a87d-49cf-89fb-b4aa1b819a79" daemon [_thread_blocked, id=40908, stack(0x000000056b300000,0x000000056b400000)]
  0x00000147a2862e00 JavaThread "Start Level: Equinox Container: 608fc92f-a87d-49cf-89fb-b4aa1b819a79" daemon [_thread_blocked, id=24716, stack(0x000000056b400000,0x000000056b500000)]
  0x00000147a2dbf7a0 JavaThread "Bundle File Closer" daemon [_thread_blocked, id=37960, stack(0x000000056aa00000,0x000000056ab00000)]
  0x00000147a2a34570 JavaThread "SCR Component Actor" daemon [_thread_blocked, id=12840, stack(0x000000056b700000,0x000000056b800000)]
  0x00000147a2a33130 JavaThread "Worker-JM" [_thread_blocked, id=34352, stack(0x000000056ba00000,0x000000056bb00000)]
  0x00000147a2a33640 JavaThread "JNA Cleaner" daemon [_thread_blocked, id=26000, stack(0x000000056bb00000,0x000000056bc00000)]
  0x00000147a2a33b50 JavaThread "Worker-0" [_thread_blocked, id=38624, stack(0x000000056bc00000,0x000000056bd00000)]
  0x00000147a248ffc0 JavaThread "Worker-1" [_thread_blocked, id=32428, stack(0x000000056bd00000,0x000000056be00000)]
  0x00000147a24904d0 JavaThread "Worker-2" [_thread_blocked, id=5492, stack(0x000000056be00000,0x000000056bf00000)]
  0x00000147a2491400 JavaThread "Worker-3" [_thread_blocked, id=27968, stack(0x000000056bf00000,0x000000056c000000)]
  0x00000147a2494190 JavaThread "Java indexing" daemon [_thread_blocked, id=6504, stack(0x000000056c000000,0x000000056c100000)]
  0x00000147a2490ef0 JavaThread "Thread-2" daemon [_thread_in_native, id=11464, stack(0x000000056c300000,0x000000056c400000)]
  0x00000147a2491910 JavaThread "Thread-3" daemon [_thread_in_native, id=1780, stack(0x000000056c400000,0x000000056c500000)]
  0x00000147a2491e20 JavaThread "Thread-4" daemon [_thread_in_native, id=18176, stack(0x000000056c500000,0x000000056c600000)]
  0x00000147a24909e0 JavaThread "Thread-5" daemon [_thread_in_native, id=1664, stack(0x000000056c600000,0x000000056c700000)]
  0x00000147a24955d0 JavaThread "Thread-6" daemon [_thread_in_native, id=40188, stack(0x000000056c700000,0x000000056c800000)]
  0x00000147a2492d50 JavaThread "Thread-7" daemon [_thread_in_native, id=14876, stack(0x000000056c800000,0x000000056c900000)]
  0x00000147a2493260 JavaThread "Thread-8" daemon [_thread_in_native, id=2300, stack(0x000000056c900000,0x000000056ca00000)]
  0x00000147a2493770 JavaThread "Thread-9" daemon [_thread_in_native, id=9756, stack(0x000000056ca00000,0x000000056cb00000)]
  0x00000147a24950c0 JavaThread "Thread-10" daemon [_thread_in_native, id=29424, stack(0x000000056cb00000,0x000000056cc00000)]
  0x00000147a2492330 JavaThread "Thread-11" daemon [_thread_in_native, id=7420, stack(0x000000056cc00000,0x000000056cd00000)]
  0x00000147a2493c80 JavaThread "Thread-12" daemon [_thread_in_native, id=11932, stack(0x000000056cd00000,0x000000056ce00000)]
  0x00000147a24946a0 JavaThread "Thread-13" daemon [_thread_in_native, id=41652, stack(0x000000056ce00000,0x000000056cf00000)]
  0x00000147a2494bb0 JavaThread "Thread-14" daemon [_thread_in_native, id=40516, stack(0x000000056cf00000,0x000000056d000000)]
  0x00000147a2495ae0 JavaThread "pool-2-thread-1" [_thread_blocked, id=10476, stack(0x000000056d000000,0x000000056d100000)]
  0x00000147a2495ff0 JavaThread "WorkspaceEventsHandler" [_thread_blocked, id=11712, stack(0x000000056d100000,0x000000056d200000)]
  0x00000147a2492840 JavaThread "pool-1-thread-1" [_thread_blocked, id=19572, stack(0x000000056d200000,0x000000056d300000)]
  0x00000147a2496f20 JavaThread "Worker-4: Java indexing... " [_thread_blocked, id=17840, stack(0x000000056d300000,0x000000056d400000)]
  0x00000147a2496500 JavaThread "Worker-5" [_thread_blocked, id=17332, stack(0x000000056d400000,0x000000056d500000)]
  0x00000147a2497940 JavaThread "Worker-6: Initialize Workspace" [_thread_blocked, id=35500, stack(0x000000056d500000,0x000000056d600000)]
=>0x00000147a44f6b70 JavaThread "C2 CompilerThread1" daemon [_thread_in_native, id=33084, stack(0x000000056d600000,0x000000056d700000)]
  0x00000147a44f7b60 JavaThread "C2 CompilerThread2" daemon [_thread_in_native, id=41264, stack(0x000000056d700000,0x000000056d800000)]
  0x00000147a5639060 JavaThread "pool-3-thread-1" [_thread_blocked, id=41296, stack(0x000000056b800000,0x000000056b900000)]

Other Threads:
  0x0000014785926c40 VMThread "VM Thread" [stack: 0x0000000569d00000,0x0000000569e00000] [id=40216]
  0x00000147a1fbaf70 WatcherThread [stack: 0x000000056a900000,0x000000056aa00000] [id=32908]
  0x00000147858913a0 GCTaskThread "GC Thread#0" [stack: 0x0000000569c00000,0x0000000569d00000] [id=7856]
  0x00000147a23bdbf0 GCTaskThread "GC Thread#1" [stack: 0x000000056ab00000,0x000000056ac00000] [id=40152]
  0x00000147a26b03d0 GCTaskThread "GC Thread#2" [stack: 0x000000056ac00000,0x000000056ad00000] [id=8788]
  0x00000147a26b0690 GCTaskThread "GC Thread#3" [stack: 0x000000056ad00000,0x000000056ae00000] [id=2564]
  0x00000147a26b0950 GCTaskThread "GC Thread#4" [stack: 0x000000056ae00000,0x000000056af00000] [id=4876]
  0x00000147a26b0c10 GCTaskThread "GC Thread#5" [stack: 0x000000056af00000,0x000000056b000000] [id=27688]
  0x00000147a26b0ed0 GCTaskThread "GC Thread#6" [stack: 0x000000056b000000,0x000000056b100000] [id=39784]
  0x00000147a2970dc0 GCTaskThread "GC Thread#7" [stack: 0x000000056b500000,0x000000056b600000] [id=41064]
  0x00000147a2d0ca80 GCTaskThread "GC Thread#8" [stack: 0x000000056b600000,0x000000056b700000] [id=26756]
  0x00000147a2d241a0 GCTaskThread "GC Thread#9" [stack: 0x000000056b900000,0x000000056ba00000] [id=41520]

Threads with active compile tasks:
C2 CompilerThread0    18015 7381   !   4       org.eclipse.jdt.internal.core.search.indexing.AddJrtToIndex$JrtIndexer::visitFile (133 bytes)
C1 CompilerThread0    18015 7387       3       org.eclipse.jdt.internal.compiler.parser.Scanner::internalScanIdentifierOrKeyword (4943 bytes)
C2 CompilerThread1    18015 7380       4       org.eclipse.jdt.internal.core.search.indexing.AddJrtToIndex$JrtTraverser::visitFile (14 bytes)
C2 CompilerThread2    18015 7370   !   4       org.eclipse.jdt.internal.core.search.indexing.BinaryIndexer::indexDocument (1157 bytes)

VM state: at safepoint (normal execution)

VM Mutex/Monitor currently owned by a thread:  ([mutex/lock_event])
[0x0000014785878650] Threads_lock - owner thread: 0x0000014785926c40
[0x00000147858793d0] Heap_lock - owner thread: 0x00000147a2494190

Heap address: 0x00000000c0000000, size: 1024 MB, Compressed Oops mode: 32-bit

CDS archive(s) not mapped
Compressed class space mapped at: 0x0000000100000000-0x0000000140000000, reserved size: 1073741824
Narrow klass base: 0x0000000000000000, Narrow klass shift: 3, Narrow klass range: 0x140000000

GC Precious Log:
 CPUs: 12 total, 12 available
 Memory: 7549M
 Large Page Support: Disabled
 NUMA Support: Disabled
 Compressed Oops: Enabled (32-bit)
 Alignments: Space 512K, Generation 512K, Heap 2M
 Heap Min Capacity: 100M
 Heap Initial Capacity: 100M
 Heap Max Capacity: 1G
 Pre-touch: Disabled
 Parallel Workers: 10

Heap:
 PSYoungGen      total 19456K, used 4091K [0x00000000eab00000, 0x00000000ec200000, 0x0000000100000000)
  eden space 15360K, 0% used [0x00000000eab00000,0x00000000eab00000,0x00000000eba00000)
  from space 4096K, 99% used [0x00000000eba00000,0x00000000ebdfeda0,0x00000000ebe00000)
  to   space 4096K, 0% used [0x00000000ebe00000,0x00000000ebe00000,0x00000000ec200000)
 ParOldGen       total 96768K, used 92522K [0x00000000c0000000, 0x00000000c5e80000, 0x00000000eab00000)
  object space 96768K, 95% used [0x00000000c0000000,0x00000000c5a5ab28,0x00000000c5e80000)
 Metaspace       used 56050K, committed 57152K, reserved 1114112K
  class space    used 5975K, committed 6464K, reserved 1048576K

Card table byte_map: [0x0000014798fe0000,0x00000147991f0000] _byte_map_base: 0x00000147989e0000

Marking Bits: (ParMarkBitMap*) 0x00007ffaedda6940
 Begin Bits: [0x0000014799350000, 0x000001479a350000)
 End Bits:   [0x000001479a350000, 0x000001479b350000)

Polling page: 0x0000014785930000

Metaspace:

Usage:
  Non-class:     48.90 MB used.
      Class:      5.84 MB used.
       Both:     54.74 MB used.

Virtual space:
  Non-class space:       64.00 MB reserved,      49.50 MB ( 77%) committed,  1 nodes.
      Class space:        1.00 GB reserved,       6.31 MB ( <1%) committed,  1 nodes.
             Both:        1.06 GB reserved,      55.81 MB (  5%) committed. 

Chunk freelists:
   Non-Class:  14.09 MB
       Class:  9.73 MB
        Both:  23.83 MB

MaxMetaspaceSize: unlimited
CompressedClassSpaceSize: 1.00 GB
Initial GC threshold: 21.00 MB
Current GC threshold: 93.06 MB
CDS: off
MetaspaceReclaimPolicy: balanced
 - commit_granule_bytes: 65536.
 - commit_granule_words: 8192.
 - virtual_space_node_default_size: 8388608.
 - enlarge_chunks_in_place: 1.
 - new_chunks_are_fully_committed: 0.
 - uncommit_free_chunks: 1.
 - use_allocation_guard: 0.
 - handle_deallocations: 1.


Internal statistics:

num_allocs_failed_limit: 6.
num_arena_births: 610.
num_arena_deaths: 22.
num_vsnodes_births: 2.
num_vsnodes_deaths: 0.
num_space_committed: 893.
num_space_uncommitted: 0.
num_chunks_returned_to_freelist: 29.
num_chunks_taken_from_freelist: 2825.
num_chunk_merges: 11.
num_chunk_splits: 1728.
num_chunks_enlarged: 982.
num_inconsistent_stats: 0.

CodeHeap 'non-profiled nmethods': size=120000Kb used=4185Kb max_used=4185Kb free=115814Kb
 bounds [0x00000147919c0000, 0x0000014791de0000, 0x0000014798ef0000]
CodeHeap 'profiled nmethods': size=120000Kb used=12814Kb max_used=12814Kb free=107185Kb
 bounds [0x0000014789ef0000, 0x000001478ab80000, 0x0000014791420000]
CodeHeap 'non-nmethods': size=5760Kb used=1316Kb max_used=1409Kb free=4443Kb
 bounds [0x0000014791420000, 0x0000014791690000, 0x00000147919c0000]
 total_blobs=7078 nmethods=6424 adapters=566
 compilation: enabled
              stopped_count=0, restarted_count=0
 full_count=0

Compilation events (20 events):
Event: 16.392 Thread 0x00000147a44f6b70 7359       4       org.eclipse.jdt.internal.core.index.MemoryIndex::remove (32 bytes)
Event: 16.404 Thread 0x00000147a44f6b70 nmethod 7359 0x0000014791dbfc90 code [0x0000014791dbfe40, 0x0000014791dc0588]
Event: 16.671 Thread 0x00000147a0824470 nmethod 7356 0x0000014791dc0a10 code [0x0000014791dc1180, 0x0000014791dcae28]
Event: 16.695 Thread 0x00000147a0824470 7374       4       java.io.File::getName (42 bytes)
Event: 16.696 Thread 0x00000147a44f6b70 7375       4       org.eclipse.jdt.internal.compiler.parser.Scanner::internalScanIdentifierOrKeyword (4943 bytes)
Event: 16.704 Thread 0x00000147a0824470 nmethod 7374 0x0000014791dd0610 code [0x0000014791dd07c0, 0x0000014791dd0e18]
Event: 16.704 Thread 0x00000147a0824470 7376   !   4       java.io.File::toPath (54 bytes)
Event: 16.714 Thread 0x00000147a0824470 nmethod 7376 0x0000014791dd1210 code [0x0000014791dd13a0, 0x0000014791dd1788]
Event: 16.714 Thread 0x00000147a0824470 7377       4       org.eclipse.jdt.internal.compiler.parser.Scanner::setSource (65 bytes)
Event: 16.715 Thread 0x00000147a0824470 nmethod 7377 0x0000014791dd1a90 code [0x0000014791dd1c00, 0x0000014791dd1cd8]
Event: 16.715 Thread 0x00000147a0824470 7378       4       org.eclipse.jdt.internal.compiler.parser.Scanner::scanIdentifier (480 bytes)
Event: 16.721 Thread 0x00000147a0824470 nmethod 7378 0x0000014791dd1d90 code [0x0000014791dd1f60, 0x0000014791dd22e8]
Event: 16.756 Thread 0x00000147a0824470 7379 %     4       org.eclipse.jdt.core.Signature::encodeQualifiedName @ 9 (207 bytes)
Event: 16.765 Thread 0x00000147a44f6b70 nmethod 7375 0x0000014791dd2710 code [0x0000014791dd2a80, 0x0000014791dd4750]
Event: 16.766 Thread 0x00000147a44f6b70 7380       4       org.eclipse.jdt.internal.core.search.indexing.AddJrtToIndex$JrtTraverser::visitFile (14 bytes)
Event: 16.774 Thread 0x00000147a0824470 nmethod 7379% 0x0000014791dd5010 code [0x0000014791dd51e0, 0x0000014791dd5ea8]
Event: 16.774 Thread 0x00000147a0824470 7381   !   4       org.eclipse.jdt.internal.core.search.indexing.AddJrtToIndex$JrtIndexer::visitFile (133 bytes)
Event: 16.975 Thread 0x00000147a0824e30 7386       3       java.util.stream.Collectors$$Lambda$6/0x000000010003bec8::accept (14 bytes)
Event: 16.975 Thread 0x00000147a0824e30 nmethod 7386 0x000001478ab14690 code [0x000001478ab14840, 0x000001478ab14ae8]
Event: 17.106 Thread 0x00000147a0824e30 7387       3       org.eclipse.jdt.internal.compiler.parser.Scanner::internalScanIdentifierOrKeyword (4943 bytes)

GC Heap History (20 events):
Event: 15.501 GC heap after
{Heap after GC invocations=33 (full 2):
 PSYoungGen      total 19968K, used 4315K [0x00000000eab00000, 0x00000000ec600000, 0x0000000100000000)
  eden space 15360K, 0% used [0x00000000eab00000,0x00000000eab00000,0x00000000eba00000)
  from space 4608K, 93% used [0x00000000eba00000,0x00000000ebe36f90,0x00000000ebe80000)
  to   space 6144K, 0% used [0x00000000ec000000,0x00000000ec000000,0x00000000ec600000)
 ParOldGen       total 68608K, used 63191K [0x00000000c0000000, 0x00000000c4300000, 0x00000000eab00000)
  object space 68608K, 92% used [0x00000000c0000000,0x00000000c3db5d58,0x00000000c4300000)
 Metaspace       used 56024K, committed 57152K, reserved 1114112K
  class space    used 5972K, committed 6464K, reserved 1048576K
}
Event: 15.601 GC heap before
{Heap before GC invocations=34 (full 2):
 PSYoungGen      total 19968K, used 19675K [0x00000000eab00000, 0x00000000ec600000, 0x0000000100000000)
  eden space 15360K, 100% used [0x00000000eab00000,0x00000000eba00000,0x00000000eba00000)
  from space 4608K, 93% used [0x00000000eba00000,0x00000000ebe36f90,0x00000000ebe80000)
  to   space 6144K, 0% used [0x00000000ec000000,0x00000000ec000000,0x00000000ec600000)
 ParOldGen       total 68608K, used 63191K [0x00000000c0000000, 0x00000000c4300000, 0x00000000eab00000)
  object space 68608K, 92% used [0x00000000c0000000,0x00000000c3db5d58,0x00000000c4300000)
 Metaspace       used 56027K, committed 57152K, reserved 1114112K
  class space    used 5972K, committed 6464K, reserved 1048576K
}
Event: 15.606 GC heap after
{Heap after GC invocations=34 (full 2):
 PSYoungGen      total 19456K, used 3840K [0x00000000eab00000, 0x00000000ec400000, 0x0000000100000000)
  eden space 15360K, 0% used [0x00000000eab00000,0x00000000eab00000,0x00000000eba00000)
  from space 4096K, 93% used [0x00000000ec000000,0x00000000ec3c0110,0x00000000ec400000)
  to   space 4608K, 0% used [0x00000000ebb00000,0x00000000ebb00000,0x00000000ebf80000)
 ParOldGen       total 68608K, used 67172K [0x00000000c0000000, 0x00000000c4300000, 0x00000000eab00000)
  object space 68608K, 97% used [0x00000000c0000000,0x00000000c4199020,0x00000000c4300000)
 Metaspace       used 56027K, committed 57152K, reserved 1114112K
  class space    used 5972K, committed 6464K, reserved 1048576K
}
Event: 15.731 GC heap before
{Heap before GC invocations=35 (full 3):
 PSYoungGen      total 19456K, used 19200K [0x00000000eab00000, 0x00000000ec400000, 0x0000000100000000)
  eden space 15360K, 100% used [0x00000000eab00000,0x00000000eba00000,0x00000000eba00000)
  from space 4096K, 93% used [0x00000000ec000000,0x00000000ec3c0110,0x00000000ec400000)
  to   space 4608K, 0% used [0x00000000ebb00000,0x00000000ebb00000,0x00000000ebf80000)
 ParOldGen       total 68608K, used 67172K [0x00000000c0000000, 0x00000000c4300000, 0x00000000eab00000)
  object space 68608K, 97% used [0x00000000c0000000,0x00000000c4199020,0x00000000c4300000)
 Metaspace       used 56048K, committed 57152K, reserved 1114112K
  class space    used 5975K, committed 6464K, reserved 1048576K
}
Event: 15.817 GC heap after
{Heap after GC invocations=35 (full 3):
 PSYoungGen      total 15872K, used 0K [0x00000000eab00000, 0x00000000ec300000, 0x0000000100000000)
  eden space 15360K, 0% used [0x00000000eab00000,0x00000000eab00000,0x00000000eba00000)
  from space 512K, 0% used [0x00000000ebb00000,0x00000000ebb00000,0x00000000ebb80000)
  to   space 4608K, 0% used [0x00000000ebe80000,0x00000000ebe80000,0x00000000ec300000)
 ParOldGen       total 96768K, used 67216K [0x00000000c0000000, 0x00000000c5e80000, 0x00000000eab00000)
  object space 96768K, 69% used [0x00000000c0000000,0x00000000c41a41b0,0x00000000c5e80000)
 Metaspace       used 56048K, committed 57152K, reserved 1114112K
  class space    used 5975K, committed 6464K, reserved 1048576K
}
Event: 15.902 GC heap before
{Heap before GC invocations=36 (full 3):
 PSYoungGen      total 15872K, used 15360K [0x00000000eab00000, 0x00000000ec300000, 0x0000000100000000)
  eden space 15360K, 100% used [0x00000000eab00000,0x00000000eba00000,0x00000000eba00000)
  from space 512K, 0% used [0x00000000ebb00000,0x00000000ebb00000,0x00000000ebb80000)
  to   space 4608K, 0% used [0x00000000ebe80000,0x00000000ebe80000,0x00000000ec300000)
 ParOldGen       total 96768K, used 67216K [0x00000000c0000000, 0x00000000c5e80000, 0x00000000eab00000)
  object space 96768K, 69% used [0x00000000c0000000,0x00000000c41a41b0,0x00000000c5e80000)
 Metaspace       used 56050K, committed 57152K, reserved 1114112K
  class space    used 5975K, committed 6464K, reserved 1048576K
}
Event: 15.904 GC heap after
{Heap after GC invocations=36 (full 3):
 PSYoungGen      total 19968K, used 4067K [0x00000000eab00000, 0x00000000ec300000, 0x0000000100000000)
  eden space 15360K, 0% used [0x00000000eab00000,0x00000000eab00000,0x00000000eba00000)
  from space 4608K, 88% used [0x00000000ebe80000,0x00000000ec278c40,0x00000000ec300000)
  to   space 4608K, 0% used [0x00000000eba00000,0x00000000eba00000,0x00000000ebe80000)
 ParOldGen       total 96768K, used 67216K [0x00000000c0000000, 0x00000000c5e80000, 0x00000000eab00000)
  object space 96768K, 69% used [0x00000000c0000000,0x00000000c41a41b0,0x00000000c5e80000)
 Metaspace       used 56050K, committed 57152K, reserved 1114112K
  class space    used 5975K, committed 6464K, reserved 1048576K
}
Event: 15.954 GC heap before
{Heap before GC invocations=37 (full 3):
 PSYoungGen      total 19968K, used 19427K [0x00000000eab00000, 0x00000000ec300000, 0x0000000100000000)
  eden space 15360K, 100% used [0x00000000eab00000,0x00000000eba00000,0x00000000eba00000)
  from space 4608K, 88% used [0x00000000ebe80000,0x00000000ec278c40,0x00000000ec300000)
  to   space 4608K, 0% used [0x00000000eba00000,0x00000000eba00000,0x00000000ebe80000)
 ParOldGen       total 96768K, used 67216K [0x00000000c0000000, 0x00000000c5e80000, 0x00000000eab00000)
  object space 96768K, 69% used [0x00000000c0000000,0x00000000c41a41b0,0x00000000c5e80000)
 Metaspace       used 56050K, committed 57152K, reserved 1114112K
  class space    used 5975K, committed 6464K, reserved 1048576K
}
Event: 15.958 GC heap after
{Heap after GC invocations=37 (full 3):
 PSYoungGen      total 18944K, used 3496K [0x00000000eab00000, 0x00000000ec200000, 0x0000000100000000)
  eden space 15360K, 0% used [0x00000000eab00000,0x00000000eab00000,0x00000000eba00000)
  from space 3584K, 97% used [0x00000000eba00000,0x00000000ebd6a260,0x00000000ebd80000)
  to   space 4096K, 0% used [0x00000000ebe00000,0x00000000ebe00000,0x00000000ec200000)
 ParOldGen       total 96768K, used 71077K [0x00000000c0000000, 0x00000000c5e80000, 0x00000000eab00000)
  object space 96768K, 73% used [0x00000000c0000000,0x00000000c4569668,0x00000000c5e80000)
 Metaspace       used 56050K, committed 57152K, reserved 1114112K
  class space    used 5975K, committed 6464K, reserved 1048576K
}
Event: 16.014 GC heap before
{Heap before GC invocations=38 (full 3):
 PSYoungGen      total 18944K, used 18856K [0x00000000eab00000, 0x00000000ec200000, 0x0000000100000000)
  eden space 15360K, 100% used [0x00000000eab00000,0x00000000eba00000,0x00000000eba00000)
  from space 3584K, 97% used [0x00000000eba00000,0x00000000ebd6a260,0x00000000ebd80000)
  to   space 4096K, 0% used [0x00000000ebe00000,0x00000000ebe00000,0x00000000ec200000)
 ParOldGen       total 96768K, used 71077K [0x00000000c0000000, 0x00000000c5e80000, 0x00000000eab00000)
  object space 96768K, 73% used [0x00000000c0000000,0x00000000c4569668,0x00000000c5e80000)
 Metaspace       used 56050K, committed 57152K, reserved 1114112K
  class space    used 5975K, committed 6464K, reserved 1048576K
}
Event: 16.017 GC heap after
{Heap after GC invocations=38 (full 3):
 PSYoungGen      total 19456K, used 3639K [0x00000000eab00000, 0x00000000ec200000, 0x0000000100000000)
  eden space 15360K, 0% used [0x00000000eab00000,0x00000000eab00000,0x00000000eba00000)
  from space 4096K, 88% used [0x00000000ebe00000,0x00000000ec18dd58,0x00000000ec200000)
  to   space 4096K, 0% used [0x00000000eba00000,0x00000000eba00000,0x00000000ebe00000)
 ParOldGen       total 96768K, used 74320K [0x00000000c0000000, 0x00000000c5e80000, 0x00000000eab00000)
  object space 96768K, 76% used [0x00000000c0000000,0x00000000c48943d8,0x00000000c5e80000)
 Metaspace       used 56050K, committed 57152K, reserved 1114112K
  class space    used 5975K, committed 6464K, reserved 1048576K
}
Event: 16.091 GC heap before
{Heap before GC invocations=39 (full 3):
 PSYoungGen      total 19456K, used 18999K [0x00000000eab00000, 0x00000000ec200000, 0x0000000100000000)
  eden space 15360K, 100% used [0x00000000eab00000,0x00000000eba00000,0x00000000eba00000)
  from space 4096K, 88% used [0x00000000ebe00000,0x00000000ec18dd58,0x00000000ec200000)
  to   space 4096K, 0% used [0x00000000eba00000,0x00000000eba00000,0x00000000ebe00000)
 ParOldGen       total 96768K, used 74320K [0x00000000c0000000, 0x00000000c5e80000, 0x00000000eab00000)
  object space 96768K, 76% used [0x00000000c0000000,0x00000000c48943d8,0x00000000c5e80000)
 Metaspace       used 56050K, committed 57152K, reserved 1114112K
  class space    used 5975K, committed 6464K, reserved 1048576K
}
Event: 16.095 GC heap after
{Heap after GC invocations=39 (full 3):
 PSYoungGen      total 19456K, used 3722K [0x00000000eab00000, 0x00000000ec200000, 0x0000000100000000)
  eden space 15360K, 0% used [0x00000000eab00000,0x00000000eab00000,0x00000000eba00000)
  from space 4096K, 90% used [0x00000000eba00000,0x00000000ebda2ba0,0x00000000ebe00000)
  to   space 4096K, 0% used [0x00000000ebe00000,0x00000000ebe00000,0x00000000ec200000)
 ParOldGen       total 96768K, used 77684K [0x00000000c0000000, 0x00000000c5e80000, 0x00000000eab00000)
  object space 96768K, 80% used [0x00000000c0000000,0x00000000c4bdd210,0x00000000c5e80000)
 Metaspace       used 56050K, committed 57152K, reserved 1114112K
  class space    used 5975K, committed 6464K, reserved 1048576K
}
Event: 16.172 GC heap before
{Heap before GC invocations=40 (full 3):
 PSYoungGen      total 19456K, used 19082K [0x00000000eab00000, 0x00000000ec200000, 0x0000000100000000)
  eden space 15360K, 100% used [0x00000000eab00000,0x00000000eba00000,0x00000000eba00000)
  from space 4096K, 90% used [0x00000000eba00000,0x00000000ebda2ba0,0x00000000ebe00000)
  to   space 4096K, 0% used [0x00000000ebe00000,0x00000000ebe00000,0x00000000ec200000)
 ParOldGen       total 96768K, used 77684K [0x00000000c0000000, 0x00000000c5e80000, 0x00000000eab00000)
  object space 96768K, 80% used [0x00000000c0000000,0x00000000c4bdd210,0x00000000c5e80000)
 Metaspace       used 56050K, committed 57152K, reserved 1114112K
  class space    used 5975K, committed 6464K, reserved 1048576K
}
Event: 16.175 GC heap after
{Heap after GC invocations=40 (full 3):
 PSYoungGen      total 19456K, used 3903K [0x00000000eab00000, 0x00000000ec200000, 0x0000000100000000)
  eden space 15360K, 0% used [0x00000000eab00000,0x00000000eab00000,0x00000000eba00000)
  from space 4096K, 95% used [0x00000000ebe00000,0x00000000ec1cfde0,0x00000000ec200000)
  to   space 4096K, 0% used [0x00000000eba00000,0x00000000eba00000,0x00000000ebe00000)
 ParOldGen       total 96768K, used 81161K [0x00000000c0000000, 0x00000000c5e80000, 0x00000000eab00000)
  object space 96768K, 83% used [0x00000000c0000000,0x00000000c4f42548,0x00000000c5e80000)
 Metaspace       used 56050K, committed 57152K, reserved 1114112K
  class space    used 5975K, committed 6464K, reserved 1048576K
}
Event: 16.705 GC heap before
{Heap before GC invocations=41 (full 3):
 PSYoungGen      total 19456K, used 19263K [0x00000000eab00000, 0x00000000ec200000, 0x0000000100000000)
  eden space 15360K, 100% used [0x00000000eab00000,0x00000000eba00000,0x00000000eba00000)
  from space 4096K, 95% used [0x00000000ebe00000,0x00000000ec1cfde0,0x00000000ec200000)
  to   space 4096K, 0% used [0x00000000eba00000,0x00000000eba00000,0x00000000ebe00000)
 ParOldGen       total 96768K, used 81161K [0x00000000c0000000, 0x00000000c5e80000, 0x00000000eab00000)
  object space 96768K, 83% used [0x00000000c0000000,0x00000000c4f42548,0x00000000c5e80000)
 Metaspace       used 56050K, committed 57152K, reserved 1114112K
  class space    used 5975K, committed 6464K, reserved 1048576K
}
Event: 16.710 GC heap after
{Heap after GC invocations=41 (full 3):
 PSYoungGen      total 19456K, used 3685K [0x00000000eab00000, 0x00000000ec200000, 0x0000000100000000)
  eden space 15360K, 0% used [0x00000000eab00000,0x00000000eab00000,0x00000000eba00000)
  from space 4096K, 89% used [0x00000000eba00000,0x00000000ebd99508,0x00000000ebe00000)
  to   space 4096K, 0% used [0x00000000ebe00000,0x00000000ebe00000,0x00000000ec200000)
 ParOldGen       total 96768K, used 84724K [0x00000000c0000000, 0x00000000c5e80000, 0x00000000eab00000)
  object space 96768K, 87% used [0x00000000c0000000,0x00000000c52bd1c8,0x00000000c5e80000)
 Metaspace       used 56050K, committed 57152K, reserved 1114112K
  class space    used 5975K, committed 6464K, reserved 1048576K
}
Event: 16.869 GC heap before
{Heap before GC invocations=42 (full 3):
 PSYoungGen      total 19456K, used 19045K [0x00000000eab00000, 0x00000000ec200000, 0x0000000100000000)
  eden space 15360K, 100% used [0x00000000eab00000,0x00000000eba00000,0x00000000eba00000)
  from space 4096K, 89% used [0x00000000eba00000,0x00000000ebd99508,0x00000000ebe00000)
  to   space 4096K, 0% used [0x00000000ebe00000,0x00000000ebe00000,0x00000000ec200000)
 ParOldGen       total 96768K, used 84724K [0x00000000c0000000, 0x00000000c5e80000, 0x00000000eab00000)
  object space 96768K, 87% used [0x00000000c0000000,0x00000000c52bd1c8,0x00000000c5e80000)
 Metaspace       used 56050K, committed 57152K, reserved 1114112K
  class space    used 5975K, committed 6464K, reserved 1048576K
}
Event: 16.874 GC heap after
{Heap after GC invocations=42 (full 3):
 PSYoungGen      total 19456K, used 3717K [0x00000000eab00000, 0x00000000ec200000, 0x0000000100000000)
  eden space 15360K, 0% used [0x00000000eab00000,0x00000000eab00000,0x00000000eba00000)
  from space 4096K, 90% used [0x00000000ebe00000,0x00000000ec1a1668,0x00000000ec200000)
  to   space 4096K, 0% used [0x00000000eba00000,0x00000000eba00000,0x00000000ebe00000)
 ParOldGen       total 96768K, used 88240K [0x00000000c0000000, 0x00000000c5e80000, 0x00000000eab00000)
  object space 96768K, 91% used [0x00000000c0000000,0x00000000c562c178,0x00000000c5e80000)
 Metaspace       used 56050K, committed 57152K, reserved 1114112K
  class space    used 5975K, committed 6464K, reserved 1048576K
}
Event: 17.174 GC heap before
{Heap before GC invocations=43 (full 3):
 PSYoungGen      total 19456K, used 19077K [0x00000000eab00000, 0x00000000ec200000, 0x0000000100000000)
  eden space 15360K, 100% used [0x00000000eab00000,0x00000000eba00000,0x00000000eba00000)
  from space 4096K, 90% used [0x00000000ebe00000,0x00000000ec1a1668,0x00000000ec200000)
  to   space 4096K, 0% used [0x00000000eba00000,0x00000000eba00000,0x00000000ebe00000)
 ParOldGen       total 96768K, used 88240K [0x00000000c0000000, 0x00000000c5e80000, 0x00000000eab00000)
  object space 96768K, 91% used [0x00000000c0000000,0x00000000c562c178,0x00000000c5e80000)
 Metaspace       used 56050K, committed 57152K, reserved 1114112K
  class space    used 5975K, committed 6464K, reserved 1048576K
}

Dll operation events (10 events):
Event: 0.021 Loaded shared library c:\Users\maitr\.windsurf\extensions\redhat.java-1.38.0-win32-x64\jre\17.0.13-win32-x86_64\bin\java.dll
Event: 0.275 Loaded shared library c:\Users\maitr\.windsurf\extensions\redhat.java-1.38.0-win32-x64\jre\17.0.13-win32-x86_64\bin\zip.dll
Event: 0.299 Loaded shared library C:\Users\maitr\.windsurf\extensions\redhat.java-1.38.0-win32-x64\jre\17.0.13-win32-x86_64\bin\instrument.dll
Event: 0.332 Loaded shared library C:\Users\maitr\.windsurf\extensions\redhat.java-1.38.0-win32-x64\jre\17.0.13-win32-x86_64\bin\net.dll
Event: 0.344 Loaded shared library C:\Users\maitr\.windsurf\extensions\redhat.java-1.38.0-win32-x64\jre\17.0.13-win32-x86_64\bin\nio.dll
Event: 0.369 Loaded shared library C:\Users\maitr\.windsurf\extensions\redhat.java-1.38.0-win32-x64\jre\17.0.13-win32-x86_64\bin\zip.dll
Event: 0.414 Loaded shared library C:\Users\maitr\.windsurf\extensions\redhat.java-1.38.0-win32-x64\jre\17.0.13-win32-x86_64\bin\jimage.dll
Event: 0.627 Loaded shared library c:\Users\maitr\.windsurf\extensions\redhat.java-1.38.0-win32-x64\jre\17.0.13-win32-x86_64\bin\verify.dll
Event: 2.836 Loaded shared library C:\Users\maitr\AppData\Roaming\Windsurf\User\globalStorage\redhat.java\1.38.0\config_win\org.eclipse.equinox.launcher\org.eclipse.equinox.launcher.win32.win32.x86_64_1.2.1100.v20240722-2106\eclipse_11904.dll
Event: 6.063 Loaded shared library C:\Users\maitr\AppData\Local\Temp\jna-103658131\jna1305344646352406430.dll

Deoptimization events (20 events):
Event: 16.142 Thread 0x00000147a2494190 DEOPT PACKING pc=0x000001478ab70715 sp=0x000000056c0fe440
Event: 16.142 Thread 0x00000147a2494190 DEOPT UNPACKING pc=0x0000014791476e43 sp=0x000000056c0fd9c8 mode 0
Event: 16.144 Thread 0x00000147a2494190 DEOPT PACKING pc=0x000001478ab70715 sp=0x000000056c0fe440
Event: 16.144 Thread 0x00000147a2494190 DEOPT UNPACKING pc=0x0000014791476e43 sp=0x000000056c0fd9c8 mode 0
Event: 16.165 Thread 0x00000147a2494190 DEOPT PACKING pc=0x000001478ab70715 sp=0x000000056c0fe440
Event: 16.165 Thread 0x00000147a2494190 DEOPT UNPACKING pc=0x0000014791476e43 sp=0x000000056c0fd9c8 mode 0
Event: 16.192 Thread 0x00000147a2494190 DEOPT PACKING pc=0x000001478ab70715 sp=0x000000056c0fe440
Event: 16.192 Thread 0x00000147a2494190 DEOPT UNPACKING pc=0x0000014791476e43 sp=0x000000056c0fd9c8 mode 0
Event: 16.233 Thread 0x00000147a2494190 DEOPT PACKING pc=0x000001478ab70715 sp=0x000000056c0fe440
Event: 16.233 Thread 0x00000147a2494190 DEOPT UNPACKING pc=0x0000014791476e43 sp=0x000000056c0fd9c8 mode 0
Event: 16.324 Thread 0x00000147a2494190 DEOPT PACKING pc=0x000001478ab70715 sp=0x000000056c0fe440
Event: 16.324 Thread 0x00000147a2494190 DEOPT UNPACKING pc=0x0000014791476e43 sp=0x000000056c0fd9c8 mode 0
Event: 16.343 Thread 0x00000147a2494190 DEOPT PACKING pc=0x000001478ab70715 sp=0x000000056c0fe440
Event: 16.343 Thread 0x00000147a2494190 DEOPT UNPACKING pc=0x0000014791476e43 sp=0x000000056c0fd9c8 mode 0
Event: 16.632 Thread 0x00000147a2494190 DEOPT PACKING pc=0x000001478ab70715 sp=0x000000056c0fe440
Event: 16.632 Thread 0x00000147a2494190 DEOPT UNPACKING pc=0x0000014791476e43 sp=0x000000056c0fd9c8 mode 0
Event: 16.803 Thread 0x00000147a2494190 Uncommon trap: trap_request=0xffffff45 fr.pc=0x0000014791dd4550 relative=0x0000000000001ad0
Event: 16.803 Thread 0x00000147a2494190 Uncommon trap: reason=unstable_if action=reinterpret pc=0x0000014791dd4550 method=org.eclipse.jdt.internal.compiler.parser.Scanner.internalScanIdentifierOrKeyword(II[C)I @ 316 c2
Event: 16.803 Thread 0x00000147a2494190 DEOPT PACKING pc=0x0000014791dd4550 sp=0x000000056c0fe7e0
Event: 16.803 Thread 0x00000147a2494190 DEOPT UNPACKING pc=0x00000147914766a3 sp=0x000000056c0fe778 mode 2

Classes loaded (20 events):
Event: 13.227 Loading class sun/nio/fs/WindowsFileSystem$2
Event: 13.227 Loading class java/nio/file/PathMatcher
Event: 13.227 Loading class java/nio/file/PathMatcher done
Event: 13.227 Loading class sun/nio/fs/WindowsFileSystem$2 done
Event: 13.420 Loading class java/lang/Class$EnclosingMethodInfo
Event: 13.421 Loading class java/lang/Class$EnclosingMethodInfo done
Event: 13.432 Loading class java/lang/ProcessBuilder
Event: 13.433 Loading class java/lang/ProcessBuilder done
Event: 13.433 Loading class java/lang/ProcessImpl
Event: 13.434 Loading class java/lang/ProcessImpl done
Event: 13.455 Loading class java/lang/ProcessImpl$2
Event: 13.455 Loading class java/lang/ProcessImpl$2 done
Event: 13.455 Loading class java/lang/Process$PipeInputStream
Event: 13.455 Loading class java/lang/Process$PipeInputStream done
Event: 13.456 Loading class jdk/internal/event/ProcessStartEvent
Event: 13.473 Loading class jdk/internal/event/ProcessStartEvent done
Event: 13.639 Loading class java/util/concurrent/CompletableFuture$Signaller
Event: 13.640 Loading class java/util/concurrent/CompletableFuture$Signaller done
Event: 13.640 Loading class java/util/concurrent/ForkJoinTask$Aux
Event: 13.640 Loading class java/util/concurrent/ForkJoinTask$Aux done

Classes unloaded (11 events):
Event: 8.239 Thread 0x0000014785926c40 Unloading class 0x0000000100393000 'java/lang/invoke/LambdaForm$MH+0x0000000100393000'
Event: 8.239 Thread 0x0000014785926c40 Unloading class 0x0000000100392800 'java/lang/invoke/LambdaForm$MH+0x0000000100392800'
Event: 8.239 Thread 0x0000014785926c40 Unloading class 0x0000000100391c00 'java/lang/invoke/LambdaForm$MH+0x0000000100391c00'
Event: 8.240 Thread 0x0000014785926c40 Unloading class 0x0000000100391400 'java/lang/invoke/LambdaForm$MH+0x0000000100391400'
Event: 8.240 Thread 0x0000014785926c40 Unloading class 0x000000010025c000 'java/lang/invoke/LambdaForm$MH+0x000000010025c000'
Event: 8.240 Thread 0x0000014785926c40 Unloading class 0x000000010025bc00 'java/lang/invoke/LambdaForm$MH+0x000000010025bc00'
Event: 8.240 Thread 0x0000014785926c40 Unloading class 0x000000010025b800 'java/lang/invoke/LambdaForm$MH+0x000000010025b800'
Event: 8.240 Thread 0x0000014785926c40 Unloading class 0x000000010025b400 'java/lang/invoke/LambdaForm$MH+0x000000010025b400'
Event: 8.240 Thread 0x0000014785926c40 Unloading class 0x000000010025b000 'java/lang/invoke/LambdaForm$BMH+0x000000010025b000'
Event: 8.240 Thread 0x0000014785926c40 Unloading class 0x000000010025ac00 'java/lang/invoke/LambdaForm$DMH+0x000000010025ac00'
Event: 8.240 Thread 0x0000014785926c40 Unloading class 0x0000000100258400 'java/lang/invoke/LambdaForm$DMH+0x0000000100258400'

Classes redefined (0 events):
No events

Internal exceptions (20 events):
Event: 13.389 Thread 0x00000147a2497940 Exception <a 'sun/nio/fs/WindowsException'{0x00000000eb3a56e8}> (0x00000000eb3a56e8) 
thrown [s\src\hotspot\share\prims\jni.cpp, line 516]
Event: 13.391 Thread 0x00000147a2497940 Exception <a 'sun/nio/fs/WindowsException'{0x00000000eb3a90a8}> (0x00000000eb3a90a8) 
thrown [s\src\hotspot\share\prims\jni.cpp, line 516]
Event: 13.392 Thread 0x00000147a2497940 Exception <a 'sun/nio/fs/WindowsException'{0x00000000eb3df9b0}> (0x00000000eb3df9b0) 
thrown [s\src\hotspot\share\prims\jni.cpp, line 516]
Event: 13.393 Thread 0x00000147a2497940 Exception <a 'sun/nio/fs/WindowsException'{0x00000000eb3e3468}> (0x00000000eb3e3468) 
thrown [s\src\hotspot\share\prims\jni.cpp, line 516]
Event: 13.394 Thread 0x00000147a2497940 Exception <a 'sun/nio/fs/WindowsException'{0x00000000eb3e73e8}> (0x00000000eb3e73e8) 
thrown [s\src\hotspot\share\prims\jni.cpp, line 516]
Event: 13.396 Thread 0x00000147a2497940 Exception <a 'sun/nio/fs/WindowsException'{0x00000000eb3eb0c8}> (0x00000000eb3eb0c8) 
thrown [s\src\hotspot\share\prims\jni.cpp, line 516]
Event: 13.399 Thread 0x00000147a2497940 Exception <a 'sun/nio/fs/WindowsException'{0x00000000eb4085b0}> (0x00000000eb4085b0) 
thrown [s\src\hotspot\share\prims\jni.cpp, line 516]
Event: 13.402 Thread 0x00000147a2497940 Exception <a 'sun/nio/fs/WindowsException'{0x00000000eb40cc48}> (0x00000000eb40cc48) 
thrown [s\src\hotspot\share\prims\jni.cpp, line 516]
Event: 13.406 Thread 0x00000147a2497940 Exception <a 'sun/nio/fs/WindowsException'{0x00000000eb4103f0}> (0x00000000eb4103f0) 
thrown [s\src\hotspot\share\prims\jni.cpp, line 516]
Event: 13.410 Thread 0x00000147a2497940 Exception <a 'sun/nio/fs/WindowsException'{0x00000000eb413fd8}> (0x00000000eb413fd8) 
thrown [s\src\hotspot\share\prims\jni.cpp, line 516]
Event: 13.453 Thread 0x00000147a2497940 Exception <a 'java/lang/NoSuchMethodError'{0x00000000eb4408c8}: 'void java.lang.invoke.DirectMethodHandle$Holder.invokeStatic(java.lang.Object, long)'> (0x00000000eb4408c8) 
thrown [s\src\hotspot\share\interpreter\linkResolver.cpp, line 759]
Event: 13.454 Thread 0x00000147a2497940 Exception <a 'java/lang/NoSuchMethodError'{0x00000000eb446120}: 'java.lang.Object java.lang.invoke.DirectMethodHandle$Holder.newInvokeSpecial(java.lang.Object, long)'> (0x00000000eb446120) 
thrown [s\src\hotspot\share\interpreter\linkResolver.cpp, line 759]
Event: 13.610 Thread 0x00000147a2497940 Exception <a 'sun/nio/fs/WindowsException'{0x00000000eb697a50}> (0x00000000eb697a50) 
thrown [s\src\hotspot\share\prims\jni.cpp, line 516]
Event: 13.610 Thread 0x00000147a2497940 Exception <a 'sun/nio/fs/WindowsException'{0x00000000eb6982d8}> (0x00000000eb6982d8) 
thrown [s\src\hotspot\share\prims\jni.cpp, line 516]
Event: 13.614 Thread 0x00000147a2497940 Exception <a 'sun/nio/fs/WindowsException'{0x00000000eb69a3c8}> (0x00000000eb69a3c8) 
thrown [s\src\hotspot\share\prims\jni.cpp, line 516]
Event: 13.614 Thread 0x00000147a2497940 Exception <a 'sun/nio/fs/WindowsException'{0x00000000eb69aa20}> (0x00000000eb69aa20) 
thrown [s\src\hotspot\share\prims\jni.cpp, line 516]
Event: 13.615 Thread 0x00000147a2497940 Exception <a 'sun/nio/fs/WindowsException'{0x00000000eb69b5e8}> (0x00000000eb69b5e8) 
thrown [s\src\hotspot\share\prims\jni.cpp, line 516]
Event: 13.615 Thread 0x00000147a2497940 Exception <a 'sun/nio/fs/WindowsException'{0x00000000eb69bf48}> (0x00000000eb69bf48) 
thrown [s\src\hotspot\share\prims\jni.cpp, line 516]
Event: 13.617 Thread 0x00000147a2497940 Exception <a 'sun/nio/fs/WindowsException'{0x00000000eb69caa0}> (0x00000000eb69caa0) 
thrown [s\src\hotspot\share\prims\jni.cpp, line 516]
Event: 13.617 Thread 0x00000147a2497940 Exception <a 'sun/nio/fs/WindowsException'{0x00000000eb69d0d8}> (0x00000000eb69d0d8) 
thrown [s\src\hotspot\share\prims\jni.cpp, line 516]

VM Operations (20 events):
Event: 15.606 Executing VM operation: ParallelGCFailedAllocation done
Event: 15.635 Executing VM operation: HandshakeAllThreads
Event: 15.635 Executing VM operation: HandshakeAllThreads done
Event: 15.731 Executing VM operation: ParallelGCFailedAllocation
Event: 15.817 Executing VM operation: ParallelGCFailedAllocation done
Event: 15.902 Executing VM operation: ParallelGCFailedAllocation
Event: 15.904 Executing VM operation: ParallelGCFailedAllocation done
Event: 15.954 Executing VM operation: ParallelGCFailedAllocation
Event: 15.958 Executing VM operation: ParallelGCFailedAllocation done
Event: 16.013 Executing VM operation: ParallelGCFailedAllocation
Event: 16.017 Executing VM operation: ParallelGCFailedAllocation done
Event: 16.091 Executing VM operation: ParallelGCFailedAllocation
Event: 16.095 Executing VM operation: ParallelGCFailedAllocation done
Event: 16.172 Executing VM operation: ParallelGCFailedAllocation
Event: 16.175 Executing VM operation: ParallelGCFailedAllocation done
Event: 16.705 Executing VM operation: ParallelGCFailedAllocation
Event: 16.710 Executing VM operation: ParallelGCFailedAllocation done
Event: 16.869 Executing VM operation: ParallelGCFailedAllocation
Event: 16.874 Executing VM operation: ParallelGCFailedAllocation done
Event: 17.174 Executing VM operation: ParallelGCFailedAllocation

Memory protections (0 events):
No events

Nmethod flushes (20 events):
Event: 11.900 Thread 0x00000147a083ade0 flushing  nmethod 0x000001478aaf5f90
Event: 11.900 Thread 0x00000147a083ade0 flushing  nmethod 0x000001478aaf6310
Event: 11.900 Thread 0x00000147a083ade0 flushing  nmethod 0x000001478aaf6710
Event: 11.900 Thread 0x00000147a083ade0 flushing  nmethod 0x000001478aaf6c90
Event: 11.900 Thread 0x00000147a083ade0 flushing  nmethod 0x000001478aaf7010
Event: 11.900 Thread 0x00000147a083ade0 flushing  nmethod 0x000001478aafc010
Event: 11.900 Thread 0x00000147a083ade0 flushing  nmethod 0x000001478aafc390
Event: 11.900 Thread 0x00000147a083ade0 flushing  nmethod 0x000001478ab13310
Event: 11.900 Thread 0x00000147a083ade0 flushing  nmethod 0x000001478ab15b90
Event: 15.642 Thread 0x00000147a083ade0 flushing  nmethod 0x000001478a1d4f90
Event: 15.643 Thread 0x00000147a083ade0 flushing  nmethod 0x000001478a254b90
Event: 15.644 Thread 0x00000147a083ade0 flushing  nmethod 0x000001478a319690
Event: 15.649 Thread 0x00000147a083ade0 flushing  nmethod 0x000001478a783710
Event: 15.652 Thread 0x00000147a083ade0 flushing  nmethod 0x000001478a9b3f90
Event: 15.652 Thread 0x00000147a083ade0 flushing  nmethod 0x000001478a9def90
Event: 15.652 Thread 0x00000147a083ade0 flushing  nmethod 0x000001478a9f7c10
Event: 15.652 Thread 0x00000147a083ade0 flushing  nmethod 0x000001478aa49f10
Event: 15.653 Thread 0x00000147a083ade0 flushing  nmethod 0x000001478ab0a490
Event: 15.653 Thread 0x00000147a083ade0 flushing  nmethod 0x000001478ab11110
Event: 15.653 Thread 0x00000147a083ade0 flushing  nmethod 0x000001478ab14690

Events (20 events):
Event: 9.377 Thread 0x000001478587c0b0 Thread added: 0x00000147a24909e0
Event: 9.377 Thread 0x000001478587c0b0 Thread added: 0x00000147a24955d0
Event: 9.377 Thread 0x000001478587c0b0 Thread added: 0x00000147a2492d50
Event: 9.377 Thread 0x000001478587c0b0 Thread added: 0x00000147a2493260
Event: 9.377 Thread 0x000001478587c0b0 Thread added: 0x00000147a2493770
Event: 9.377 Thread 0x000001478587c0b0 Thread added: 0x00000147a24950c0
Event: 9.377 Thread 0x000001478587c0b0 Thread added: 0x00000147a2492330
Event: 9.377 Thread 0x000001478587c0b0 Thread added: 0x00000147a2493c80
Event: 9.377 Thread 0x000001478587c0b0 Thread added: 0x00000147a24946a0
Event: 9.377 Thread 0x000001478587c0b0 Thread added: 0x00000147a2494bb0
Event: 9.448 Thread 0x000001478587c0b0 Thread added: 0x00000147a2495ae0
Event: 10.124 Thread 0x000001478587c0b0 Thread added: 0x00000147a2495ff0
Event: 10.125 Thread 0x000001478587c0b0 Thread added: 0x00000147a2492840
Event: 10.133 Thread 0x00000147a24904d0 Thread added: 0x00000147a2496f20
Event: 10.252 Thread 0x00000147a2496f20 Thread added: 0x00000147a2496500
Event: 10.590 Thread 0x00000147a2496500 Thread added: 0x00000147a2497940
Event: 10.792 Thread 0x00000147a0824e30 Thread added: 0x00000147a44f6b70
Event: 11.390 Thread 0x00000147a0824470 Thread added: 0x00000147a44f7b60
Event: 11.979 Thread 0x00000147a2a34060 Thread exited: 0x00000147a2a34060
Event: 13.597 Thread 0x00000147a2497940 Thread added: 0x00000147a5639060


Dynamic libraries:
0x00007ff61fe10000 - 0x00007ff61fe1e000 	c:\Users\maitr\.windsurf\extensions\redhat.java-1.38.0-win32-x64\jre\17.0.13-win32-x86_64\bin\java.exe
0x00007ffb7da80000 - 0x00007ffb7dce3000 	C:\WINDOWS\SYSTEM32\ntdll.dll
0x00007ffb7cef0000 - 0x00007ffb7cfb8000 	C:\WINDOWS\System32\KERNEL32.DLL
0x00007ffb7b080000 - 0x00007ffb7b432000 	C:\WINDOWS\System32\KERNELBASE.dll
0x00007ffb7b790000 - 0x00007ffb7b8db000 	C:\WINDOWS\System32\ucrtbase.dll
0x00007ffb65710000 - 0x00007ffb6572e000 	c:\Users\maitr\.windsurf\extensions\redhat.java-1.38.0-win32-x64\jre\17.0.13-win32-x86_64\bin\VCRUNTIME140.dll
0x00007ffb65610000 - 0x00007ffb65627000 	c:\Users\maitr\.windsurf\extensions\redhat.java-1.38.0-win32-x64\jre\17.0.13-win32-x86_64\bin\jli.dll
0x00007ffb7ba60000 - 0x00007ffb7bc28000 	C:\WINDOWS\System32\USER32.dll
0x00007ffb7b610000 - 0x00007ffb7b637000 	C:\WINDOWS\System32\win32u.dll
0x00007ffb6ad40000 - 0x00007ffb6afd0000 	C:\WINDOWS\WinSxS\amd64_microsoft.windows.common-controls_6595b64144ccf1df_6.0.26100.2454_none_3e0b68a2e331ad60\COMCTL32.dll
0x00007ffb7d4d0000 - 0x00007ffb7d4fa000 	C:\WINDOWS\System32\GDI32.dll
0x00007ffb7d990000 - 0x00007ffb7da39000 	C:\WINDOWS\System32\msvcrt.dll
0x00007ffb7b4e0000 - 0x00007ffb7b60b000 	C:\WINDOWS\System32\gdi32full.dll
0x00007ffb7afd0000 - 0x00007ffb7b073000 	C:\WINDOWS\System32\msvcp_win.dll
0x00007ffb7b8e0000 - 0x00007ffb7b90f000 	C:\WINDOWS\System32\IMM32.DLL
0x00007ffb75db0000 - 0x00007ffb75dbc000 	c:\Users\maitr\.windsurf\extensions\redhat.java-1.38.0-win32-x64\jre\17.0.13-win32-x86_64\bin\vcruntime140_1.dll
0x00007ffb290f0000 - 0x00007ffb2917d000 	c:\Users\maitr\.windsurf\extensions\redhat.java-1.38.0-win32-x64\jre\17.0.13-win32-x86_64\bin\msvcp140.dll
0x00007ffaed200000 - 0x00007ffaede6b000 	c:\Users\maitr\.windsurf\extensions\redhat.java-1.38.0-win32-x64\jre\17.0.13-win32-x86_64\bin\server\jvm.dll
0x00007ffb7d0e0000 - 0x00007ffb7d194000 	C:\WINDOWS\System32\ADVAPI32.dll
0x00007ffb7d340000 - 0x00007ffb7d3e6000 	C:\WINDOWS\System32\sechost.dll
0x00007ffb7c7d0000 - 0x00007ffb7c8e6000 	C:\WINDOWS\System32\RPCRT4.dll
0x00007ffb7c8f0000 - 0x00007ffb7c964000 	C:\WINDOWS\System32\WS2_32.dll
0x00007ffb714a0000 - 0x00007ffb714d6000 	C:\WINDOWS\SYSTEM32\WINMM.dll
0x00007ffb72440000 - 0x00007ffb7244b000 	C:\WINDOWS\SYSTEM32\VERSION.dll
0x00007ffb79b20000 - 0x00007ffb79b6e000 	C:\WINDOWS\SYSTEM32\POWRPROF.dll
0x00007ffb79b00000 - 0x00007ffb79b14000 	C:\WINDOWS\SYSTEM32\UMPDC.dll
0x00007ffb79da0000 - 0x00007ffb79dba000 	C:\WINDOWS\SYSTEM32\kernel.appcore.dll
0x00007ffb69780000 - 0x00007ffb6978a000 	c:\Users\maitr\.windsurf\extensions\redhat.java-1.38.0-win32-x64\jre\17.0.13-win32-x86_64\bin\jimage.dll
0x00007ffb78940000 - 0x00007ffb78b81000 	C:\WINDOWS\SYSTEM32\DBGHELP.DLL
0x00007ffb7cb10000 - 0x00007ffb7ce8e000 	C:\WINDOWS\System32\combase.dll
0x00007ffb7d3f0000 - 0x00007ffb7d4c6000 	C:\WINDOWS\System32\OLEAUT32.dll
0x00007ffb62f20000 - 0x00007ffb62f59000 	C:\WINDOWS\SYSTEM32\dbgcore.DLL
0x00007ffb7b440000 - 0x00007ffb7b4d9000 	C:\WINDOWS\System32\bcryptPrimitives.dll
0x00007ffb684a0000 - 0x00007ffb684ae000 	c:\Users\maitr\.windsurf\extensions\redhat.java-1.38.0-win32-x64\jre\17.0.13-win32-x86_64\bin\instrument.dll
0x00007ffb655e0000 - 0x00007ffb65605000 	c:\Users\maitr\.windsurf\extensions\redhat.java-1.38.0-win32-x64\jre\17.0.13-win32-x86_64\bin\java.dll
0x00007ffb4d3c0000 - 0x00007ffb4d3d8000 	c:\Users\maitr\.windsurf\extensions\redhat.java-1.38.0-win32-x64\jre\17.0.13-win32-x86_64\bin\zip.dll
0x00007ffb7c0c0000 - 0x00007ffb7c7c0000 	C:\WINDOWS\System32\SHELL32.dll
0x00007ffb78bc0000 - 0x00007ffb793f1000 	C:\WINDOWS\SYSTEM32\windows.storage.dll
0x00007ffb7d500000 - 0x00007ffb7d5da000 	C:\WINDOWS\System32\SHCORE.dll
0x00007ffb7d1a0000 - 0x00007ffb7d1fd000 	C:\WINDOWS\System32\shlwapi.dll
0x00007ffb7ad60000 - 0x00007ffb7ad8e000 	C:\WINDOWS\SYSTEM32\profapi.dll
0x00007ffb4d180000 - 0x00007ffb4d199000 	C:\Users\maitr\.windsurf\extensions\redhat.java-1.38.0-win32-x64\jre\17.0.13-win32-x86_64\bin\net.dll
0x00007ffb75800000 - 0x00007ffb75926000 	C:\WINDOWS\SYSTEM32\WINHTTP.dll
0x00007ffb7a2a0000 - 0x00007ffb7a308000 	C:\WINDOWS\system32\mswsock.dll
0x00007ffb4cfc0000 - 0x00007ffb4cfd6000 	C:\Users\maitr\.windsurf\extensions\redhat.java-1.38.0-win32-x64\jre\17.0.13-win32-x86_64\bin\nio.dll
0x00007ffb67e10000 - 0x00007ffb67e20000 	c:\Users\maitr\.windsurf\extensions\redhat.java-1.38.0-win32-x64\jre\17.0.13-win32-x86_64\bin\verify.dll
0x00007ffb43ce0000 - 0x00007ffb43d25000 	C:\Users\maitr\AppData\Roaming\Windsurf\User\globalStorage\redhat.java\1.38.0\config_win\org.eclipse.equinox.launcher\org.eclipse.equinox.launcher.win32.win32.x86_64_1.2.1100.v20240722-2106\eclipse_11904.dll
0x00007ffb7c970000 - 0x00007ffb7cb09000 	C:\WINDOWS\System32\ole32.dll
0x00007ffb7a550000 - 0x00007ffb7a56c000 	C:\WINDOWS\SYSTEM32\CRYPTSP.dll
0x00007ffb79d00000 - 0x00007ffb79d38000 	C:\WINDOWS\system32\rsaenh.dll
0x00007ffb7a340000 - 0x00007ffb7a36b000 	C:\WINDOWS\SYSTEM32\USERENV.dll
0x00007ffb7a780000 - 0x00007ffb7a7a6000 	C:\WINDOWS\SYSTEM32\bcrypt.dll
0x00007ffb7a540000 - 0x00007ffb7a54c000 	C:\WINDOWS\SYSTEM32\CRYPTBASE.dll
0x00007ffb797b0000 - 0x00007ffb797e2000 	C:\WINDOWS\SYSTEM32\IPHLPAPI.DLL
0x00007ffb7ba50000 - 0x00007ffb7ba5a000 	C:\WINDOWS\System32\NSI.dll
0x00007ffb754d0000 - 0x00007ffb754ee000 	C:\WINDOWS\SYSTEM32\dhcpcsvc6.DLL
0x00007ffb75940000 - 0x00007ffb75965000 	C:\WINDOWS\SYSTEM32\dhcpcsvc.DLL
0x00007ffb79850000 - 0x00007ffb79975000 	C:\WINDOWS\SYSTEM32\DNSAPI.dll
0x00007ffb3fbc0000 - 0x00007ffb3fc09000 	C:\Users\maitr\AppData\Local\Temp\jna-103658131\jna1305344646352406430.dll
0x00007ffb7cfc0000 - 0x00007ffb7cfc8000 	C:\WINDOWS\System32\PSAPI.DLL

dbghelp: loaded successfully - version: 4.0.5 - missing functions: none
symbol engine: initialized successfully - sym options: 0x614 - pdb path: .;c:\Users\maitr\.windsurf\extensions\redhat.java-1.38.0-win32-x64\jre\17.0.13-win32-x86_64\bin;C:\WINDOWS\SYSTEM32;C:\WINDOWS\WinSxS\amd64_microsoft.windows.common-controls_6595b64144ccf1df_6.0.26100.2454_none_3e0b68a2e331ad60;c:\Users\maitr\.windsurf\extensions\redhat.java-1.38.0-win32-x64\jre\17.0.13-win32-x86_64\bin\server;C:\Users\maitr\AppData\Roaming\Windsurf\User\globalStorage\redhat.java\1.38.0\config_win\org.eclipse.equinox.launcher\org.eclipse.equinox.launcher.win32.win32.x86_64_1.2.1100.v20240722-2106;C:\Users\maitr\AppData\Local\Temp\jna-103658131

VM Arguments:
jvm_args: --add-modules=ALL-SYSTEM --add-opens=java.base/java.util=ALL-UNNAMED --add-opens=java.base/java.lang=ALL-UNNAMED --add-opens=java.base/sun.nio.fs=ALL-UNNAMED -Declipse.application=org.eclipse.jdt.ls.core.id1 -Dosgi.bundles.defaultStartLevel=4 -Declipse.product=org.eclipse.jdt.ls.core.product -Djava.import.generatesMetadataFilesAtProjectRoot=false -DDetectVMInstallationsJob.disabled=true -Dfile.encoding=utf8 -XX:+UseParallelGC -XX:GCTimeRatio=4 -XX:AdaptiveSizePolicyWeight=90 -Dsun.zip.disableMemoryMapping=true -Xmx1G -Xms100m -Xlog:disable -javaagent:c:\Users\maitr\.windsurf\extensions\redhat.java-1.38.0-win32-x64\lombok\lombok-1.18.34.jar -XX:+HeapDumpOnOutOfMemoryError -XX:HeapDumpPath=c:\Users\maitr\AppData\Roaming\Windsurf\User\workspaceStorage\4e80a5746ef655b56c3bb9a55fa8cfa9\redhat.java -Daether.dependencyCollector.impl=bf 
java_command: c:\Users\maitr\.windsurf\extensions\redhat.java-1.38.0-win32-x64\server\plugins\org.eclipse.equinox.launcher_1.6.900.v20240613-2009.jar -configuration c:\Users\maitr\AppData\Roaming\Windsurf\User\globalStorage\redhat.java\1.38.0\config_win -data c:\Users\maitr\AppData\Roaming\Windsurf\User\workspaceStorage\4e80a5746ef655b56c3bb9a55fa8cfa9\redhat.java\jdt_ws --pipe=\\.\pipe\lsp-de5e040e6dab6691b0d7ba84b7dfb713-sock
java_class_path (initial): c:\Users\maitr\.windsurf\extensions\redhat.java-1.38.0-win32-x64\server\plugins\org.eclipse.equinox.launcher_1.6.900.v20240613-2009.jar
Launcher Type: SUN_STANDARD

[Global flags]
    uintx AdaptiveSizePolicyWeight                 = 90                                        {product} {command line}
     intx CICompilerCount                          = 4                                         {product} {ergonomic}
    uintx GCTimeRatio                              = 4                                         {product} {command line}
     bool HeapDumpOnOutOfMemoryError               = true                                   {manageable} {command line}
    ccstr HeapDumpPath                             = c:\Users\maitr\AppData\Roaming\Windsurf\User\workspaceStorage\4e80a5746ef655b56c3bb9a55fa8cfa9\redhat.java         {manageable} {command line}
   size_t InitialHeapSize                          = 104857600                                 {product} {command line}
   size_t MaxHeapSize                              = 1073741824                                {product} {command line}
   size_t MaxNewSize                               = 357564416                                 {product} {ergonomic}
   size_t MinHeapDeltaBytes                        = 524288                                    {product} {ergonomic}
   size_t MinHeapSize                              = 104857600                                 {product} {command line}
   size_t NewSize                                  = 34603008                                  {product} {ergonomic}
    uintx NonNMethodCodeHeapSize                   = 5839372                                {pd product} {ergonomic}
    uintx NonProfiledCodeHeapSize                  = 122909434                              {pd product} {ergonomic}
   size_t OldSize                                  = 70254592                                  {product} {ergonomic}
    uintx ProfiledCodeHeapSize                     = 122909434                              {pd product} {ergonomic}
    uintx ReservedCodeCacheSize                    = 251658240                              {pd product} {ergonomic}
     bool SegmentedCodeCache                       = true                                      {product} {ergonomic}
   size_t SoftMaxHeapSize                          = 1073741824                             {manageable} {ergonomic}
     bool UseCompressedClassPointers               = true                           {product lp64_product} {ergonomic}
     bool UseCompressedOops                        = true                           {product lp64_product} {ergonomic}
     bool UseLargePagesIndividualAllocation        = false                                  {pd product} {ergonomic}
     bool UseParallelGC                            = true                                      {product} {command line}

Logging:
Log output configuration:
 #0: stdout all=off uptime,level,tags
 #1: stderr all=off uptime,level,tags

Environment Variables:
PATH=C:\Program Files\Common Files\Oracle\Java\javapath;C:\Program Files (x86)\Common Files\Oracle\Java\javapath;C:\Program Files\Microsoft\jdk-11.0.16.101-hotspot\bin;C:\Windows\system32;C:\Windows;C:\Windows\System32\Wbem;C:\Windows\System32\WindowsPowerShell\v1.0\;C:\Windows\System32\OpenSSH\;C:\Program Files (x86)\NVIDIA Corporation\PhysX\Common;C:\Program Files\NVIDIA Corporation\NVIDIA NvDLISR;C:\WINDOWS\system32;C:\WINDOWS;C:\WINDOWS\System32\Wbem;C:\WINDOWS\System32\WindowsPowerShell\v1.0\;C:\WINDOWS\System32\OpenSSH\;C:\Program Files\Microsoft SQL Server\150\Tools\Binn\;C:\Program Files\Microsoft SQL Server\Client SDK\ODBC\170\Tools\Binn\;C:\Program Files\dotnet\;C:\Program Files\Microsoft SQL Server\120\Tools\Binn\;C:\Program Files\Microsoft SQL Server\Client SDK\ODBC\110\Tools\Binn\;C:\Program Files (x86)\Microsoft SQL Server\120\Tools\Binn\;C:\Program Files\Microsoft SQL Server\120\DTS\Binn\;C:\Program Files (x86)\Microsoft SQL Server\120\Tools\Binn\ManagementStudio\;C:\Program Files (x86)\Microsoft SQL Server\120\DTS\Binn\;C:\Program Files\Git\cmd;C:\Program Files\Cloudflare\Cloudflare WARP\;C:\Program Files\MySQL\MySQL Shell 8.0\bin\;C:\Users\maitr\AppData\Local\Microsoft\WindowsApps;C:\Users\maitr\AppData\Local\Programs\Microsoft VS Code\bin;C:\Users\maitr\.dotnet\tools;C:\Users\maitr\AppData\Local\GitHubDesktop\bin;C:\Program Files\JetBrains\IntelliJ IDEA 2024.2.4\bin;;C:\Users\maitr\AppData\Local\Programs\Windsurf\bin
USERNAME=maitr
OS=Windows_NT
PROCESSOR_IDENTIFIER=AMD64 Family 23 Model 96 Stepping 1, AuthenticAMD
TMP=C:\Users\maitr\AppData\Local\Temp
TEMP=C:\Users\maitr\AppData\Local\Temp



Periodic native trim disabled


---------------  S Y S T E M  ---------------

OS:
 Windows 11 , 64 bit Build 26100 (10.0.26100.2454)
OS uptime: 13 days 3:02 hours

CPU: total 12 (initial active 12) (12 cores per cpu, 2 threads per core) family 23 model 96 stepping 1 microcode 0x8600103, cx8, cmov, fxsr, ht, mmx, 3dnowpref, sse, sse2, sse3, ssse3, sse4a, sse4.1, sse4.2, popcnt, lzcnt, tsc, tscinvbit, avx, avx2, aes, clmul, bmi1, bmi2, adx, sha, fma, vzeroupper, clflush, clflushopt
Processor Information for all 12 processors :
  Max Mhz: 3000, Current Mhz: 3000, Mhz Limit: 3000

Memory: 4k page, system-wide physical 7549M (1092M free)
TotalPageFile size 31101M (AvailPageFile size 29M)
current process WorkingSet (physical memory assigned to process): 328M, peak: 328M
current process commit charge ("private bytes"): 372M, peak: 373M

vm_info: OpenJDK 64-Bit Server VM (17.0.13+11) for windows-amd64 JRE (17.0.13+11), built on Oct 16 2024 00:10:08 by "admin" with MS VC++ 17.7 (VS2022)

END.
