#
# There is insufficient memory for the Java Runtime Environment to continue.
# Native memory allocation (malloc) failed to allocate 1134336 bytes. Error detail: Chunk::new
# Possible reasons:
#   The system is out of physical RAM or swap space
#   This process is running with CompressedOops enabled, and the Java Heap may be blocking the growth of the native heap
# Possible solutions:
#   Reduce memory load on the system
#   Increase physical memory or swap space
#   Check if swap backing store is full
#   Decrease Java heap size (-Xmx/-Xms)
#   Decrease number of Java threads
#   Decrease Java thread stack sizes (-Xss)
#   Set larger code cache with -XX:ReservedCodeCacheSize=
#   JVM is running with Unscaled Compressed Oops mode in which the Java heap is
#     placed in the first 4GB address space. The Java Heap base address is the
#     maximum limit for the native heap growth. Please use -XX:HeapBaseMinAddress
#     to set the Java Heap base and to place the Java Heap above 4GB virtual address.
# This output file may be truncated or incomplete.
#
#  Out of Memory Error (arena.cpp:191), pid=30940, tid=26016
#
# JRE version: OpenJDK Runtime Environment Temurin-17.0.13+11 (17.0.13+11) (build 17.0.13+11)
# Java VM: OpenJDK 64-Bit Server VM Temurin-17.0.13+11 (17.0.13+11, mixed mode, tiered, compressed oops, compressed class ptrs, g1 gc, windows-amd64)
# No core dump will be written. Minidumps are not enabled by default on client versions of Windows
#

---------------  S U M M A R Y ------------

Command Line: --add-opens=java.base/java.lang=ALL-UNNAMED --add-opens=java.base/java.io=ALL-UNNAMED --add-opens=java.base/java.util=ALL-UNNAMED -Dplugin.dir=C:\Users\maitr\.windsurf\extensions\redhat.java-1.38.0-win32-x64\server\..\..\vscjava.vscode-gradle-3.15.0-universal\server\plugins com.microsoft.java.bs.core.Launcher

Host: AMD Ryzen 5 4600H with Radeon Graphics         , 12 cores, 7G,  Windows 11 , 64 bit Build 26100 (10.0.26100.2454)
Time: Thu Jan  2 17:13:41 2025 SE Asia Standard Time elapsed time: 6.659398 seconds (0d 0h 0m 6s)

---------------  T H R E A D  ---------------

Current thread (0x000002043c8f8320):  JavaThread "C2 CompilerThread1" daemon [_thread_in_native, id=26016, stack(0x000000d907a00000,0x000000d907b00000)]


Current CompileTask:
C2:   6659 2270   !   4       org.gradle.internal.daemon.client.serialization.ClasspathInferer::find (383 bytes)

Stack: [0x000000d907a00000,0x000000d907b00000]
Native frames: (J=compiled Java code, j=interpreted, Vv=VM code, C=native code)
V  [jvm.dll+0x682a19]
V  [jvm.dll+0x839538]
V  [jvm.dll+0x83afe3]
V  [jvm.dll+0x83b653]
V  [jvm.dll+0x24704f]
V  [jvm.dll+0xace34]
V  [jvm.dll+0xad4cc]
V  [jvm.dll+0x2ac84f]
V  [jvm.dll+0x588a79]
V  [jvm.dll+0x220ea2]
V  [jvm.dll+0x22129f]
V  [jvm.dll+0x21a2b0]
V  [jvm.dll+0x21738b]
V  [jvm.dll+0x1a3070]
V  [jvm.dll+0x22788c]
V  [jvm.dll+0x2259eb]
V  [jvm.dll+0x7eec98]
V  [jvm.dll+0x7e8ffc]
V  [jvm.dll+0x6818f7]
C  [ucrtbase.dll+0x14ea0]
C  [KERNEL32.DLL+0x2e8d7]
C  [ntdll.dll+0xdfbcc]


---------------  P R O C E S S  ---------------

Threads class SMR info:
_java_thread_list=0x000002043e668eb0, length=18, elements={
0x000002043c000a60, 0x000002043c001330, 0x000002043c03c130, 0x000002043c03ee10,
0x000002043c0424a0, 0x0000020437daeb60, 0x0000020437daf760, 0x0000020437db0070,
0x0000020437db13a0, 0x000002043c1dff00, 0x000002043c1fc830, 0x000002043c893ca0,
0x000002041e91b220, 0x000002043c6ac050, 0x000002043c932830, 0x000002043c8f8320,
0x000002043d6d3820, 0x000002043d6d0070
}

Java Threads: ( => current thread )
  0x000002043c000a60 JavaThread "Reference Handler" daemon [_thread_blocked, id=20440, stack(0x000000d906c00000,0x000000d906d00000)]
  0x000002043c001330 JavaThread "Finalizer" daemon [_thread_blocked, id=2904, stack(0x000000d906d00000,0x000000d906e00000)]
  0x000002043c03c130 JavaThread "Signal Dispatcher" daemon [_thread_blocked, id=33608, stack(0x000000d906e00000,0x000000d906f00000)]
  0x000002043c03ee10 JavaThread "Attach Listener" daemon [_thread_blocked, id=12768, stack(0x000000d906f00000,0x000000d907000000)]
  0x000002043c0424a0 JavaThread "Service Thread" daemon [_thread_blocked, id=27048, stack(0x000000d907000000,0x000000d907100000)]
  0x0000020437daeb60 JavaThread "Monitor Deflation Thread" daemon [_thread_blocked, id=28312, stack(0x000000d907100000,0x000000d907200000)]
  0x0000020437daf760 JavaThread "C2 CompilerThread0" daemon [_thread_in_native, id=17044, stack(0x000000d907200000,0x000000d907300000)]
  0x0000020437db0070 JavaThread "C1 CompilerThread0" daemon [_thread_blocked, id=39012, stack(0x000000d907300000,0x000000d907400000)]
  0x0000020437db13a0 JavaThread "Sweeper thread" daemon [_thread_blocked, id=40796, stack(0x000000d907400000,0x000000d907500000)]
  0x000002043c1dff00 JavaThread "Common-Cleaner" daemon [_thread_blocked, id=30948, stack(0x000000d907500000,0x000000d907600000)]
  0x000002043c1fc830 JavaThread "Notification Thread" daemon [_thread_blocked, id=35132, stack(0x000000d907600000,0x000000d907700000)]
  0x000002043c893ca0 JavaThread "pool-1-thread-1" [_thread_in_native, id=1852, stack(0x000000d907800000,0x000000d907900000)]
  0x000002041e91b220 JavaThread "DestroyJavaVM" [_thread_blocked, id=31188, stack(0x000000d906500000,0x000000d906600000)]
  0x000002043c6ac050 JavaThread "ForkJoinPool.commonPool-worker-1" daemon [_thread_blocked, id=41372, stack(0x000000d907900000,0x000000d907a00000)]
  0x000002043c932830 JavaThread "ForkJoinPool.commonPool-worker-2" daemon [_thread_blocked, id=16520, stack(0x000000d907b00000,0x000000d907c00000)]
=>0x000002043c8f8320 JavaThread "C2 CompilerThread1" daemon [_thread_in_native, id=26016, stack(0x000000d907a00000,0x000000d907b00000)]
  0x000002043d6d3820 JavaThread "Connection worker" daemon [_thread_in_native, id=37776, stack(0x000000d908800000,0x000000d908900000)]
  0x000002043d6d0070 JavaThread "ForkJoinPool.commonPool-worker-3" daemon [_thread_blocked, id=19980, stack(0x000000d908900000,0x000000d908a00000)]

Other Threads:
  0x0000020437d90130 VMThread "VM Thread" [stack: 0x000000d906b00000,0x000000d906c00000] [id=16760]
  0x000002043c1fcd10 WatcherThread [stack: 0x000000d907700000,0x000000d907800000] [id=8916]
  0x000002041e972f70 GCTaskThread "GC Thread#0" [stack: 0x000000d906600000,0x000000d906700000] [id=12320]
  0x000002043cbf4330 GCTaskThread "GC Thread#1" [stack: 0x000000d907c00000,0x000000d907d00000] [id=39988]
  0x000002043cd84750 GCTaskThread "GC Thread#2" [stack: 0x000000d907d00000,0x000000d907e00000] [id=24172]
  0x000002043cd84a10 GCTaskThread "GC Thread#3" [stack: 0x000000d907e00000,0x000000d907f00000] [id=16692]
  0x000002043cd839a0 GCTaskThread "GC Thread#4" [stack: 0x000000d907f00000,0x000000d908000000] [id=19412]
  0x000002043cbfec70 GCTaskThread "GC Thread#5" [stack: 0x000000d908000000,0x000000d908100000] [id=32480]
  0x000002043cf8ee10 GCTaskThread "GC Thread#6" [stack: 0x000000d908100000,0x000000d908200000] [id=34368]
  0x000002043cf8f0d0 GCTaskThread "GC Thread#7" [stack: 0x000000d908200000,0x000000d908300000] [id=4544]
  0x000002043cf8f390 GCTaskThread "GC Thread#8" [stack: 0x000000d908300000,0x000000d908400000] [id=40904]
  0x000002043d144cc0 GCTaskThread "GC Thread#9" [stack: 0x000000d908500000,0x000000d908600000] [id=24348]
  0x000002041e9839e0 ConcurrentGCThread "G1 Main Marker" [stack: 0x000000d906700000,0x000000d906800000] [id=24980]
  0x000002041e984310 ConcurrentGCThread "G1 Conc#0" [stack: 0x000000d906800000,0x000000d906900000] [id=7052]
  0x000002043e0d7c70 ConcurrentGCThread "G1 Conc#1" [stack: 0x000000d908600000,0x000000d908700000] [id=20604]
  0x000002043e029f10 ConcurrentGCThread "G1 Conc#2" [stack: 0x000000d908700000,0x000000d908800000] [id=25072]
  0x000002041e9ce750 ConcurrentGCThread "G1 Refine#0" [stack: 0x000000d906900000,0x000000d906a00000] [id=36988]
  0x000002043caab4c0 ConcurrentGCThread "G1 Refine#1" [stack: 0x000000d908400000,0x000000d908500000] [id=9524]
  0x0000020437bf60e0 ConcurrentGCThread "G1 Service" [stack: 0x000000d906a00000,0x000000d906b00000] [id=32120]

Threads with active compile tasks:
C2 CompilerThread0     8715 2297   !   4       java.net.URL::<init> (543 bytes)
C2 CompilerThread1     8715 2270   !   4       org.gradle.internal.daemon.client.serialization.ClasspathInferer::find (383 bytes)

VM state: not at safepoint (normal execution)

VM Mutex/Monitor currently owned by a thread: None

Heap address: 0x000000008a000000, size: 1888 MB, Compressed Oops mode: 32-bit

CDS archive(s) not mapped
Compressed class space mapped at: 0x0000000100000000-0x0000000140000000, reserved size: 1073741824
Narrow klass base: 0x0000000000000000, Narrow klass shift: 3, Narrow klass range: 0x140000000

GC Precious Log:
 CPUs: 12 total, 12 available
 Memory: 7549M
 Large Page Support: Disabled
 NUMA Support: Disabled
 Compressed Oops: Enabled (32-bit)
 Heap Region Size: 1M
 Heap Min Capacity: 8M
 Heap Initial Capacity: 118M
 Heap Max Capacity: 1888M
 Pre-touch: Disabled
 Parallel Workers: 10
 Concurrent Workers: 3
 Concurrent Refinement Workers: 10
 Periodic GC: Disabled

Heap:
 garbage-first heap   total 75776K, used 40986K [0x000000008a000000, 0x0000000100000000)
  region size 1024K, 27 young (27648K), 6 survivors (6144K)
 Metaspace       used 23444K, committed 23680K, reserved 1114112K
  class space    used 3027K, committed 3136K, reserved 1048576K

Heap Regions: E=young(eden), S=young(survivor), O=old, HS=humongous(starts), HC=humongous(continues), CS=collection set, F=free, OA=open archive, CA=closed archive, TAMS=top-at-mark-start (previous, next)
|   0|0x000000008a000000, 0x000000008a100000, 0x000000008a100000|100%| O|  |TAMS 0x000000008a100000, 0x000000008a000000| Untracked 
|   1|0x000000008a100000, 0x000000008a200000, 0x000000008a200000|100%| O|  |TAMS 0x000000008a200000, 0x000000008a100000| Untracked 
|   2|0x000000008a200000, 0x000000008a300000, 0x000000008a300000|100%| O|  |TAMS 0x000000008a300000, 0x000000008a200000| Untracked 
|   3|0x000000008a300000, 0x000000008a400000, 0x000000008a400000|100%| O|  |TAMS 0x000000008a400000, 0x000000008a300000| Untracked 
|   4|0x000000008a400000, 0x000000008a500000, 0x000000008a500000|100%|HS|  |TAMS 0x000000008a500000, 0x000000008a400000| Complete 
|   5|0x000000008a500000, 0x000000008a600000, 0x000000008a600000|100%|HC|  |TAMS 0x000000008a600000, 0x000000008a500000| Complete 
|   6|0x000000008a600000, 0x000000008a700000, 0x000000008a700000|100%|HC|  |TAMS 0x000000008a700000, 0x000000008a600000| Complete 
|   7|0x000000008a700000, 0x000000008a800000, 0x000000008a800000|100%| O|  |TAMS 0x000000008a800000, 0x000000008a700000| Untracked 
|   8|0x000000008a800000, 0x000000008a900000, 0x000000008a900000|100%| O|  |TAMS 0x000000008a900000, 0x000000008a800000| Untracked 
|   9|0x000000008a900000, 0x000000008aa00000, 0x000000008aa00000|100%| O|  |TAMS 0x000000008aa00000, 0x000000008a900000| Untracked 
|  10|0x000000008aa00000, 0x000000008ab00000, 0x000000008ab00000|100%| O|  |TAMS 0x000000008ab00000, 0x000000008aa00000| Untracked 
|  11|0x000000008ab00000, 0x000000008ac00000, 0x000000008ac00000|100%| O|  |TAMS 0x000000008ac00000, 0x000000008ab00000| Untracked 
|  12|0x000000008ac00000, 0x000000008ad00000, 0x000000008ad00000|100%| O|  |TAMS 0x000000008ad00000, 0x000000008ac00000| Untracked 
|  13|0x000000008ad00000, 0x000000008ad7b200, 0x000000008ae00000| 48%| O|  |TAMS 0x000000008ad7b200, 0x000000008ad00000| Untracked 
|  14|0x000000008ae00000, 0x000000008af00000, 0x000000008af00000|100%|HS|  |TAMS 0x000000008af00000, 0x000000008ae00000| Complete 
|  15|0x000000008af00000, 0x000000008af00000, 0x000000008b000000|  0%| F|  |TAMS 0x000000008af00000, 0x000000008af00000| Untracked 
|  16|0x000000008b000000, 0x000000008b000000, 0x000000008b100000|  0%| F|  |TAMS 0x000000008b000000, 0x000000008b000000| Untracked 
|  17|0x000000008b100000, 0x000000008b100000, 0x000000008b200000|  0%| F|  |TAMS 0x000000008b100000, 0x000000008b100000| Untracked 
|  18|0x000000008b200000, 0x000000008b200000, 0x000000008b300000|  0%| F|  |TAMS 0x000000008b200000, 0x000000008b200000| Untracked 
|  19|0x000000008b300000, 0x000000008b300000, 0x000000008b400000|  0%| F|  |TAMS 0x000000008b300000, 0x000000008b300000| Untracked 
|  20|0x000000008b400000, 0x000000008b400000, 0x000000008b500000|  0%| F|  |TAMS 0x000000008b400000, 0x000000008b400000| Untracked 
|  21|0x000000008b500000, 0x000000008b500000, 0x000000008b600000|  0%| F|  |TAMS 0x000000008b500000, 0x000000008b500000| Untracked 
|  22|0x000000008b600000, 0x000000008b600000, 0x000000008b700000|  0%| F|  |TAMS 0x000000008b600000, 0x000000008b600000| Untracked 
|  23|0x000000008b700000, 0x000000008b700000, 0x000000008b800000|  0%| F|  |TAMS 0x000000008b700000, 0x000000008b700000| Untracked 
|  24|0x000000008b800000, 0x000000008b800000, 0x000000008b900000|  0%| F|  |TAMS 0x000000008b800000, 0x000000008b800000| Untracked 
|  25|0x000000008b900000, 0x000000008b900000, 0x000000008ba00000|  0%| F|  |TAMS 0x000000008b900000, 0x000000008b900000| Untracked 
|  26|0x000000008ba00000, 0x000000008ba00000, 0x000000008bb00000|  0%| F|  |TAMS 0x000000008ba00000, 0x000000008ba00000| Untracked 
|  27|0x000000008bb00000, 0x000000008bb00000, 0x000000008bc00000|  0%| F|  |TAMS 0x000000008bb00000, 0x000000008bb00000| Untracked 
|  28|0x000000008bc00000, 0x000000008bc00000, 0x000000008bd00000|  0%| F|  |TAMS 0x000000008bc00000, 0x000000008bc00000| Untracked 
|  29|0x000000008bd00000, 0x000000008bd00000, 0x000000008be00000|  0%| F|  |TAMS 0x000000008bd00000, 0x000000008bd00000| Untracked 
|  30|0x000000008be00000, 0x000000008be00000, 0x000000008bf00000|  0%| F|  |TAMS 0x000000008be00000, 0x000000008be00000| Untracked 
|  31|0x000000008bf00000, 0x000000008bf00000, 0x000000008c000000|  0%| F|  |TAMS 0x000000008bf00000, 0x000000008bf00000| Untracked 
|  32|0x000000008c000000, 0x000000008c000000, 0x000000008c100000|  0%| F|  |TAMS 0x000000008c000000, 0x000000008c000000| Untracked 
|  33|0x000000008c100000, 0x000000008c100000, 0x000000008c200000|  0%| F|  |TAMS 0x000000008c100000, 0x000000008c100000| Untracked 
|  34|0x000000008c200000, 0x000000008c200000, 0x000000008c300000|  0%| F|  |TAMS 0x000000008c200000, 0x000000008c200000| Untracked 
|  35|0x000000008c300000, 0x000000008c300000, 0x000000008c400000|  0%| F|  |TAMS 0x000000008c300000, 0x000000008c300000| Untracked 
|  36|0x000000008c400000, 0x000000008c400000, 0x000000008c500000|  0%| F|  |TAMS 0x000000008c400000, 0x000000008c400000| Untracked 
|  37|0x000000008c500000, 0x000000008c500000, 0x000000008c600000|  0%| F|  |TAMS 0x000000008c500000, 0x000000008c500000| Untracked 
|  38|0x000000008c600000, 0x000000008c600000, 0x000000008c700000|  0%| F|  |TAMS 0x000000008c600000, 0x000000008c600000| Untracked 
|  39|0x000000008c700000, 0x000000008c700000, 0x000000008c800000|  0%| F|  |TAMS 0x000000008c700000, 0x000000008c700000| Untracked 
|  40|0x000000008c800000, 0x000000008c800000, 0x000000008c900000|  0%| F|  |TAMS 0x000000008c800000, 0x000000008c800000| Untracked 
|  41|0x000000008c900000, 0x000000008c900000, 0x000000008ca00000|  0%| F|  |TAMS 0x000000008c900000, 0x000000008c900000| Untracked 
|  42|0x000000008ca00000, 0x000000008ca00000, 0x000000008cb00000|  0%| F|  |TAMS 0x000000008ca00000, 0x000000008ca00000| Untracked 
|  43|0x000000008cb00000, 0x000000008cb00000, 0x000000008cc00000|  0%| F|  |TAMS 0x000000008cb00000, 0x000000008cb00000| Untracked 
|  44|0x000000008cc00000, 0x000000008cc00000, 0x000000008cd00000|  0%| F|  |TAMS 0x000000008cc00000, 0x000000008cc00000| Untracked 
|  45|0x000000008cd00000, 0x000000008cd00000, 0x000000008ce00000|  0%| F|  |TAMS 0x000000008cd00000, 0x000000008cd00000| Untracked 
|  46|0x000000008ce00000, 0x000000008ce00000, 0x000000008cf00000|  0%| F|  |TAMS 0x000000008ce00000, 0x000000008ce00000| Untracked 
|  47|0x000000008cf00000, 0x000000008cfdd168, 0x000000008d000000| 86%| E|  |TAMS 0x000000008cf00000, 0x000000008cf00000| Complete 
|  48|0x000000008d000000, 0x000000008d100000, 0x000000008d100000|100%| E|CS|TAMS 0x000000008d000000, 0x000000008d000000| Complete 
|  49|0x000000008d100000, 0x000000008d200000, 0x000000008d200000|100%| E|CS|TAMS 0x000000008d100000, 0x000000008d100000| Complete 
|  50|0x000000008d200000, 0x000000008d300000, 0x000000008d300000|100%| E|CS|TAMS 0x000000008d200000, 0x000000008d200000| Complete 
|  51|0x000000008d300000, 0x000000008d400000, 0x000000008d400000|100%| E|CS|TAMS 0x000000008d300000, 0x000000008d300000| Complete 
|  52|0x000000008d400000, 0x000000008d500000, 0x000000008d500000|100%| E|CS|TAMS 0x000000008d400000, 0x000000008d400000| Complete 
|  53|0x000000008d500000, 0x000000008d600000, 0x000000008d600000|100%| E|CS|TAMS 0x000000008d500000, 0x000000008d500000| Complete 
|  54|0x000000008d600000, 0x000000008d700000, 0x000000008d700000|100%| E|CS|TAMS 0x000000008d600000, 0x000000008d600000| Complete 
|  55|0x000000008d700000, 0x000000008d800000, 0x000000008d800000|100%| E|CS|TAMS 0x000000008d700000, 0x000000008d700000| Complete 
|  56|0x000000008d800000, 0x000000008d900000, 0x000000008d900000|100%| E|CS|TAMS 0x000000008d800000, 0x000000008d800000| Complete 
|  57|0x000000008d900000, 0x000000008da00000, 0x000000008da00000|100%| E|CS|TAMS 0x000000008d900000, 0x000000008d900000| Complete 
|  58|0x000000008da00000, 0x000000008db00000, 0x000000008db00000|100%| E|CS|TAMS 0x000000008da00000, 0x000000008da00000| Complete 
|  59|0x000000008db00000, 0x000000008dc00000, 0x000000008dc00000|100%| E|CS|TAMS 0x000000008db00000, 0x000000008db00000| Complete 
|  60|0x000000008dc00000, 0x000000008dd00000, 0x000000008dd00000|100%| E|CS|TAMS 0x000000008dc00000, 0x000000008dc00000| Complete 
|  61|0x000000008dd00000, 0x000000008de00000, 0x000000008de00000|100%| E|CS|TAMS 0x000000008dd00000, 0x000000008dd00000| Complete 
|  62|0x000000008de00000, 0x000000008df00000, 0x000000008df00000|100%| E|CS|TAMS 0x000000008de00000, 0x000000008de00000| Complete 
|  63|0x000000008df00000, 0x000000008e000000, 0x000000008e000000|100%| E|CS|TAMS 0x000000008df00000, 0x000000008df00000| Complete 
|  64|0x000000008e000000, 0x000000008e100000, 0x000000008e100000|100%| E|CS|TAMS 0x000000008e000000, 0x000000008e000000| Complete 
|  65|0x000000008e100000, 0x000000008e200000, 0x000000008e200000|100%| E|CS|TAMS 0x000000008e100000, 0x000000008e100000| Complete 
|  66|0x000000008e200000, 0x000000008e300000, 0x000000008e300000|100%| E|CS|TAMS 0x000000008e200000, 0x000000008e200000| Complete 
|  71|0x000000008e700000, 0x000000008e78b6f0, 0x000000008e800000| 54%| S|CS|TAMS 0x000000008e700000, 0x000000008e700000| Complete 
|  72|0x000000008e800000, 0x000000008e900000, 0x000000008e900000|100%| S|CS|TAMS 0x000000008e800000, 0x000000008e800000| Complete 
|  73|0x000000008e900000, 0x000000008ea00000, 0x000000008ea00000|100%| S|CS|TAMS 0x000000008e900000, 0x000000008e900000| Complete 
|  74|0x000000008ea00000, 0x000000008eb00000, 0x000000008eb00000|100%| S|CS|TAMS 0x000000008ea00000, 0x000000008ea00000| Complete 
|  75|0x000000008eb00000, 0x000000008ec00000, 0x000000008ec00000|100%| S|CS|TAMS 0x000000008eb00000, 0x000000008eb00000| Complete 
|  76|0x000000008ec00000, 0x000000008ed00000, 0x000000008ed00000|100%| S|CS|TAMS 0x000000008ec00000, 0x000000008ec00000| Complete 
| 117|0x0000000091500000, 0x0000000091600000, 0x0000000091600000|100%| E|CS|TAMS 0x0000000091500000, 0x0000000091500000| Complete 

Card table byte_map: [0x0000020430ec0000,0x0000020431270000] _byte_map_base: 0x0000020430a70000

Marking Bits (Prev, Next): (CMBitMap*) 0x000002041e9744f0, (CMBitMap*) 0x000002041e9744b0
 Prev Bits: [0x00000204333a0000, 0x0000020435120000)
 Next Bits: [0x0000020431620000, 0x00000204333a0000)

Polling page: 0x000002041c7e0000

Metaspace:

Usage:
  Non-class:     19.94 MB used.
      Class:      2.96 MB used.
       Both:     22.90 MB used.

Virtual space:
  Non-class space:       64.00 MB reserved,      20.06 MB ( 31%) committed,  1 nodes.
      Class space:        1.00 GB reserved,       3.06 MB ( <1%) committed,  1 nodes.
             Both:        1.06 GB reserved,      23.12 MB (  2%) committed. 

Chunk freelists:
   Non-Class:  11.08 MB
       Class:  12.80 MB
        Both:  23.88 MB

MaxMetaspaceSize: unlimited
CompressedClassSpaceSize: 1.00 GB
Initial GC threshold: 21.00 MB
Current GC threshold: 35.12 MB
CDS: off
MetaspaceReclaimPolicy: balanced
 - commit_granule_bytes: 65536.
 - commit_granule_words: 8192.
 - virtual_space_node_default_size: 8388608.
 - enlarge_chunks_in_place: 1.
 - new_chunks_are_fully_committed: 0.
 - uncommit_free_chunks: 1.
 - use_allocation_guard: 0.
 - handle_deallocations: 1.


Internal statistics:

num_allocs_failed_limit: 3.
num_arena_births: 118.
num_arena_deaths: 0.
num_vsnodes_births: 2.
num_vsnodes_deaths: 0.
num_space_committed: 370.
num_space_uncommitted: 0.
num_chunks_returned_to_freelist: 3.
num_chunks_taken_from_freelist: 636.
num_chunk_merges: 3.
num_chunk_splits: 409.
num_chunks_enlarged: 303.
num_inconsistent_stats: 0.

CodeHeap 'non-profiled nmethods': size=120000Kb used=1229Kb max_used=1229Kb free=118770Kb
 bounds [0x0000020429080000, 0x00000204292f0000, 0x00000204305b0000]
CodeHeap 'profiled nmethods': size=120000Kb used=4680Kb max_used=4680Kb free=115320Kb
 bounds [0x00000204215b0000, 0x0000020421a50000, 0x0000020428ae0000]
CodeHeap 'non-nmethods': size=5760Kb used=1188Kb max_used=1239Kb free=4571Kb
 bounds [0x0000020428ae0000, 0x0000020428d50000, 0x0000020429080000]
 total_blobs=2780 nmethods=2297 adapters=395
 compilation: enabled
              stopped_count=0, restarted_count=0
 full_count=0

Compilation events (20 events):
Event: 5.587 Thread 0x0000020437db0070 2287   !   3       sun.net.www.protocol.jar.JarURLConnection::connect (196 bytes)
Event: 5.587 Thread 0x0000020437daf760 nmethod 2285 0x00000204291b2310 code [0x00000204291b24c0, 0x00000204291b2750]
Event: 5.589 Thread 0x0000020437db0070 nmethod 2287 0x0000020421a37b10 code [0x0000020421a37e40, 0x0000020421a38fe8]
Event: 5.589 Thread 0x0000020437db0070 2289       3       java.util.zip.ZipEntry::<init> (172 bytes)
Event: 5.589 Thread 0x0000020437db0070 nmethod 2289 0x0000020421a39510 code [0x0000020421a396e0, 0x0000020421a39c88]
Event: 5.589 Thread 0x0000020437db0070 2290   !   3       sun.net.www.protocol.jar.JarURLConnection$JarURLInputStream::close (51 bytes)
Event: 5.589 Thread 0x0000020437db0070 nmethod 2290 0x0000020421a39e10 code [0x0000020421a3a020, 0x0000020421a3a708]
Event: 5.589 Thread 0x0000020437db0070 2288   !   3       sun.net.www.protocol.jar.JarFileFactory::getOrCreate (91 bytes)
Event: 5.590 Thread 0x0000020437db0070 nmethod 2288 0x0000020421a3aa10 code [0x0000020421a3ac60, 0x0000020421a3b378]
Event: 5.598 Thread 0x0000020437daf760 2291 %     4       java.lang.StringLatin1::compareTo @ 10 (52 bytes)
Event: 5.601 Thread 0x0000020437db0070 2292       3       sun.net.www.protocol.jar.URLJarFile::<init> (32 bytes)
Event: 5.602 Thread 0x0000020437db0070 nmethod 2292 0x0000020421a3b690 code [0x0000020421a3b860, 0x0000020421a3bb48]
Event: 5.604 Thread 0x0000020437daf760 nmethod 2291% 0x00000204291b2a10 code [0x00000204291b2ba0, 0x00000204291b2f18]
Event: 5.617 Thread 0x0000020437db0070 2293       3       org.objectweb.asm.ClassReader::readUTF8 (23 bytes)
Event: 5.617 Thread 0x0000020437db0070 nmethod 2293 0x0000020421a3bc90 code [0x0000020421a3be40, 0x0000020421a3c078]
Event: 5.632 Thread 0x0000020437db0070 2294       3       com.google.common.io.ByteStreams::combineBuffers (92 bytes)
Event: 5.633 Thread 0x0000020437db0070 nmethod 2294 0x0000020421a3c190 code [0x0000020421a3c3c0, 0x0000020421a3cc88]
Event: 5.635 Thread 0x0000020437daf760 2295       4       java.lang.Integer::numberOfLeadingZeros (79 bytes)
Event: 5.635 Thread 0x0000020437daf760 nmethod 2295 0x00000204291b3090 code [0x00000204291b3200, 0x00000204291b32b8]
Event: 6.657 Thread 0x0000020437daf760 2296       4       java.security.CodeSource::getCertificates (98 bytes)

GC Heap History (8 events):
Event: 1.666 GC heap before
{Heap before GC invocations=0 (full 0):
 garbage-first heap   total 120832K, used 22528K [0x000000008a000000, 0x0000000100000000)
  region size 1024K, 23 young (23552K), 0 survivors (0K)
 Metaspace       used 14294K, committed 14400K, reserved 1114112K
  class space    used 1556K, committed 1600K, reserved 1048576K
}
Event: 1.676 GC heap after
{Heap after GC invocations=1 (full 0):
 garbage-first heap   total 120832K, used 6404K [0x000000008a000000, 0x0000000100000000)
  region size 1024K, 3 young (3072K), 3 survivors (3072K)
 Metaspace       used 14294K, committed 14400K, reserved 1114112K
  class space    used 1556K, committed 1600K, reserved 1048576K
}
Event: 2.878 GC heap before
{Heap before GC invocations=1 (full 0):
 garbage-first heap   total 120832K, used 33028K [0x000000008a000000, 0x0000000100000000)
  region size 1024K, 27 young (27648K), 3 survivors (3072K)
 Metaspace       used 16991K, committed 17216K, reserved 1114112K
  class space    used 1969K, committed 2112K, reserved 1048576K
}
Event: 2.885 GC heap after
{Heap after GC invocations=2 (full 0):
 garbage-first heap   total 120832K, used 13575K [0x000000008a000000, 0x0000000100000000)
  region size 1024K, 4 young (4096K), 4 survivors (4096K)
 Metaspace       used 16991K, committed 17216K, reserved 1114112K
  class space    used 1969K, committed 2112K, reserved 1048576K
}
Event: 3.492 GC heap before
{Heap before GC invocations=2 (full 0):
 garbage-first heap   total 120832K, used 49415K [0x000000008a000000, 0x0000000100000000)
  region size 1024K, 39 young (39936K), 4 survivors (4096K)
 Metaspace       used 17096K, committed 17344K, reserved 1114112K
  class space    used 1970K, committed 2112K, reserved 1048576K
}
Event: 3.496 GC heap after
{Heap after GC invocations=3 (full 0):
 garbage-first heap   total 120832K, used 14816K [0x000000008a000000, 0x0000000100000000)
  region size 1024K, 1 young (1024K), 1 survivors (1024K)
 Metaspace       used 17096K, committed 17344K, reserved 1114112K
  class space    used 1970K, committed 2112K, reserved 1048576K
}
Event: 4.714 GC heap before
{Heap before GC invocations=3 (full 0):
 garbage-first heap   total 120832K, used 56800K [0x000000008a000000, 0x0000000100000000)
  region size 1024K, 41 young (41984K), 1 survivors (1024K)
 Metaspace       used 21308K, committed 21504K, reserved 1114112K
  class space    used 2676K, committed 2816K, reserved 1048576K
}
Event: 4.722 GC heap after
{Heap after GC invocations=4 (full 0):
 garbage-first heap   total 120832K, used 20506K [0x000000008a000000, 0x0000000100000000)
  region size 1024K, 6 young (6144K), 6 survivors (6144K)
 Metaspace       used 21308K, committed 21504K, reserved 1114112K
  class space    used 2676K, committed 2816K, reserved 1048576K
}

Dll operation events (9 events):
Event: 0.023 Loaded shared library C:\Users\maitr\.windsurf\extensions\redhat.java-1.38.0-win32-x64\jre\17.0.13-win32-x86_64\bin\java.dll
Event: 0.260 Loaded shared library C:\Users\maitr\.windsurf\extensions\redhat.java-1.38.0-win32-x64\jre\17.0.13-win32-x86_64\bin\net.dll
Event: 0.265 Loaded shared library C:\Users\maitr\.windsurf\extensions\redhat.java-1.38.0-win32-x64\jre\17.0.13-win32-x86_64\bin\nio.dll
Event: 0.277 Loaded shared library C:\Users\maitr\.windsurf\extensions\redhat.java-1.38.0-win32-x64\jre\17.0.13-win32-x86_64\bin\zip.dll
Event: 0.410 Loaded shared library C:\Users\maitr\.windsurf\extensions\redhat.java-1.38.0-win32-x64\jre\17.0.13-win32-x86_64\bin\jimage.dll
Event: 1.254 Loaded shared library C:\Users\maitr\.windsurf\extensions\redhat.java-1.38.0-win32-x64\jre\17.0.13-win32-x86_64\bin\verify.dll
Event: 2.268 Loaded shared library C:\Users\maitr\.gradle\native\c067742578af261105cb4f569cf0c3c89f3d7b1fecec35dd04571415982c5e48\windows-amd64\native-platform.dll
Event: 4.605 Loaded shared library C:\Users\maitr\.windsurf\extensions\redhat.java-1.38.0-win32-x64\jre\17.0.13-win32-x86_64\bin\management.dll
Event: 4.613 Loaded shared library C:\Users\maitr\.windsurf\extensions\redhat.java-1.38.0-win32-x64\jre\17.0.13-win32-x86_64\bin\management_ext.dll

Deoptimization events (20 events):
Event: 4.784 Thread 0x000002043c6ac050 DEOPT PACKING pc=0x000002042910c520 sp=0x000000d9079feae0
Event: 4.784 Thread 0x000002043c6ac050 DEOPT UNPACKING pc=0x0000020428b369a3 sp=0x000000d9079fea60 mode 2
Event: 4.926 Thread 0x000002043d6d3820 DEOPT PACKING pc=0x00000204219dc113 sp=0x000000d9088fd810
Event: 4.926 Thread 0x000002043d6d3820 DEOPT UNPACKING pc=0x0000020428b37143 sp=0x000000d9088fcd30 mode 0
Event: 5.001 Thread 0x000002043d6d3820 DEOPT PACKING pc=0x00000204219dc113 sp=0x000000d9088fd0f0
Event: 5.001 Thread 0x000002043d6d3820 DEOPT UNPACKING pc=0x0000020428b37143 sp=0x000000d9088fc610 mode 0
Event: 5.104 Thread 0x000002043d6d3820 Uncommon trap: trap_request=0xffffff45 fr.pc=0x00000204291825cc relative=0x000000000000112c
Event: 5.104 Thread 0x000002043d6d3820 Uncommon trap: reason=unstable_if action=reinterpret pc=0x00000204291825cc method=jdk.internal.jimage.ImageStringsReader.stringFromByteBufferMatches(Ljava/nio/ByteBuffer;ILjava/lang/String;I)I @ 48 c2
Event: 5.104 Thread 0x000002043d6d3820 DEOPT PACKING pc=0x00000204291825cc sp=0x000000d9088fd340
Event: 5.104 Thread 0x000002043d6d3820 DEOPT UNPACKING pc=0x0000020428b369a3 sp=0x000000d9088fd098 mode 2
Event: 5.127 Thread 0x000002043d6d3820 DEOPT PACKING pc=0x00000204219dc113 sp=0x000000d9088fd180
Event: 5.127 Thread 0x000002043d6d3820 DEOPT UNPACKING pc=0x0000020428b37143 sp=0x000000d9088fc6a0 mode 0
Event: 5.233 Thread 0x000002043d6d3820 DEOPT PACKING pc=0x00000204219dc113 sp=0x000000d9088fc640
Event: 5.233 Thread 0x000002043d6d3820 DEOPT UNPACKING pc=0x0000020428b37143 sp=0x000000d9088fbb60 mode 0
Event: 5.323 Thread 0x000002043d6d3820 DEOPT PACKING pc=0x00000204219dc113 sp=0x000000d9088fb920
Event: 5.323 Thread 0x000002043d6d3820 DEOPT UNPACKING pc=0x0000020428b37143 sp=0x000000d9088fae40 mode 0
Event: 5.397 Thread 0x000002043d6d3820 DEOPT PACKING pc=0x00000204219dc113 sp=0x000000d9088fa510
Event: 5.397 Thread 0x000002043d6d3820 DEOPT UNPACKING pc=0x0000020428b37143 sp=0x000000d9088f9a30 mode 0
Event: 5.584 Thread 0x000002043d6d3820 DEOPT PACKING pc=0x00000204219bdfb8 sp=0x000000d9088fa120
Event: 5.584 Thread 0x000002043d6d3820 DEOPT UNPACKING pc=0x0000020428b37143 sp=0x000000d9088f9628 mode 0

Classes loaded (20 events):
Event: 4.870 Loading class java/io/ObjectStreamClass$Caches$2
Event: 4.870 Loading class java/io/ObjectStreamClass$Caches$2 done
Event: 4.870 Loading class java/io/Externalizable
Event: 4.870 Loading class java/io/Externalizable done
Event: 4.870 Loading class java/io/ObjectStreamClass$2
Event: 4.870 Loading class java/io/ObjectStreamClass$2 done
Event: 4.871 Loading class jdk/internal/reflect/SerializationConstructorAccessorImpl
Event: 4.871 Loading class jdk/internal/reflect/SerializationConstructorAccessorImpl done
Event: 4.873 Loading class java/io/ClassCache$CacheRef
Event: 4.873 Loading class java/io/ClassCache$CacheRef done
Event: 4.873 Loading class java/io/ObjectStreamClass$FieldReflectorKey
Event: 4.873 Loading class java/io/ObjectStreamClass$FieldReflectorKey done
Event: 4.873 Loading class java/io/ObjectStreamClass$FieldReflector
Event: 4.873 Loading class java/io/ObjectStreamClass$FieldReflector done
Event: 5.191 Loading class java/util/PriorityQueue
Event: 5.192 Loading class java/util/PriorityQueue done
Event: 5.416 Loading class java/util/OptionalLong
Event: 5.416 Loading class java/util/OptionalLong done
Event: 5.416 Loading class java/util/OptionalDouble
Event: 5.416 Loading class java/util/OptionalDouble done

Classes unloaded (0 events):
No events

Classes redefined (0 events):
No events

Internal exceptions (20 events):
Event: 1.455 Thread 0x000002043c931c60 Exception <a 'java/lang/NoSuchMethodError'{0x000000009035dd78}: 'void java.lang.invoke.DirectMethodHandle$Holder.invokeInterface(java.lang.Object, java.lang.Object, java.lang.Object)'> (0x000000009035dd78) 
thrown [s\src\hotspot\share\interpreter\linkResolver.cpp, line 759]
Event: 2.202 Thread 0x000002043c931c60 Exception <a 'java/lang/NoSuchMethodError'{0x0000000090c53648}: 'java.lang.Object java.lang.invoke.Invokers$Holder.invoker(java.lang.Object, java.lang.Object, java.lang.Object)'> (0x0000000090c53648) 
thrown [s\src\hotspot\share\interpreter\linkResolver.cpp, line 759]
Event: 2.204 Thread 0x000002043c931c60 Exception <a 'java/lang/NoSuchMethodError'{0x0000000090c9f268}: 'java.lang.Object java.lang.invoke.DirectMethodHandle$Holder.invokeStatic(java.lang.Object, java.lang.Object, int)'> (0x0000000090c9f268) 
thrown [s\src\hotspot\share\interpreter\linkResolver.cpp, line 759]
Event: 2.209 Thread 0x000002043c931c60 Exception <a 'java/lang/NoSuchMethodError'{0x0000000090caaf58}: 'void java.lang.invoke.DelegatingMethodHandle$Holder.delegate(java.lang.Object, java.lang.Object, int, java.lang.Object)'> (0x0000000090caaf58) 
thrown [s\src\hotspot\share\interpreter\linkResolver.cpp, line 759]
Event: 2.210 Thread 0x000002043c931c60 Exception <a 'java/lang/NoSuchMethodError'{0x0000000090caf438}: 'int java.lang.invoke.DirectMethodHandle$Holder.invokeSpecial(java.lang.Object, java.lang.Object, java.lang.Object)'> (0x0000000090caf438) 
thrown [s\src\hotspot\share\interpreter\linkResolver.cpp, line 759]
Event: 2.217 Thread 0x000002043c931c60 Exception <a 'java/lang/NoSuchMethodError'{0x0000000090cbf368}: 'java.lang.Object java.lang.invoke.Invokers$Holder.invokeExact_MT(java.lang.Object, java.lang.Object, java.lang.Object, java.lang.Object)'> (0x0000000090cbf368) 
thrown [s\src\hotspot\share\interpreter\linkResolver.cpp, line 759]
Event: 2.235 Thread 0x000002043c931c60 Exception <a 'java/lang/NoSuchMethodError'{0x0000000090ceb080}: 'java.lang.Object java.lang.invoke.DirectMethodHandle$Holder.invokeVirtual(java.lang.Object, java.lang.Object, java.lang.Object)'> (0x0000000090ceb080) 
thrown [s\src\hotspot\share\interpreter\linkResolver.cpp, line 759]
Event: 2.462 Thread 0x000002043c931c60 Exception <a 'java/lang/NoSuchMethodError'{0x00000000908b64d0}: 'int java.lang.invoke.DirectMethodHandle$Holder.invokeStaticInit(java.lang.Object, java.lang.Object)'> (0x00000000908b64d0) 
thrown [s\src\hotspot\share\interpreter\linkResolver.cpp, line 759]
Event: 4.204 Thread 0x000002043c931c60 Exception <a 'java/lang/NoSuchMethodError'{0x000000008f9a8d90}: 'void java.lang.invoke.DirectMethodHandle$Holder.invokeStatic(java.lang.Object, java.lang.Object)'> (0x000000008f9a8d90) 
thrown [s\src\hotspot\share\interpreter\linkResolver.cpp, line 759]
Event: 4.292 Thread 0x000002043c931c60 Exception <a 'java/lang/NoClassDefFoundError'{0x000000008f674eb8}: org/slf4j/impl/StaticMarkerBinder> (0x000000008f674eb8) 
thrown [s\src\hotspot\share\classfile\systemDictionary.cpp, line 245]
Event: 4.314 Thread 0x000002043c931c60 Exception <a 'java/lang/NoSuchMethodError'{0x000000008f51f420}: 'java.lang.Object java.lang.invoke.DirectMethodHandle$Holder.invokeSpecialIFC(java.lang.Object, java.lang.Object, java.lang.Object, java.lang.Object)'> (0x000000008f51f420) 
thrown [s\src\hotspot\share\interpreter\linkResolver.cpp, line 759]
Event: 4.399 Thread 0x000002043c931c60 Exception <a 'java/lang/NoSuchMethodError'{0x000000008f3bab98}: 'java.lang.Object java.lang.invoke.DirectMethodHandle$Holder.invokeStaticInit(java.lang.Object, int, int, int, int)'> (0x000000008f3bab98) 
thrown [s\src\hotspot\share\interpreter\linkResolver.cpp, line 759]
Event: 4.498 Thread 0x000002043c931c60 Exception <a 'java/lang/NoSuchMethodError'{0x000000008f23ac78}: 'java.lang.Object java.lang.invoke.DirectMethodHandle$Holder.invokeStaticInit(java.lang.Object, java.lang.Object, int, int, int, int)'> (0x000000008f23ac78) 
thrown [s\src\hotspot\share\interpreter\linkResolver.cpp, line 759]
Event: 4.600 Thread 0x000002043c931c60 Exception <a 'java/lang/NoSuchMethodError'{0x000000008f1e9680}: 'java.lang.Object java.lang.invoke.DirectMethodHandle$Holder.invokeStaticInit(java.lang.Object)'> (0x000000008f1e9680) 
thrown [s\src\hotspot\share\interpreter\linkResolver.cpp, line 759]
Event: 4.631 Thread 0x000002043c931c60 Implicit null exception at 0x00000204290fe1ec to 0x00000204290fe3d8
Event: 4.631 Thread 0x000002043c931c60 Implicit null exception at 0x00000204290c8a6c to 0x00000204290c8c58
Event: 4.631 Thread 0x000002043c931c60 Implicit null exception at 0x00000204290fde8f to 0x00000204290fdf05
Event: 4.676 Thread 0x000002043c931c60 Exception <a 'java/lang/NoSuchMethodError'{0x000000008ef53a70}: 'int java.lang.invoke.DirectMethodHandle$Holder.invokeVirtual(java.lang.Object, java.lang.Object, java.lang.Object)'> (0x000000008ef53a70) 
thrown [s\src\hotspot\share\interpreter\linkResolver.cpp, line 759]
Event: 4.790 Thread 0x000002043c6ac050 Exception <a 'java/lang/NoSuchMethodError'{0x000000008e249dc8}: 'java.lang.Object java.lang.invoke.DirectMethodHandle$Holder.invokeInterface(java.lang.Object, java.lang.Object)'> (0x000000008e249dc8) 
thrown [s\src\hotspot\share\interpreter\linkResolver.cpp, line 759]
Event: 4.814 Thread 0x000002043c893ca0 Exception <a 'java/lang/NoSuchMethodError'{0x000000008e2816c0}: 'void java.lang.invoke.DirectMethodHandle$Holder.invokeVirtual(java.lang.Object, java.lang.Object)'> (0x000000008e2816c0) 
thrown [s\src\hotspot\share\interpreter\linkResolver.cpp, line 759]

VM Operations (20 events):
Event: 3.492 Executing VM operation: G1CollectForAllocation
Event: 3.496 Executing VM operation: G1CollectForAllocation done
Event: 4.154 Executing VM operation: HandshakeAllThreads
Event: 4.154 Executing VM operation: HandshakeAllThreads done
Event: 4.326 Executing VM operation: HandshakeAllThreads
Event: 4.326 Executing VM operation: HandshakeAllThreads done
Event: 4.490 Executing VM operation: HandshakeAllThreads
Event: 4.490 Executing VM operation: HandshakeAllThreads done
Event: 4.713 Executing VM operation: CollectForMetadataAllocation
Event: 4.722 Executing VM operation: CollectForMetadataAllocation done
Event: 4.730 Executing VM operation: G1PauseRemark
Event: 4.733 Executing VM operation: G1PauseRemark done
Event: 4.735 Executing VM operation: G1PauseCleanup
Event: 4.739 Executing VM operation: G1PauseCleanup done
Event: 4.859 Executing VM operation: HandshakeAllThreads
Event: 4.859 Executing VM operation: HandshakeAllThreads done
Event: 4.868 Executing VM operation: HandshakeAllThreads
Event: 4.868 Executing VM operation: HandshakeAllThreads done
Event: 5.875 Executing VM operation: Cleanup
Event: 5.875 Executing VM operation: Cleanup done

Memory protections (0 events):
No events

Nmethod flushes (0 events):
No events

Events (20 events):
Event: 0.119 Thread 0x000002041e91b220 Thread added: 0x000002043c03ee10
Event: 0.119 Thread 0x000002041e91b220 Thread added: 0x000002043c0424a0
Event: 0.119 Thread 0x000002041e91b220 Thread added: 0x0000020437daeb60
Event: 0.119 Thread 0x000002041e91b220 Thread added: 0x0000020437daf760
Event: 0.119 Thread 0x000002041e91b220 Thread added: 0x0000020437db0070
Event: 0.119 Thread 0x000002041e91b220 Thread added: 0x0000020437db13a0
Event: 0.238 Thread 0x000002041e91b220 Thread added: 0x000002043c1dff00
Event: 0.244 Thread 0x000002041e91b220 Thread added: 0x000002043c1fc830
Event: 0.617 Thread 0x0000020437db0070 Thread added: 0x000002043c3caa60
Event: 0.781 Thread 0x000002043c3caa60 Thread exited: 0x000002043c3caa60
Event: 0.921 Thread 0x000002041e91b220 Thread added: 0x000002043c893ca0
Event: 0.923 Thread 0x000002041e91b220 Thread exited: 0x000002041e91b220
Event: 0.923 Thread 0x000002041e91b220 Thread added: 0x000002041e91b220
Event: 1.046 Thread 0x000002043c893ca0 Thread added: 0x000002043c6ac050
Event: 1.378 Thread 0x000002043c6ac050 Thread added: 0x000002043c931c60
Event: 1.379 Thread 0x000002043c6ac050 Thread added: 0x000002043c932830
Event: 4.782 Thread 0x000002043c931c60 Thread exited: 0x000002043c931c60
Event: 4.794 Thread 0x0000020437db0070 Thread added: 0x000002043c8f8320
Event: 4.857 Thread 0x000002043c6ac050 Thread added: 0x000002043d6d3820
Event: 4.857 Thread 0x000002043c6ac050 Thread added: 0x000002043d6d0070


Dynamic libraries:
0x00007ff756e00000 - 0x00007ff756e0e000 	C:\Users\maitr\.windsurf\extensions\redhat.java-1.38.0-win32-x64\jre\17.0.13-win32-x86_64\bin\java.exe
0x00007ffb7da80000 - 0x00007ffb7dce3000 	C:\WINDOWS\SYSTEM32\ntdll.dll
0x00007ffb7cef0000 - 0x00007ffb7cfb8000 	C:\WINDOWS\System32\KERNEL32.DLL
0x00007ffb7b080000 - 0x00007ffb7b432000 	C:\WINDOWS\System32\KERNELBASE.dll
0x00007ffb7b790000 - 0x00007ffb7b8db000 	C:\WINDOWS\System32\ucrtbase.dll
0x00007ffb4cc30000 - 0x00007ffb4cc4e000 	C:\Users\maitr\.windsurf\extensions\redhat.java-1.38.0-win32-x64\jre\17.0.13-win32-x86_64\bin\VCRUNTIME140.dll
0x00007ffb4cfc0000 - 0x00007ffb4cfd7000 	C:\Users\maitr\.windsurf\extensions\redhat.java-1.38.0-win32-x64\jre\17.0.13-win32-x86_64\bin\jli.dll
0x00007ffb7ba60000 - 0x00007ffb7bc28000 	C:\WINDOWS\System32\USER32.dll
0x00007ffb7b610000 - 0x00007ffb7b637000 	C:\WINDOWS\System32\win32u.dll
0x00007ffb7d4d0000 - 0x00007ffb7d4fa000 	C:\WINDOWS\System32\GDI32.dll
0x00007ffb7b4e0000 - 0x00007ffb7b60b000 	C:\WINDOWS\System32\gdi32full.dll
0x00007ffb7afd0000 - 0x00007ffb7b073000 	C:\WINDOWS\System32\msvcp_win.dll
0x00007ffb6ad40000 - 0x00007ffb6afd0000 	C:\WINDOWS\WinSxS\amd64_microsoft.windows.common-controls_6595b64144ccf1df_6.0.26100.2454_none_3e0b68a2e331ad60\COMCTL32.dll
0x00007ffb7d990000 - 0x00007ffb7da39000 	C:\WINDOWS\System32\msvcrt.dll
0x00007ffb7b8e0000 - 0x00007ffb7b90f000 	C:\WINDOWS\System32\IMM32.DLL
0x00007ffb69780000 - 0x00007ffb6978c000 	C:\Users\maitr\.windsurf\extensions\redhat.java-1.38.0-win32-x64\jre\17.0.13-win32-x86_64\bin\vcruntime140_1.dll
0x00007ffb298b0000 - 0x00007ffb2993d000 	C:\Users\maitr\.windsurf\extensions\redhat.java-1.38.0-win32-x64\jre\17.0.13-win32-x86_64\bin\msvcp140.dll
0x00007ffaec620000 - 0x00007ffaed28b000 	C:\Users\maitr\.windsurf\extensions\redhat.java-1.38.0-win32-x64\jre\17.0.13-win32-x86_64\bin\server\jvm.dll
0x00007ffb7d0e0000 - 0x00007ffb7d194000 	C:\WINDOWS\System32\ADVAPI32.dll
0x00007ffb7d340000 - 0x00007ffb7d3e6000 	C:\WINDOWS\System32\sechost.dll
0x00007ffb7c7d0000 - 0x00007ffb7c8e6000 	C:\WINDOWS\System32\RPCRT4.dll
0x00007ffb7c8f0000 - 0x00007ffb7c964000 	C:\WINDOWS\System32\WS2_32.dll
0x00007ffb79b20000 - 0x00007ffb79b6e000 	C:\WINDOWS\SYSTEM32\POWRPROF.dll
0x00007ffb72440000 - 0x00007ffb7244b000 	C:\WINDOWS\SYSTEM32\VERSION.dll
0x00007ffb714a0000 - 0x00007ffb714d6000 	C:\WINDOWS\SYSTEM32\WINMM.dll
0x00007ffb79b00000 - 0x00007ffb79b14000 	C:\WINDOWS\SYSTEM32\UMPDC.dll
0x00007ffb79da0000 - 0x00007ffb79dba000 	C:\WINDOWS\SYSTEM32\kernel.appcore.dll
0x00007ffb684a0000 - 0x00007ffb684aa000 	C:\Users\maitr\.windsurf\extensions\redhat.java-1.38.0-win32-x64\jre\17.0.13-win32-x86_64\bin\jimage.dll
0x00007ffb78940000 - 0x00007ffb78b81000 	C:\WINDOWS\SYSTEM32\DBGHELP.DLL
0x00007ffb7cb10000 - 0x00007ffb7ce8e000 	C:\WINDOWS\System32\combase.dll
0x00007ffb7d3f0000 - 0x00007ffb7d4c6000 	C:\WINDOWS\System32\OLEAUT32.dll
0x00007ffb62f20000 - 0x00007ffb62f59000 	C:\WINDOWS\SYSTEM32\dbgcore.DLL
0x00007ffb7b440000 - 0x00007ffb7b4d9000 	C:\WINDOWS\System32\bcryptPrimitives.dll
0x00007ffb4b700000 - 0x00007ffb4b725000 	C:\Users\maitr\.windsurf\extensions\redhat.java-1.38.0-win32-x64\jre\17.0.13-win32-x86_64\bin\java.dll
0x00007ffb4b6e0000 - 0x00007ffb4b6f8000 	C:\Users\maitr\.windsurf\extensions\redhat.java-1.38.0-win32-x64\jre\17.0.13-win32-x86_64\bin\zip.dll
0x00007ffb7c0c0000 - 0x00007ffb7c7c0000 	C:\WINDOWS\System32\SHELL32.dll
0x00007ffb78bc0000 - 0x00007ffb793f1000 	C:\WINDOWS\SYSTEM32\windows.storage.dll
0x00007ffb7d500000 - 0x00007ffb7d5da000 	C:\WINDOWS\System32\SHCORE.dll
0x00007ffb7d1a0000 - 0x00007ffb7d1fd000 	C:\WINDOWS\System32\shlwapi.dll
0x00007ffb7ad60000 - 0x00007ffb7ad8e000 	C:\WINDOWS\SYSTEM32\profapi.dll
0x00007ffb4a610000 - 0x00007ffb4a629000 	C:\Users\maitr\.windsurf\extensions\redhat.java-1.38.0-win32-x64\jre\17.0.13-win32-x86_64\bin\net.dll
0x00007ffb75800000 - 0x00007ffb75926000 	C:\WINDOWS\SYSTEM32\WINHTTP.dll
0x00007ffb7a2a0000 - 0x00007ffb7a308000 	C:\WINDOWS\system32\mswsock.dll
0x00007ffb4a5f0000 - 0x00007ffb4a606000 	C:\Users\maitr\.windsurf\extensions\redhat.java-1.38.0-win32-x64\jre\17.0.13-win32-x86_64\bin\nio.dll
0x00007ffb67720000 - 0x00007ffb67730000 	C:\Users\maitr\.windsurf\extensions\redhat.java-1.38.0-win32-x64\jre\17.0.13-win32-x86_64\bin\verify.dll
0x00007ffb3ca40000 - 0x00007ffb3ca67000 	C:\Users\maitr\.gradle\native\c067742578af261105cb4f569cf0c3c89f3d7b1fecec35dd04571415982c5e48\windows-amd64\native-platform.dll
0x00007ffb7a550000 - 0x00007ffb7a56c000 	C:\WINDOWS\SYSTEM32\CRYPTSP.dll
0x00007ffb79d00000 - 0x00007ffb79d38000 	C:\WINDOWS\system32\rsaenh.dll
0x00007ffb7a340000 - 0x00007ffb7a36b000 	C:\WINDOWS\SYSTEM32\USERENV.dll
0x00007ffb7a780000 - 0x00007ffb7a7a6000 	C:\WINDOWS\SYSTEM32\bcrypt.dll
0x00007ffb7a540000 - 0x00007ffb7a54c000 	C:\WINDOWS\SYSTEM32\CRYPTBASE.dll
0x00007ffb797b0000 - 0x00007ffb797e2000 	C:\WINDOWS\SYSTEM32\IPHLPAPI.DLL
0x00007ffb7ba50000 - 0x00007ffb7ba5a000 	C:\WINDOWS\System32\NSI.dll
0x00007ffb754d0000 - 0x00007ffb754ee000 	C:\WINDOWS\SYSTEM32\dhcpcsvc6.DLL
0x00007ffb75940000 - 0x00007ffb75965000 	C:\WINDOWS\SYSTEM32\dhcpcsvc.DLL
0x00007ffb79850000 - 0x00007ffb79975000 	C:\WINDOWS\SYSTEM32\DNSAPI.dll
0x00007ffb65780000 - 0x00007ffb6578a000 	C:\Users\maitr\.windsurf\extensions\redhat.java-1.38.0-win32-x64\jre\17.0.13-win32-x86_64\bin\management.dll
0x00007ffb65770000 - 0x00007ffb6577b000 	C:\Users\maitr\.windsurf\extensions\redhat.java-1.38.0-win32-x64\jre\17.0.13-win32-x86_64\bin\management_ext.dll
0x00007ffb7cfc0000 - 0x00007ffb7cfc8000 	C:\WINDOWS\System32\PSAPI.DLL

dbghelp: loaded successfully - version: 4.0.5 - missing functions: none
symbol engine: initialized successfully - sym options: 0x614 - pdb path: .;C:\Users\maitr\.windsurf\extensions\redhat.java-1.38.0-win32-x64\jre\17.0.13-win32-x86_64\bin;C:\WINDOWS\SYSTEM32;C:\WINDOWS\WinSxS\amd64_microsoft.windows.common-controls_6595b64144ccf1df_6.0.26100.2454_none_3e0b68a2e331ad60;C:\Users\maitr\.windsurf\extensions\redhat.java-1.38.0-win32-x64\jre\17.0.13-win32-x86_64\bin\server;C:\Users\maitr\.gradle\native\c067742578af261105cb4f569cf0c3c89f3d7b1fecec35dd04571415982c5e48\windows-amd64

VM Arguments:
jvm_args: --add-opens=java.base/java.lang=ALL-UNNAMED --add-opens=java.base/java.io=ALL-UNNAMED --add-opens=java.base/java.util=ALL-UNNAMED -Dplugin.dir=C:\Users\maitr\.windsurf\extensions\redhat.java-1.38.0-win32-x64\server\..\..\vscjava.vscode-gradle-3.15.0-universal\server\plugins 
java_command: com.microsoft.java.bs.core.Launcher
java_class_path (initial): C:\Users\maitr\.windsurf\extensions\redhat.java-1.38.0-win32-x64\server\..\..\vscjava.vscode-gradle-3.15.0-universal\server\server.jar;C:\Users\maitr\.windsurf\extensions\redhat.java-1.38.0-win32-x64\server\..\..\vscjava.vscode-gradle-3.15.0-universal\server\runtime\bsp4j-2.1.0-M4.jar;C:\Users\maitr\.windsurf\extensions\redhat.java-1.38.0-win32-x64\server\..\..\vscjava.vscode-gradle-3.15.0-universal\server\runtime\checker-qual-3.5.0.jar;C:\Users\maitr\.windsurf\extensions\redhat.java-1.38.0-win32-x64\server\..\..\vscjava.vscode-gradle-3.15.0-universal\server\runtime\commons-lang3-3.13.0.jar;C:\Users\maitr\.windsurf\extensions\redhat.java-1.38.0-win32-x64\server\..\..\vscjava.vscode-gradle-3.15.0-universal\server\runtime\error_prone_annotations-2.3.4.jar;C:\Users\maitr\.windsurf\extensions\redhat.java-1.38.0-win32-x64\server\..\..\vscjava.vscode-gradle-3.15.0-universal\server\runtime\failureaccess-1.0.1.jar;C:\Users\maitr\.windsurf\extensions\redhat.java-1.38.0-win32-x64\server\..\..\vscjava.vscode-gradle-3.15.0-universal\server\runtime\gradle-tooling-api-8.8.jar;C:\Users\maitr\.windsurf\extensions\redhat.java-1.38.0-win32-x64\server\..\..\vscjava.vscode-gradle-3.15.0-universal\server\runtime\gson-2.9.1.jar;C:\Users\maitr\.windsurf\extensions\redhat.java-1.38.0-win32-x64\server\..\..\vscjava.vscode-gradle-3.15.0-universal\server\runtime\guava-30.1-jre.jar;C:\Users\maitr\.windsurf\extensions\redhat.java-1.38.0-win32-x64\server\..\..\vscjava.vscode-gradle-3.15.0-universal\server\runtime\j2objc-annotations-1.3.jar;C:\Users\maitr\.windsurf\extensions\redhat.java-1.38.0-win32-x64\server\..\..\vscjava.vscode-gradle-3.15.0-universal\server\runtime\jsr305-3.0.2.jar;C:\Users\maitr\.windsurf\extensions\redhat.java-1.38.0-win32-x64\server\..\..\vscjava.vscode-gradle-3.15.0-universal\server\runtime\listenablefuture-9999.0-empty-to-avoid-conflict-with-guava.jar;C:\Users\maitr\.windsurf\extensions\redhat.java-1.38.0-win32-x64\server\..\..\vscjava.vscod
Launcher Type: SUN_STANDARD

[Global flags]
     intx CICompilerCount                          = 4                                         {product} {ergonomic}
     uint ConcGCThreads                            = 3                                         {product} {ergonomic}
     uint G1ConcRefinementThreads                  = 10                                        {product} {ergonomic}
   size_t G1HeapRegionSize                         = 1048576                                   {product} {ergonomic}
    uintx GCDrainStackTargetSize                   = 64                                        {product} {ergonomic}
   size_t InitialHeapSize                          = 123731968                                 {product} {ergonomic}
   size_t MarkStackSize                            = 4194304                                   {product} {ergonomic}
   size_t MaxHeapSize                              = 1979711488                                {product} {ergonomic}
   size_t MaxNewSize                               = 1186988032                                {product} {ergonomic}
   size_t MinHeapDeltaBytes                        = 1048576                                   {product} {ergonomic}
   size_t MinHeapSize                              = 8388608                                   {product} {ergonomic}
    uintx NonNMethodCodeHeapSize                   = 5839372                                {pd product} {ergonomic}
    uintx NonProfiledCodeHeapSize                  = 122909434                              {pd product} {ergonomic}
    uintx ProfiledCodeHeapSize                     = 122909434                              {pd product} {ergonomic}
    uintx ReservedCodeCacheSize                    = 251658240                              {pd product} {ergonomic}
     bool SegmentedCodeCache                       = true                                      {product} {ergonomic}
   size_t SoftMaxHeapSize                          = 1979711488                             {manageable} {ergonomic}
     bool UseCompressedClassPointers               = true                           {product lp64_product} {ergonomic}
     bool UseCompressedOops                        = true                           {product lp64_product} {ergonomic}
     bool UseG1GC                                  = true                                      {product} {ergonomic}
     bool UseLargePagesIndividualAllocation        = false                                  {pd product} {ergonomic}

Logging:
Log output configuration:
 #0: stdout all=warning uptime,level,tags
 #1: stderr all=off uptime,level,tags

Environment Variables:
PATH=C:\Program Files\Common Files\Oracle\Java\javapath;C:\Program Files (x86)\Common Files\Oracle\Java\javapath;C:\Program Files\Microsoft\jdk-11.0.16.101-hotspot\bin;C:\Windows\system32;C:\Windows;C:\Windows\System32\Wbem;C:\Windows\System32\WindowsPowerShell\v1.0\;C:\Windows\System32\OpenSSH\;C:\Program Files (x86)\NVIDIA Corporation\PhysX\Common;C:\Program Files\NVIDIA Corporation\NVIDIA NvDLISR;C:\WINDOWS\system32;C:\WINDOWS;C:\WINDOWS\System32\Wbem;C:\WINDOWS\System32\WindowsPowerShell\v1.0\;C:\WINDOWS\System32\OpenSSH\;C:\Program Files\Microsoft SQL Server\150\Tools\Binn\;C:\Program Files\Microsoft SQL Server\Client SDK\ODBC\170\Tools\Binn\;C:\Program Files\dotnet\;C:\Program Files\Microsoft SQL Server\120\Tools\Binn\;C:\Program Files\Microsoft SQL Server\Client SDK\ODBC\110\Tools\Binn\;C:\Program Files (x86)\Microsoft SQL Server\120\Tools\Binn\;C:\Program Files\Microsoft SQL Server\120\DTS\Binn\;C:\Program Files (x86)\Microsoft SQL Server\120\Tools\Binn\ManagementStudio\;C:\Program Files (x86)\Microsoft SQL Server\120\DTS\Binn\;C:\Program Files\Git\cmd;C:\Program Files\Cloudflare\Cloudflare WARP\;C:\Program Files\MySQL\MySQL Shell 8.0\bin\;C:\Users\maitr\AppData\Local\Microsoft\WindowsApps;C:\Users\maitr\AppData\Local\Programs\Microsoft VS Code\bin;C:\Users\maitr\.dotnet\tools;C:\Users\maitr\AppData\Local\GitHubDesktop\bin;C:\Program Files\JetBrains\IntelliJ IDEA 2024.2.4\bin;;C:\Users\maitr\AppData\Local\Programs\Windsurf\bin
USERNAME=maitr
OS=Windows_NT
PROCESSOR_IDENTIFIER=AMD64 Family 23 Model 96 Stepping 1, AuthenticAMD
TMP=C:\Users\maitr\AppData\Local\Temp
TEMP=C:\Users\maitr\AppData\Local\Temp



Periodic native trim disabled


---------------  S Y S T E M  ---------------

OS:
 Windows 11 , 64 bit Build 26100 (10.0.26100.2454)
OS uptime: 13 days 3:24 hours

CPU: total 12 (initial active 12) (12 cores per cpu, 2 threads per core) family 23 model 96 stepping 1 microcode 0x8600103, cx8, cmov, fxsr, ht, mmx, 3dnowpref, sse, sse2, sse3, ssse3, sse4a, sse4.1, sse4.2, popcnt, lzcnt, tsc, tscinvbit, avx, avx2, aes, clmul, bmi1, bmi2, adx, sha, fma, vzeroupper, clflush, clflushopt
Processor Information for all 12 processors :
  Max Mhz: 3000, Current Mhz: 3000, Mhz Limit: 3000

Memory: 4k page, system-wide physical 7549M (308M free)
TotalPageFile size 31101M (AvailPageFile size 4M)
current process WorkingSet (physical memory assigned to process): 142M, peak: 147M
current process commit charge ("private bytes"): 216M, peak: 249M

vm_info: OpenJDK 64-Bit Server VM (17.0.13+11) for windows-amd64 JRE (17.0.13+11), built on Oct 16 2024 00:10:08 by "admin" with MS VC++ 17.7 (VS2022)

END.
